<?xml version="1.0" encoding="UTF-8"?>
<!-- Generated by org.testng.reporters.JUnitXMLReporter -->
<testsuite ignored="0" hostname="RanjaniHeartlaptop" failures="0" tests="23" name="Surefire test" time="0.134" errors="0" timestamp="2026-01-23T16:39:56 EST">
  <testcase classname="suite.ArraysListTest" name="@BeforeClass setUp" time="0.023">
    <failure type="java.lang.NullPointerException" message="Cannot invoke &amp;quot;String.toLowerCase()&amp;quot; because &amp;quot;browser&amp;quot; is null">
      <![CDATA[java.lang.NullPointerException: Cannot invoke "String.toLowerCase()" because "browser" is null
at driver.DriverFactory.createDriver(DriverFactory.java:30)
at driver.DriverFactory.getDriver(DriverFactory.java:22)
at suite.ArraysListTest.setUp(ArraysListTest.java:33)
at java.base/java.util.ArrayList.forEach(ArrayList.java:1604)
... Removed 28 stack frames]]>
    </failure>
  </testcase> <!-- @BeforeClass setUp -->
  <testcase classname="suite.ArraysListTest" name="@AfterClass tearDown" time="0.0">
    <skipped/>
  </testcase> <!-- @AfterClass tearDown -->
  <testcase classname="suite.GraphListTest" name="@BeforeClass setUp" time="0.001">
    <failure type="java.lang.NullPointerException" message="Cannot invoke &amp;quot;String.toLowerCase()&amp;quot; because &amp;quot;browser&amp;quot; is null">
      <![CDATA[java.lang.NullPointerException: Cannot invoke "String.toLowerCase()" because "browser" is null
at driver.DriverFactory.createDriver(DriverFactory.java:30)
at driver.DriverFactory.getDriver(DriverFactory.java:22)
at suite.GraphListTest.setUp(GraphListTest.java:33)
at java.base/java.util.ArrayList.forEach(ArrayList.java:1604)
... Removed 28 stack frames]]>
    </failure>
  </testcase> <!-- @BeforeClass setUp -->
  <testcase classname="suite.GraphListTest" name="@AfterClass tearDown" time="0.0">
    <skipped/>
  </testcase> <!-- @AfterClass tearDown -->
  <testcase classname="suite.LoginTest" name="@BeforeClass setUp" time="0.001">
    <failure type="java.lang.NullPointerException" message="Cannot invoke &amp;quot;String.toLowerCase()&amp;quot; because &amp;quot;browser&amp;quot; is null">
      <![CDATA[java.lang.NullPointerException: Cannot invoke "String.toLowerCase()" because "browser" is null
at driver.DriverFactory.createDriver(DriverFactory.java:30)
at driver.DriverFactory.getDriver(DriverFactory.java:22)
at suite.LoginTest.setUp(LoginTest.java:22)
at java.base/java.util.ArrayList.forEach(ArrayList.java:1604)
... Removed 28 stack frames]]>
    </failure>
  </testcase> <!-- @BeforeClass setUp -->
  <testcase classname="suite.LoginTest" name="@AfterClass tearDown" time="0.0">
    <skipped/>
  </testcase> <!-- @AfterClass tearDown -->
  <testcase classname="suite.ArraysListTest" name="userLoginToDsAlgo" time="0.0">
    <skipped/>
  </testcase> <!-- userLoginToDsAlgo -->
  <testcase classname="suite.ArraysListTest" name="clickGetStartedArrayPanel" time="0.0">
    <skipped/>
  </testcase> <!-- clickGetStartedArrayPanel -->
  <testcase classname="suite.ArraysListTest" name="verifyArrayPageNavigation" time="0.0">
    <skipped/>
  </testcase> <!-- verifyArrayPageNavigation -->
  <testcase classname="suite.ArraysListTest" name="clickArraysInPythonLink" time="0.0">
    <skipped/>
  </testcase> <!-- clickArraysInPythonLink -->
  <testcase classname="suite.ArraysListTest" name="clickTryHereButton" time="0.0">
    <skipped/>
  </testcase> <!-- clickTryHereButton -->
  <testcase classname="suite.ArraysListTest" name="runInvalidCodeAndVerifyAlert" time="0.0">
    <skipped/>
  </testcase> <!-- runInvalidCodeAndVerifyAlert -->
  <testcase classname="suite.ArraysListTest" name="runValidCodeAndVerifyOutput" time="0.0">
    <skipped/>
  </testcase> <!-- runValidCodeAndVerifyOutput -->
  <testcase classname="suite.ArraysListTest" name="runCodeUsingDataDriven" time="0.0">
    <skipped/>
  </testcase> <!-- runCodeUsingDataDriven -->
  <testcase classname="suite.GraphListTest" name="loginToDsAlgo" time="0.0">
    <skipped/>
  </testcase> <!-- loginToDsAlgo -->
  <testcase classname="suite.GraphListTest" name="navigateToGraphSection" time="0.001">
    <skipped/>
  </testcase> <!-- navigateToGraphSection -->
  <testcase classname="suite.GraphListTest" name="openGraphTopicPage" time="0.0">
    <skipped/>
  </testcase> <!-- openGraphTopicPage -->
  <testcase classname="suite.GraphListTest" name="openGraphTopicTryEditor" time="0.0">
    <skipped/>
  </testcase> <!-- openGraphTopicTryEditor -->
  <testcase classname="suite.GraphListTest" name="runInvalidGraphTopicCode" time="0.0">
    <skipped/>
  </testcase> <!-- runInvalidGraphTopicCode -->
  <testcase classname="suite.GraphListTest" name="openGraphRepresentationsPage" time="0.0">
    <skipped/>
  </testcase> <!-- openGraphRepresentationsPage -->
  <testcase classname="suite.GraphListTest" name="openGraphRepresentationsTryEditor" time="0.0">
    <skipped/>
  </testcase> <!-- openGraphRepresentationsTryEditor -->
  <testcase classname="suite.GraphListTest" name="runInvalidGraphRepresentationsCode" time="0.0">
    <skipped/>
  </testcase> <!-- runInvalidGraphRepresentationsCode -->
  <testcase classname="suite.GraphListTest" name="runValidGraphCodeUsingDataDriven" time="0.0">
    <skipped/>
  </testcase> <!-- runValidGraphCodeUsingDataDriven -->
  <testcase classname="suite.LoginTest" name="navigateToLoginPage" time="0.0">
    <skipped/>
  </testcase> <!-- navigateToLoginPage -->
  <testcase classname="suite.LoginTest" name="loginWithEmptyCredentials" time="0.0">
    <skipped/>
  </testcase> <!-- loginWithEmptyCredentials -->
  <testcase classname="suite.LoginTest" name="loginWithInvalidCredentials" time="0.0">
    <skipped/>
  </testcase> <!-- loginWithInvalidCredentials -->
  <testcase classname="suite.LoginTest" name="loginWithValidCredentials" time="0.0">
    <skipped/>
  </testcase> <!-- loginWithValidCredentials -->
  <testcase classname="suite.LoginTest" name="loginUsingExcelData" time="0.0">
    <skipped/>
  </testcase> <!-- loginUsingExcelData -->
  <testcase classname="suite.LoginTest" name="captureScreenshotAfterLogin" time="0.0">
    <skipped/>
  </testcase> <!-- captureScreenshotAfterLogin -->
</testsuite> <!-- Surefire test -->
