<?xml version="1.0" encoding="UTF-8"?>
<!-- Generated by org.testng.reporters.JUnitXMLReporter -->
<testsuite ignored="8" hostname="RanjaniHeartlaptop" failures="0" tests="2" name="Default test" time="15.681" errors="0" timestamp="2026-03-11T15:53:31 EDT">
  <testcase classname="suite.GraphListTest" name="navigateToGraphSection" time="4.49"/>
  <testcase classname="suite.GraphListTest" name="navigateToGraphSection" time="3.145"/>
  <testcase classname="suite.GraphListTest" name="openGraphTopicTryEditor" time="0.0">
    <ignored/>
  </testcase> <!-- openGraphTopicTryEditor -->
  <testcase classname="suite.GraphListTest" name="LoginToDsAlgo" time="0.0">
    <ignored/>
  </testcase> <!-- LoginToDsAlgo -->
  <testcase classname="suite.GraphListTest" name="runInvalidGraphRepresentationsCode" time="0.0">
    <ignored/>
  </testcase> <!-- runInvalidGraphRepresentationsCode -->
  <testcase classname="suite.GraphListTest" name="openGraphRepresentationsPage" time="0.0">
    <ignored/>
  </testcase> <!-- openGraphRepresentationsPage -->
  <testcase classname="suite.GraphListTest" name="openGraphRepresentationsTryEditor" time="0.0">
    <ignored/>
  </testcase> <!-- openGraphRepresentationsTryEditor -->
  <testcase classname="suite.GraphListTest" name="runInvalidGraphTopicCode" time="0.0">
    <ignored/>
  </testcase> <!-- runInvalidGraphTopicCode -->
  <testcase classname="suite.GraphListTest" name="openGraphTopicPage" time="0.0">
    <ignored/>
  </testcase> <!-- openGraphTopicPage -->
  <testcase classname="suite.GraphListTest" name="runValidGraphCodeUsingDataDriven" time="0.0">
    <ignored/>
  </testcase> <!-- runValidGraphCodeUsingDataDriven -->
</testsuite> <!-- Default test -->
