<?xml version="1.0" encoding="UTF-8"?>
<!-- Generated by org.testng.reporters.JUnitXMLReporter -->
<testsuite ignored="0" hostname="RanjaniHeartlaptop" failures="4" tests="81" name="ChromeTests" time="360.983" errors="0" timestamp="2026-03-11T11:40:02 EDT">
  <testcase classname="suite.RegisterDataTest" name="verifyRegister" time="4.165"/>
  <testcase classname="suite.RegisterDataTest" name="verifyRegister" time="1.329"/>
  <testcase classname="suite.RegisterDataTest" name="verifyRegister" time="1.435"/>
  <testcase classname="suite.RegisterDataTest" name="verifyRegister" time="1.123"/>
  <testcase classname="suite.RegisterDataTest" name="verifyRegister" time="1.439"/>
  <testcase classname="suite.RegisterDataTest" name="verifyRegister" time="1.582"/>
  <testcase classname="suite.RegisterDataTest" name="verifyRegister" time="1.492">
    <skipped/>
  </testcase> <!-- verifyRegister -->
  <testcase classname="suite.RegisterDataTest" name="verifyRegister" time="2.018">
    <failure type="java.lang.AssertionError" message="Expected alert: [New Account Created.] but got: [password_mismatch:The two password fields didn’t match.] expected [true] but found [false]">
      <![CDATA[java.lang.AssertionError: Expected alert: [New Account Created.] but got: [password_mismatch:The two password fields didn’t match.] expected [true] but found [false]
at suite.RegisterDataTest.verifyRegister(RegisterDataTest.java:64)
at java.base/java.util.ArrayList.forEach(ArrayList.java:1511)
at java.base/java.util.concurrent.FutureTask.run(FutureTask.java:264)
at java.base/java.util.concurrent.ThreadPoolExecutor.runWorker(ThreadPoolExecutor.java:1136)
at java.base/java.util.concurrent.ThreadPoolExecutor$Worker.run(ThreadPoolExecutor.java:635)
at java.base/java.lang.Thread.run(Thread.java:840)
... Removed 20 stack frames]]>
    </failure>
  </testcase> <!-- verifyRegister -->
  <testcase classname="suite.LaunchPageTest" name="verifyLaunchPageTitle" time="0.014"/>
  <testcase classname="suite.HomePageTest" name="verifyNavigationToHomePage" time="0.623"/>
  <testcase classname="suite.LoginPageTest" name="verifyLogin" time="1.616"/>
  <testcase classname="suite.LoginPageTest" name="verifyLogin" time="1.546"/>
  <testcase classname="suite.LoginPageTest" name="verifyLogin" time="1.407"/>
  <testcase classname="suite.LoginPageTest" name="verifyLogin" time="1.309"/>
  <testcase classname="suite.LoginPageTest" name="verifyLogin" time="1.324"/>
  <testcase classname="suite.LoginPageTest" name="verifyLogin" time="1.655"/>
  <testcase classname="suite.ArraysListTest" name="LoginToDsAlgo" time="1.573"/>
  <testcase classname="suite.GraphListTest" name="LoginToDsAlgo" time="1.776"/>
  <testcase classname="suite.LinkedListTest" name="LoginToDsAlgo" time="2.247"/>
  <testcase classname="suite.StacklistTest" name="LoginToDsAlgo" time="1.615"/>
  <testcase classname="suite.LaunchPageTest" name="verifyGetStartedButtonAndNavigation" time="0.545"/>
  <testcase classname="suite.HomePageTest" name="verifyDropdownModules" time="0.879"/>
  <testcase classname="suite.ArraysListTest" name="clickGetStartedArrayPanel" time="2.18"/>
  <testcase classname="suite.GraphListTest" name="navigateToGraphSection" time="2.095"/>
  <testcase classname="suite.LinkedListTest" name="clickGetStartedLinkedListPanel" time="2.019"/>
  <testcase classname="suite.StacklistTest" name="clickGetStartedStackPanel" time="2.199"/>
  <testcase classname="suite.HomePageTest" name="verifyWarningMessageForModules" time="1.342"/>
  <testcase classname="suite.HomePageTest" name="verifyWarningMessageForModules" time="1.345"/>
  <testcase classname="suite.HomePageTest" name="verifyWarningMessageForModules" time="1.138"/>
  <testcase classname="suite.HomePageTest" name="verifyWarningMessageForModules" time="1.072"/>
  <testcase classname="suite.HomePageTest" name="verifyWarningMessageForModules" time="1.125"/>
  <testcase classname="suite.HomePageTest" name="verifyWarningMessageForModules" time="1.445"/>
  <testcase classname="suite.ArraysListTest" name="verifyArrayPageNavigation" time="1.859"/>
  <testcase classname="suite.GraphListTest" name="openGraphTopicPage" time="2.451"/>
  <testcase classname="suite.LinkedListTest" name="verifyLinkedListPageNavigation" time="2.166"/>
  <testcase classname="suite.StacklistTest" name="verifyStackPageNavigation" time="1.795"/>
  <testcase classname="suite.HomePageTest" name="verifyWarningMessageForModulesGetstarted" time="1.146"/>
  <testcase classname="suite.HomePageTest" name="verifyWarningMessageForModulesGetstarted" time="1.127"/>
  <testcase classname="suite.HomePageTest" name="verifyWarningMessageForModulesGetstarted" time="1.138"/>
  <testcase classname="suite.HomePageTest" name="verifyWarningMessageForModulesGetstarted" time="1.131"/>
  <testcase classname="suite.HomePageTest" name="verifyWarningMessageForModulesGetstarted" time="1.178"/>
  <testcase classname="suite.HomePageTest" name="verifyWarningMessageForModulesGetstarted" time="1.179"/>
  <testcase classname="suite.ArraysListTest" name="clickArraysInPythonLink" time="2.725"/>
  <testcase classname="suite.GraphListTest" name="openGraphTopicTryEditor" time="3.155"/>
  <testcase classname="suite.LinkedListTest" name="clickIntroductionLink" time="2.43"/>
  <testcase classname="suite.StacklistTest" name="verifyStackPageLoadTime" time="1.794"/>
  <testcase classname="suite.ArraysListTest" name="clickTryHereButton" time="3.111">
    <skipped/>
  </testcase> <!-- clickTryHereButton -->
  <testcase classname="suite.ArraysListTest" name="clickTryHereButton" time="3.003">
    <failure type="org.openqa.selenium.NoSuchElementException" message="no such element: Unable to locate element: {&amp;quot;method&amp;quot;:&amp;quot;xpath&amp;quot;,&amp;quot;selector&amp;quot;:&amp;quot;//a[@href=&amp;apos;/tryEditor&amp;apos;]&amp;quot;}
  (Session info: chrome=145.0.7632.160)
For documentation on this error, please visit: https://www.selenium.dev/documentation/webdriver/troubleshooting/errors#nosuchelementexception
Build info: version: &amp;apos;4.38.0&amp;apos;, revision: &amp;apos;6b412e825c*&amp;apos;
System info: os.name: &amp;apos;Windows 11&amp;apos;, os.arch: &amp;apos;amd64&amp;apos;, os.version: &amp;apos;10.0&amp;apos;, java.version: &amp;apos;17.0.16&amp;apos;
Driver info: org.openqa.selenium.chrome.ChromeDriver
Command: [9af3459344d48e3219aeed8b80b19d15, findElement {using=xpath, value=//a[@href=&amp;apos;/tryEditor&amp;apos;]}]
Capabilities {acceptInsecureCerts: false, browserName: chrome, browserVersion: 145.0.7632.160, chrome: {chromedriverVersion: 145.0.7632.117 (de4e5d6e13b..., userDataDir: C:\Users\HAPPYF~1\AppData\L...}, fedcm:accounts: true, goog:chromeOptions: {debuggerAddress: localhost:61710}, goog:processID: 21460, networkConnectionEnabled: false, pageLoadStrategy: normal, platformName: windows, proxy: Proxy(), se:cdp: ws://localhost:61710/devtoo..., se:cdpVersion: 145.0.7632.160, setWindowRect: true, strictFileInteractability: false, timeouts: {implicit: 0, pageLoad: 300000, script: 30000}, unhandledPromptBehavior: dismiss and notify, webauthn:extension:credBlob: true, webauthn:extension:largeBlob: true, webauthn:extension:minPinLength: true, webauthn:extension:prf: true, webauthn:virtualAuthenticators: true}
Session ID: 9af3459344d48e3219aeed8b80b19d15">
      <![CDATA[org.openqa.selenium.NoSuchElementException: no such element: Unable to locate element: {"method":"xpath","selector":"//a[@href='/tryEditor']"}
  (Session info: chrome=145.0.7632.160)
For documentation on this error, please visit: https://www.selenium.dev/documentation/webdriver/troubleshooting/errors#nosuchelementexception
Build info: version: '4.38.0', revision: '6b412e825c*'
System info: os.name: 'Windows 11', os.arch: 'amd64', os.version: '10.0', java.version: '17.0.16'
Driver info: org.openqa.selenium.chrome.ChromeDriver
Command: [9af3459344d48e3219aeed8b80b19d15, findElement {using=xpath, value=//a[@href='/tryEditor']}]
Capabilities {acceptInsecureCerts: false, browserName: chrome, browserVersion: 145.0.7632.160, chrome: {chromedriverVersion: 145.0.7632.117 (de4e5d6e13b..., userDataDir: C:\Users\HAPPYF~1\AppData\L...}, fedcm:accounts: true, goog:chromeOptions: {debuggerAddress: localhost:61710}, goog:processID: 21460, networkConnectionEnabled: false, pageLoadStrategy: normal, platformName: windows, proxy: Proxy(), se:cdp: ws://localhost:61710/devtoo..., se:cdpVersion: 145.0.7632.160, setWindowRect: true, strictFileInteractability: false, timeouts: {implicit: 0, pageLoad: 300000, script: 30000}, unhandledPromptBehavior: dismiss and notify, webauthn:extension:credBlob: true, webauthn:extension:largeBlob: true, webauthn:extension:minPinLength: true, webauthn:extension:prf: true, webauthn:virtualAuthenticators: true}
Session ID: 9af3459344d48e3219aeed8b80b19d15
at org.openqa.selenium.remote.ErrorCodec.decode(ErrorCodec.java:167)
at org.openqa.selenium.remote.codec.w3c.W3CHttpResponseCodec.decode(W3CHttpResponseCodec.java:138)
at org.openqa.selenium.remote.codec.w3c.W3CHttpResponseCodec.decode(W3CHttpResponseCodec.java:50)
at org.openqa.selenium.remote.HttpCommandExecutor.execute(HttpCommandExecutor.java:215)
at org.openqa.selenium.remote.service.DriverCommandExecutor.invokeExecute(DriverCommandExecutor.java:216)
at org.openqa.selenium.remote.service.DriverCommandExecutor.execute(DriverCommandExecutor.java:174)
at org.openqa.selenium.remote.RemoteWebDriver.execute(RemoteWebDriver.java:557)
at org.openqa.selenium.remote.ElementLocation$ElementFinder$2.findElement(ElementLocation.java:165)
at org.openqa.selenium.remote.ElementLocation.findElement(ElementLocation.java:59)
at org.openqa.selenium.remote.RemoteWebDriver.findElement(RemoteWebDriver.java:380)
at org.openqa.selenium.remote.RemoteWebDriver.findElement(RemoteWebDriver.java:374)
at org.openqa.selenium.support.pagefactory.DefaultElementLocator.findElement(DefaultElementLocator.java:68)
at org.openqa.selenium.support.pagefactory.internal.LocatingElementHandler.invoke(LocatingElementHandler.java:38)
at jdk.proxy2/jdk.proxy2.$Proxy24.click(Unknown Source)
at pageObjects.ArrayListPage.clickTryHere(ArrayListPage.java:79)
at suite.ArraysListTest.clickTryHereButton(ArraysListTest.java:106)
at java.base/java.util.ArrayList.forEach(ArrayList.java:1511)
at java.base/java.util.concurrent.FutureTask.run(FutureTask.java:264)
at java.base/java.util.concurrent.ThreadPoolExecutor.runWorker(ThreadPoolExecutor.java:1136)
at java.base/java.util.concurrent.ThreadPoolExecutor$Worker.run(ThreadPoolExecutor.java:635)
at java.base/java.lang.Thread.run(Thread.java:840)
... Removed 21 stack frames]]>
    </failure>
  </testcase> <!-- clickTryHereButton -->
  <testcase classname="suite.GraphListTest" name="runInvalidGraphTopicCode" time="3.069"/>
  <testcase classname="suite.StacklistTest" name="verifyStackPageHTTPS" time="1.955"/>
  <testcase classname="suite.ArraysListTest" name="runInvalidCodeAndVerifyAlert" time="3.071"/>
  <testcase classname="suite.GraphListTest" name="openGraphRepresentationsPage" time="2.123"/>
  <testcase classname="suite.LinkedListTest" name="runInvalidCodeAndVerifyAlert" time="3.089"/>
  <testcase classname="suite.StacklistTest" name="verifyStackMainLinksVisible" time="2.026">
    <skipped/>
  </testcase> <!-- verifyStackMainLinksVisible -->
  <testcase classname="suite.StacklistTest" name="verifyStackMainLinksVisible" time="1.673">
    <failure type="org.openqa.selenium.NoSuchElementException" message="no such element: Unable to locate element: {&amp;quot;method&amp;quot;:&amp;quot;xpath&amp;quot;,&amp;quot;selector&amp;quot;:&amp;quot;//p[text()=&amp;apos;Implementation&amp;apos;]&amp;quot;}
  (Session info: chrome=145.0.7632.160)
For documentation on this error, please visit: https://www.selenium.dev/documentation/webdriver/troubleshooting/errors#nosuchelementexception
Build info: version: &amp;apos;4.38.0&amp;apos;, revision: &amp;apos;6b412e825c*&amp;apos;
System info: os.name: &amp;apos;Windows 11&amp;apos;, os.arch: &amp;apos;amd64&amp;apos;, os.version: &amp;apos;10.0&amp;apos;, java.version: &amp;apos;17.0.16&amp;apos;
Driver info: org.openqa.selenium.chrome.ChromeDriver
Command: [cbf8812502fd6250aeef7b0d915f2754, findElement {using=xpath, value=//p[text()=&amp;apos;Implementation&amp;apos;]}]
Capabilities {acceptInsecureCerts: false, browserName: chrome, browserVersion: 145.0.7632.160, chrome: {chromedriverVersion: 145.0.7632.117 (de4e5d6e13b..., userDataDir: C:\Users\HAPPYF~1\AppData\L...}, fedcm:accounts: true, goog:chromeOptions: {debuggerAddress: localhost:54391}, goog:processID: 34444, networkConnectionEnabled: false, pageLoadStrategy: normal, platformName: windows, proxy: Proxy(), se:cdp: ws://localhost:54391/devtoo..., se:cdpVersion: 145.0.7632.160, setWindowRect: true, strictFileInteractability: false, timeouts: {implicit: 0, pageLoad: 300000, script: 30000}, unhandledPromptBehavior: dismiss and notify, webauthn:extension:credBlob: true, webauthn:extension:largeBlob: true, webauthn:extension:minPinLength: true, webauthn:extension:prf: true, webauthn:virtualAuthenticators: true}
Session ID: cbf8812502fd6250aeef7b0d915f2754">
      <![CDATA[org.openqa.selenium.NoSuchElementException: no such element: Unable to locate element: {"method":"xpath","selector":"//p[text()='Implementation']"}
  (Session info: chrome=145.0.7632.160)
For documentation on this error, please visit: https://www.selenium.dev/documentation/webdriver/troubleshooting/errors#nosuchelementexception
Build info: version: '4.38.0', revision: '6b412e825c*'
System info: os.name: 'Windows 11', os.arch: 'amd64', os.version: '10.0', java.version: '17.0.16'
Driver info: org.openqa.selenium.chrome.ChromeDriver
Command: [cbf8812502fd6250aeef7b0d915f2754, findElement {using=xpath, value=//p[text()='Implementation']}]
Capabilities {acceptInsecureCerts: false, browserName: chrome, browserVersion: 145.0.7632.160, chrome: {chromedriverVersion: 145.0.7632.117 (de4e5d6e13b..., userDataDir: C:\Users\HAPPYF~1\AppData\L...}, fedcm:accounts: true, goog:chromeOptions: {debuggerAddress: localhost:54391}, goog:processID: 34444, networkConnectionEnabled: false, pageLoadStrategy: normal, platformName: windows, proxy: Proxy(), se:cdp: ws://localhost:54391/devtoo..., se:cdpVersion: 145.0.7632.160, setWindowRect: true, strictFileInteractability: false, timeouts: {implicit: 0, pageLoad: 300000, script: 30000}, unhandledPromptBehavior: dismiss and notify, webauthn:extension:credBlob: true, webauthn:extension:largeBlob: true, webauthn:extension:minPinLength: true, webauthn:extension:prf: true, webauthn:virtualAuthenticators: true}
Session ID: cbf8812502fd6250aeef7b0d915f2754
at org.openqa.selenium.remote.ErrorCodec.decode(ErrorCodec.java:167)
at org.openqa.selenium.remote.codec.w3c.W3CHttpResponseCodec.decode(W3CHttpResponseCodec.java:138)
at org.openqa.selenium.remote.codec.w3c.W3CHttpResponseCodec.decode(W3CHttpResponseCodec.java:50)
at org.openqa.selenium.remote.HttpCommandExecutor.execute(HttpCommandExecutor.java:215)
at org.openqa.selenium.remote.service.DriverCommandExecutor.invokeExecute(DriverCommandExecutor.java:216)
at org.openqa.selenium.remote.service.DriverCommandExecutor.execute(DriverCommandExecutor.java:174)
at org.openqa.selenium.remote.RemoteWebDriver.execute(RemoteWebDriver.java:557)
at org.openqa.selenium.remote.ElementLocation$ElementFinder$2.findElement(ElementLocation.java:165)
at org.openqa.selenium.remote.ElementLocation.findElement(ElementLocation.java:59)
at org.openqa.selenium.remote.RemoteWebDriver.findElement(RemoteWebDriver.java:380)
at org.openqa.selenium.remote.RemoteWebDriver.findElement(RemoteWebDriver.java:374)
at org.openqa.selenium.support.pagefactory.DefaultElementLocator.findElement(DefaultElementLocator.java:68)
at org.openqa.selenium.support.pagefactory.internal.LocatingElementHandler.invoke(LocatingElementHandler.java:38)
at jdk.proxy2/jdk.proxy2.$Proxy24.isDisplayed(Unknown Source)
at pageObjects.StackPage.isImplementInStackDisplayed(StackPage.java:102)
at suite.StacklistTest.verifyStackMainLinksVisible(StacklistTest.java:137)
at java.base/java.util.ArrayList.forEach(ArrayList.java:1511)
at java.base/java.util.concurrent.FutureTask.run(FutureTask.java:264)
at java.base/java.util.concurrent.ThreadPoolExecutor.runWorker(ThreadPoolExecutor.java:1136)
at java.base/java.util.concurrent.ThreadPoolExecutor$Worker.run(ThreadPoolExecutor.java:635)
at java.base/java.lang.Thread.run(Thread.java:840)
... Removed 21 stack frames]]>
    </failure>
  </testcase> <!-- verifyStackMainLinksVisible -->
  <testcase classname="suite.ArraysListTest" name="runValidCodeAndVerifyOutput" time="3.296"/>
  <testcase classname="suite.GraphListTest" name="openGraphRepresentationsTryEditor" time="2.799"/>
  <testcase classname="suite.LinkedListTest" name="runValidCodeAndVerifyOutput" time="3.199"/>
  <testcase classname="suite.StacklistTest" name="clickOperationsInStack" time="2.323"/>
  <testcase classname="suite.ArraysListTest" name="runCodeUsingDataDriven" time="4.028"/>
  <testcase classname="suite.ArraysListTest" name="runCodeUsingDataDriven" time="3.09"/>
  <testcase classname="suite.ArraysListTest" name="runCodeUsingDataDriven" time="3.281"/>
  <testcase classname="suite.ArraysListTest" name="runCodeUsingDataDriven" time="3.192"/>
  <testcase classname="suite.GraphListTest" name="runInvalidGraphRepresentationsCode" time="0.027">
    <skipped/>
  </testcase> <!-- runInvalidGraphRepresentationsCode -->
  <testcase classname="suite.GraphListTest" name="runInvalidGraphRepresentationsCode" time="0.04">
    <failure type="org.openqa.selenium.json.JsonException" message="java.lang.reflect.InvocationTargetException
Build info: version: &amp;apos;4.38.0&amp;apos;, revision: &amp;apos;6b412e825c*&amp;apos;
System info: os.name: &amp;apos;Windows 11&amp;apos;, os.arch: &amp;apos;amd64&amp;apos;, os.version: &amp;apos;10.0&amp;apos;, java.version: &amp;apos;17.0.16&amp;apos;
Driver info: org.openqa.selenium.chrome.ChromeDriver
Command: [baf8b19181e1c528952e82b0025945bf, actions {actions=[org.openqa.selenium.interactions.Sequence@650b9356]}]
Capabilities {acceptInsecureCerts: false, browserName: chrome, browserVersion: 145.0.7632.160, chrome: {chromedriverVersion: 145.0.7632.117 (de4e5d6e13b..., userDataDir: C:\Users\HAPPYF~1\AppData\L...}, fedcm:accounts: true, goog:chromeOptions: {debuggerAddress: localhost:60763}, goog:processID: 36612, networkConnectionEnabled: false, pageLoadStrategy: normal, platformName: windows, proxy: Proxy(), se:cdp: ws://localhost:60763/devtoo..., se:cdpVersion: 145.0.7632.160, setWindowRect: true, strictFileInteractability: false, timeouts: {implicit: 0, pageLoad: 300000, script: 30000}, unhandledPromptBehavior: dismiss and notify, webauthn:extension:credBlob: true, webauthn:extension:largeBlob: true, webauthn:extension:minPinLength: true, webauthn:extension:prf: true, webauthn:virtualAuthenticators: true}
Session ID: baf8b19181e1c528952e82b0025945bf">
      <![CDATA[org.openqa.selenium.json.JsonException: java.lang.reflect.InvocationTargetException
Build info: version: '4.38.0', revision: '6b412e825c*'
System info: os.name: 'Windows 11', os.arch: 'amd64', os.version: '10.0', java.version: '17.0.16'
Driver info: org.openqa.selenium.chrome.ChromeDriver
Command: [baf8b19181e1c528952e82b0025945bf, actions {actions=[org.openqa.selenium.interactions.Sequence@650b9356]}]
Capabilities {acceptInsecureCerts: false, browserName: chrome, browserVersion: 145.0.7632.160, chrome: {chromedriverVersion: 145.0.7632.117 (de4e5d6e13b..., userDataDir: C:\Users\HAPPYF~1\AppData\L...}, fedcm:accounts: true, goog:chromeOptions: {debuggerAddress: localhost:60763}, goog:processID: 36612, networkConnectionEnabled: false, pageLoadStrategy: normal, platformName: windows, proxy: Proxy(), se:cdp: ws://localhost:60763/devtoo..., se:cdpVersion: 145.0.7632.160, setWindowRect: true, strictFileInteractability: false, timeouts: {implicit: 0, pageLoad: 300000, script: 30000}, unhandledPromptBehavior: dismiss and notify, webauthn:extension:credBlob: true, webauthn:extension:largeBlob: true, webauthn:extension:minPinLength: true, webauthn:extension:prf: true, webauthn:virtualAuthenticators: true}
Session ID: baf8b19181e1c528952e82b0025945bf
at org.openqa.selenium.json.JsonOutput.convertUsingMethod(JsonOutput.java:520)
at org.openqa.selenium.json.JsonOutput.lambda$new$16(JsonOutput.java:182)
at org.openqa.selenium.json.JsonOutput.write0(JsonOutput.java:409)
at org.openqa.selenium.json.JsonOutput.lambda$new$22(JsonOutput.java:204)
at java.base/java.util.stream.ForEachOps$ForEachOp$OfRef.accept(ForEachOps.java:183)
at java.base/java.util.stream.ReferencePipeline$2$1.accept(ReferencePipeline.java:179)
at java.base/java.util.Iterator.forEachRemaining(Iterator.java:133)
at java.base/java.util.Spliterators$IteratorSpliterator.forEachRemaining(Spliterators.java:1845)
at java.base/java.util.stream.AbstractPipeline.copyInto(AbstractPipeline.java:509)
at java.base/java.util.stream.AbstractPipeline.wrapAndCopyInto(AbstractPipeline.java:499)
at java.base/java.util.stream.ForEachOps$ForEachOp.evaluateSequential(ForEachOps.java:150)
at java.base/java.util.stream.ForEachOps$ForEachOp$OfRef.evaluateSequential(ForEachOps.java:173)
at java.base/java.util.stream.AbstractPipeline.evaluate(AbstractPipeline.java:234)
at java.base/java.util.stream.ReferencePipeline.forEach(ReferencePipeline.java:596)
at org.openqa.selenium.json.JsonOutput.lambda$new$23(JsonOutput.java:204)
at org.openqa.selenium.json.JsonOutput.write0(JsonOutput.java:409)
at org.openqa.selenium.json.JsonOutput.lambda$new$24(JsonOutput.java:222)
at java.base/java.util.Map.forEach(Map.java:713)
at org.openqa.selenium.json.JsonOutput.lambda$new$25(JsonOutput.java:217)
at org.openqa.selenium.json.JsonOutput.write0(JsonOutput.java:409)
at org.openqa.selenium.json.JsonOutput.write(JsonOutput.java:400)
at org.openqa.selenium.json.Json.toJson(Json.java:133)
at org.openqa.selenium.json.Json.toJson(Json.java:119)
at org.openqa.selenium.remote.codec.AbstractHttpCommandCodec.encode(AbstractHttpCommandCodec.java:236)
at org.openqa.selenium.remote.codec.AbstractHttpCommandCodec.encode(AbstractHttpCommandCodec.java:109)
at org.openqa.selenium.remote.HttpCommandExecutor.execute(HttpCommandExecutor.java:203)
at org.openqa.selenium.remote.service.DriverCommandExecutor.invokeExecute(DriverCommandExecutor.java:216)
at org.openqa.selenium.remote.service.DriverCommandExecutor.execute(DriverCommandExecutor.java:174)
at org.openqa.selenium.remote.RemoteWebDriver.execute(RemoteWebDriver.java:557)
at org.openqa.selenium.remote.RemoteWebDriver.perform(RemoteWebDriver.java:647)
at org.openqa.selenium.interactions.Actions$BuiltAction.perform(Actions.java:616)
at org.openqa.selenium.interactions.Actions.perform(Actions.java:581)
at pageObjects.GraphListPage.writeCodeAndRun(GraphListPage.java:119)
at suite.GraphListTest.runInvalidGraphRepresentationsCode(GraphListTest.java:130)
at java.base/java.util.ArrayList.forEach(ArrayList.java:1511)
at java.base/java.util.concurrent.FutureTask.run(FutureTask.java:264)
at java.base/java.util.concurrent.ThreadPoolExecutor.runWorker(ThreadPoolExecutor.java:1136)
at java.base/java.util.concurrent.ThreadPoolExecutor$Worker.run(ThreadPoolExecutor.java:635)
at java.base/java.lang.Thread.run(Thread.java:840)
Suppressed: org.openqa.selenium.json.JsonException: Attempting to close incomplete json stream
Build info: version: '4.38.0', revision: '6b412e825c*'
System info: os.name: 'Windows 11', os.arch: 'amd64', os.version: '10.0', java.version: '17.0.16'
Driver info: driver.version: RemoteWebDriver
at org.openqa.selenium.json.JsonOutput.close(JsonOutput.java:431)
at org.openqa.selenium.json.Json.toJson(Json.java:131)
... 34 more
at org.openqa.selenium.json.JsonOutput.convertUsingMethod(JsonOutput.java:516)
... 55 more
Caused by: org.openqa.selenium.NoSuchElementException: no such element: Unable to locate element: {"method":"xpath","selector":"//pre[@role='presentation']"}
  (Session info: chrome=145.0.7632.160)
For documentation on this error, please visit: https://www.selenium.dev/documentation/webdriver/troubleshooting/errors#nosuchelementexception
Build info: version: '4.38.0', revision: '6b412e825c*'
System info: os.name: 'Windows 11', os.arch: 'amd64', os.version: '10.0', java.version: '17.0.16'
Driver info: org.openqa.selenium.chrome.ChromeDriver
Command: [baf8b19181e1c528952e82b0025945bf, findElement {using=xpath, value=//pre[@role='presentation']}]
Capabilities {acceptInsecureCerts: false, browserName: chrome, browserVersion: 145.0.7632.160, chrome: {chromedriverVersion: 145.0.7632.117 (de4e5d6e13b..., userDataDir: C:\Users\HAPPYF~1\AppData\L...}, fedcm:accounts: true, goog:chromeOptions: {debuggerAddress: localhost:60763}, goog:processID: 36612, networkConnectionEnabled: false, pageLoadStrategy: normal, platformName: windows, proxy: Proxy(), se:cdp: ws://localhost:60763/devtoo..., se:cdpVersion: 145.0.7632.160, setWindowRect: true, strictFileInteractability: false, timeouts: {implicit: 0, pageLoad: 300000, script: 30000}, unhandledPromptBehavior: dismiss and notify, webauthn:extension:credBlob: true, webauthn:extension:largeBlob: true, webauthn:extension:minPinLength: true, webauthn:extension:prf: true, webauthn:virtualAuthenticators: true}
Session ID: baf8b19181e1c528952e82b0025945bf
at org.openqa.selenium.remote.ErrorCodec.decode(ErrorCodec.java:167)
at org.openqa.selenium.remote.codec.w3c.W3CHttpResponseCodec.decode(W3CHttpResponseCodec.java:138)
at org.openqa.selenium.remote.codec.w3c.W3CHttpResponseCodec.decode(W3CHttpResponseCodec.java:50)
at org.openqa.selenium.remote.HttpCommandExecutor.execute(HttpCommandExecutor.java:215)
at org.openqa.selenium.remote.service.DriverCommandExecutor.invokeExecute(DriverCommandExecutor.java:216)
at org.openqa.selenium.remote.service.DriverCommandExecutor.execute(DriverCommandExecutor.java:174)
at org.openqa.selenium.remote.RemoteWebDriver.execute(RemoteWebDriver.java:557)
at org.openqa.selenium.remote.ElementLocation$ElementFinder$2.findElement(ElementLocation.java:165)
at org.openqa.selenium.remote.ElementLocation.findElement(ElementLocation.java:59)
at org.openqa.selenium.remote.RemoteWebDriver.findElement(RemoteWebDriver.java:380)
at org.openqa.selenium.remote.RemoteWebDriver.findElement(RemoteWebDriver.java:374)
at org.openqa.selenium.support.pagefactory.DefaultElementLocator.findElement(DefaultElementLocator.java:68)
at org.openqa.selenium.support.pagefactory.internal.LocatingElementHandler.invoke(LocatingElementHandler.java:38)
at jdk.proxy2/jdk.proxy2.$Proxy24.getWrappedElement(Unknown Source)
at org.openqa.selenium.interactions.PointerInput$Origin.asArg(PointerInput.java:262)
at org.openqa.selenium.interactions.PointerInput$Move.encode(PointerInput.java:211)
at org.openqa.selenium.interactions.Sequence.encode(Sequence.java:74)
at org.openqa.selenium.interactions.Sequence.toJson(Sequence.java:83)
... 59 more
... Removed 25 stack frames]]>
    </failure>
  </testcase> <!-- runInvalidGraphRepresentationsCode -->
  <testcase classname="suite.LinkedListTest" name="runCodeUsingExcelData" time="3.666"/>
  <testcase classname="suite.LinkedListTest" name="runCodeUsingExcelData" time="3.958"/>
  <testcase classname="suite.LinkedListTest" name="runCodeUsingExcelData" time="2.984"/>
  <testcase classname="suite.LinkedListTest" name="runCodeUsingExcelData" time="3.177"/>
  <testcase classname="suite.StacklistTest" name="clickTryHereButton" time="2.636"/>
  <testcase classname="suite.GraphListTest" name="runValidGraphCodeUsingDataDriven" time="3.005"/>
  <testcase classname="suite.GraphListTest" name="runValidGraphCodeUsingDataDriven" time="3.383"/>
  <testcase classname="suite.GraphListTest" name="runValidGraphCodeUsingDataDriven" time="3.02"/>
  <testcase classname="suite.GraphListTest" name="runValidGraphCodeUsingDataDriven" time="3.851"/>
  <testcase classname="suite.StacklistTest" name="runInvalidCodeAndVerifyAlert" time="3.135"/>
  <testcase classname="suite.StacklistTest" name="runValidCodeAndVerifyOutput" time="13.388"/>
  <testcase classname="suite.StacklistTest" name="runCodeUsingExcelData" time="13.291"/>
  <testcase classname="suite.StacklistTest" name="runCodeUsingExcelData" time="14.431"/>
  <testcase classname="suite.StacklistTest" name="runCodeUsingExcelData" time="16.65"/>
  <testcase classname="suite.StacklistTest" name="runCodeUsingExcelData" time="14.218"/>
  <testcase classname="suite.StacklistTest" name="refreshStackPageAndVerifyNoErrors" time="2.458"/>
</testsuite> <!-- ChromeTests -->
