<?xml version="1.0" encoding="UTF-8"?>
<!-- Generated by org.testng.reporters.JUnitXMLReporter -->
<testsuite ignored="10" hostname="RanjaniHeartlaptop" failures="6" tests="52" name="EdgeTests" time="38.245" errors="0" timestamp="2026-03-04T10:07:58 EST">
  <testcase classname="suite.RegisterDataTest" name="verifyRegister" time="1.872"/>
  <testcase classname="suite.RegisterDataTest" name="verifyRegister" time="10.494">
    <skipped/>
  </testcase> <!-- verifyRegister -->
  <testcase classname="suite.RegisterDataTest" name="verifyRegister" time="4.311">
    <failure type="org.openqa.selenium.NoSuchSessionException" message="invalid session id: session deleted as the browser has closed the connection
from disconnected: not connected to DevTools
  (Session info: MicrosoftEdge=145.0.3800.82)
Build info: version: &amp;apos;4.38.0&amp;apos;, revision: &amp;apos;6b412e825c*&amp;apos;
System info: os.name: &amp;apos;Windows 11&amp;apos;, os.arch: &amp;apos;amd64&amp;apos;, os.version: &amp;apos;10.0&amp;apos;, java.version: &amp;apos;17.0.16&amp;apos;
Driver info: org.openqa.selenium.edge.EdgeDriver
Command: [f13a8c99816cb4d98339a4a2b4c01055, findElement {value=//button[text()=&amp;apos;Get Started&amp;apos;], using=xpath}]
Capabilities {acceptInsecureCerts: false, browserName: MicrosoftEdge, browserVersion: 145.0.3800.82, fedcm:accounts: true, goog:processID: 7524, ms:edgeOptions: {debuggerAddress: localhost:50276}, msedge: {msedgedriverVersion: 145.0.3800.82 (de59ede99663..., userDataDir: C:\Users\HAPPYF~1\AppData\L...}, networkConnectionEnabled: false, pageLoadStrategy: normal, platformName: windows, proxy: Proxy(), se:cdp: ws://localhost:50276/devtoo..., se:cdpVersion: 145.0.3800.82, setWindowRect: true, strictFileInteractability: false, timeouts: {implicit: 0, pageLoad: 300000, script: 30000}, unhandledPromptBehavior: dismiss and notify, webauthn:extension:credBlob: true, webauthn:extension:largeBlob: true, webauthn:extension:minPinLength: true, webauthn:extension:prf: true, webauthn:virtualAuthenticators: true}
Session ID: f13a8c99816cb4d98339a4a2b4c01055">
      <![CDATA[org.openqa.selenium.NoSuchSessionException: invalid session id: session deleted as the browser has closed the connection
from disconnected: not connected to DevTools
  (Session info: MicrosoftEdge=145.0.3800.82)
Build info: version: '4.38.0', revision: '6b412e825c*'
System info: os.name: 'Windows 11', os.arch: 'amd64', os.version: '10.0', java.version: '17.0.16'
Driver info: org.openqa.selenium.edge.EdgeDriver
Command: [f13a8c99816cb4d98339a4a2b4c01055, findElement {value=//button[text()='Get Started'], using=xpath}]
Capabilities {acceptInsecureCerts: false, browserName: MicrosoftEdge, browserVersion: 145.0.3800.82, fedcm:accounts: true, goog:processID: 7524, ms:edgeOptions: {debuggerAddress: localhost:50276}, msedge: {msedgedriverVersion: 145.0.3800.82 (de59ede99663..., userDataDir: C:\Users\HAPPYF~1\AppData\L...}, networkConnectionEnabled: false, pageLoadStrategy: normal, platformName: windows, proxy: Proxy(), se:cdp: ws://localhost:50276/devtoo..., se:cdpVersion: 145.0.3800.82, setWindowRect: true, strictFileInteractability: false, timeouts: {implicit: 0, pageLoad: 300000, script: 30000}, unhandledPromptBehavior: dismiss and notify, webauthn:extension:credBlob: true, webauthn:extension:largeBlob: true, webauthn:extension:minPinLength: true, webauthn:extension:prf: true, webauthn:virtualAuthenticators: true}
Session ID: f13a8c99816cb4d98339a4a2b4c01055
at org.openqa.selenium.remote.ErrorCodec.decode(ErrorCodec.java:167)
at org.openqa.selenium.remote.codec.w3c.W3CHttpResponseCodec.decode(W3CHttpResponseCodec.java:138)
at org.openqa.selenium.remote.codec.w3c.W3CHttpResponseCodec.decode(W3CHttpResponseCodec.java:50)
at org.openqa.selenium.remote.HttpCommandExecutor.execute(HttpCommandExecutor.java:215)
at org.openqa.selenium.remote.service.DriverCommandExecutor.invokeExecute(DriverCommandExecutor.java:216)
at org.openqa.selenium.remote.service.DriverCommandExecutor.execute(DriverCommandExecutor.java:174)
at org.openqa.selenium.remote.RemoteWebDriver.execute(RemoteWebDriver.java:557)
at org.openqa.selenium.remote.ElementLocation$ElementFinder$2.findElement(ElementLocation.java:165)
at org.openqa.selenium.remote.ElementLocation.findElement(ElementLocation.java:59)
at org.openqa.selenium.remote.RemoteWebDriver.findElement(RemoteWebDriver.java:380)
at org.openqa.selenium.remote.RemoteWebDriver.findElement(RemoteWebDriver.java:374)
at org.openqa.selenium.support.pagefactory.DefaultElementLocator.findElement(DefaultElementLocator.java:68)
at org.openqa.selenium.support.pagefactory.internal.LocatingElementHandler.invoke(LocatingElementHandler.java:38)
at jdk.proxy2/jdk.proxy2.$Proxy27.isDisplayed(Unknown Source)
at org.openqa.selenium.support.ui.ExpectedConditions.elementIfVisible(ExpectedConditions.java:308)
at org.openqa.selenium.support.ui.ExpectedConditions$10.apply(ExpectedConditions.java:294)
at org.openqa.selenium.support.ui.ExpectedConditions$10.apply(ExpectedConditions.java:291)
at org.openqa.selenium.support.ui.FluentWait.until(FluentWait.java:203)
at pageObjects.LaunchPage.clickGetStarted(LaunchPage.java:27)
at suite.RegisterDataTest.verifyRegister(RegisterDataTest.java:53)
at java.base/java.util.ArrayList.forEach(ArrayList.java:1511)
at java.base/java.util.concurrent.FutureTask.run(FutureTask.java:264)
at java.base/java.util.concurrent.ThreadPoolExecutor.runWorker(ThreadPoolExecutor.java:1136)
at java.base/java.util.concurrent.ThreadPoolExecutor$Worker.run(ThreadPoolExecutor.java:635)
at java.base/java.lang.Thread.run(Thread.java:840)
... Removed 22 stack frames]]>
    </failure>
  </testcase> <!-- verifyRegister -->
  <testcase classname="suite.RegisterDataTest" name="verifyRegister" time="0.115">
    <skipped/>
  </testcase> <!-- verifyRegister -->
  <testcase classname="suite.RegisterDataTest" name="verifyRegister" time="0.007">
    <failure type="org.openqa.selenium.NoSuchSessionException" message="invalid session id
Build info: version: &amp;apos;4.38.0&amp;apos;, revision: &amp;apos;6b412e825c*&amp;apos;
System info: os.name: &amp;apos;Windows 11&amp;apos;, os.arch: &amp;apos;amd64&amp;apos;, os.version: &amp;apos;10.0&amp;apos;, java.version: &amp;apos;17.0.16&amp;apos;
Driver info: org.openqa.selenium.edge.EdgeDriver
Command: [f13a8c99816cb4d98339a4a2b4c01055, findElement {value=//button[text()=&amp;apos;Get Started&amp;apos;], using=xpath}]
Capabilities {acceptInsecureCerts: false, browserName: MicrosoftEdge, browserVersion: 145.0.3800.82, fedcm:accounts: true, goog:processID: 7524, ms:edgeOptions: {debuggerAddress: localhost:50276}, msedge: {msedgedriverVersion: 145.0.3800.82 (de59ede99663..., userDataDir: C:\Users\HAPPYF~1\AppData\L...}, networkConnectionEnabled: false, pageLoadStrategy: normal, platformName: windows, proxy: Proxy(), se:cdp: ws://localhost:50276/devtoo..., se:cdpVersion: 145.0.3800.82, setWindowRect: true, strictFileInteractability: false, timeouts: {implicit: 0, pageLoad: 300000, script: 30000}, unhandledPromptBehavior: dismiss and notify, webauthn:extension:credBlob: true, webauthn:extension:largeBlob: true, webauthn:extension:minPinLength: true, webauthn:extension:prf: true, webauthn:virtualAuthenticators: true}
Session ID: f13a8c99816cb4d98339a4a2b4c01055">
      <![CDATA[org.openqa.selenium.NoSuchSessionException: invalid session id
Build info: version: '4.38.0', revision: '6b412e825c*'
System info: os.name: 'Windows 11', os.arch: 'amd64', os.version: '10.0', java.version: '17.0.16'
Driver info: org.openqa.selenium.edge.EdgeDriver
Command: [f13a8c99816cb4d98339a4a2b4c01055, findElement {value=//button[text()='Get Started'], using=xpath}]
Capabilities {acceptInsecureCerts: false, browserName: MicrosoftEdge, browserVersion: 145.0.3800.82, fedcm:accounts: true, goog:processID: 7524, ms:edgeOptions: {debuggerAddress: localhost:50276}, msedge: {msedgedriverVersion: 145.0.3800.82 (de59ede99663..., userDataDir: C:\Users\HAPPYF~1\AppData\L...}, networkConnectionEnabled: false, pageLoadStrategy: normal, platformName: windows, proxy: Proxy(), se:cdp: ws://localhost:50276/devtoo..., se:cdpVersion: 145.0.3800.82, setWindowRect: true, strictFileInteractability: false, timeouts: {implicit: 0, pageLoad: 300000, script: 30000}, unhandledPromptBehavior: dismiss and notify, webauthn:extension:credBlob: true, webauthn:extension:largeBlob: true, webauthn:extension:minPinLength: true, webauthn:extension:prf: true, webauthn:virtualAuthenticators: true}
Session ID: f13a8c99816cb4d98339a4a2b4c01055
at org.openqa.selenium.remote.ErrorCodec.decode(ErrorCodec.java:167)
at org.openqa.selenium.remote.codec.w3c.W3CHttpResponseCodec.decode(W3CHttpResponseCodec.java:138)
at org.openqa.selenium.remote.codec.w3c.W3CHttpResponseCodec.decode(W3CHttpResponseCodec.java:50)
at org.openqa.selenium.remote.HttpCommandExecutor.execute(HttpCommandExecutor.java:215)
at org.openqa.selenium.remote.service.DriverCommandExecutor.invokeExecute(DriverCommandExecutor.java:216)
at org.openqa.selenium.remote.service.DriverCommandExecutor.execute(DriverCommandExecutor.java:174)
at org.openqa.selenium.remote.RemoteWebDriver.execute(RemoteWebDriver.java:557)
at org.openqa.selenium.remote.ElementLocation$ElementFinder$2.findElement(ElementLocation.java:165)
at org.openqa.selenium.remote.ElementLocation.findElement(ElementLocation.java:59)
at org.openqa.selenium.remote.RemoteWebDriver.findElement(RemoteWebDriver.java:380)
at org.openqa.selenium.remote.RemoteWebDriver.findElement(RemoteWebDriver.java:374)
at org.openqa.selenium.support.pagefactory.DefaultElementLocator.findElement(DefaultElementLocator.java:68)
at org.openqa.selenium.support.pagefactory.internal.LocatingElementHandler.invoke(LocatingElementHandler.java:38)
at jdk.proxy2/jdk.proxy2.$Proxy27.isDisplayed(Unknown Source)
at org.openqa.selenium.support.ui.ExpectedConditions.elementIfVisible(ExpectedConditions.java:308)
at org.openqa.selenium.support.ui.ExpectedConditions$10.apply(ExpectedConditions.java:294)
at org.openqa.selenium.support.ui.ExpectedConditions$10.apply(ExpectedConditions.java:291)
at org.openqa.selenium.support.ui.FluentWait.until(FluentWait.java:203)
at pageObjects.LaunchPage.clickGetStarted(LaunchPage.java:27)
at suite.RegisterDataTest.verifyRegister(RegisterDataTest.java:53)
at java.base/java.util.ArrayList.forEach(ArrayList.java:1511)
at java.base/java.util.concurrent.FutureTask.run(FutureTask.java:264)
at java.base/java.util.concurrent.ThreadPoolExecutor.runWorker(ThreadPoolExecutor.java:1136)
at java.base/java.util.concurrent.ThreadPoolExecutor$Worker.run(ThreadPoolExecutor.java:635)
at java.base/java.lang.Thread.run(Thread.java:840)
... Removed 22 stack frames]]>
    </failure>
  </testcase> <!-- verifyRegister -->
  <testcase classname="suite.RegisterDataTest" name="verifyRegister" time="0.006">
    <skipped/>
  </testcase> <!-- verifyRegister -->
  <testcase classname="suite.RegisterDataTest" name="verifyRegister" time="0.006">
    <failure type="org.openqa.selenium.NoSuchSessionException" message="invalid session id
Build info: version: &amp;apos;4.38.0&amp;apos;, revision: &amp;apos;6b412e825c*&amp;apos;
System info: os.name: &amp;apos;Windows 11&amp;apos;, os.arch: &amp;apos;amd64&amp;apos;, os.version: &amp;apos;10.0&amp;apos;, java.version: &amp;apos;17.0.16&amp;apos;
Driver info: org.openqa.selenium.edge.EdgeDriver
Command: [f13a8c99816cb4d98339a4a2b4c01055, findElement {value=//button[text()=&amp;apos;Get Started&amp;apos;], using=xpath}]
Capabilities {acceptInsecureCerts: false, browserName: MicrosoftEdge, browserVersion: 145.0.3800.82, fedcm:accounts: true, goog:processID: 7524, ms:edgeOptions: {debuggerAddress: localhost:50276}, msedge: {msedgedriverVersion: 145.0.3800.82 (de59ede99663..., userDataDir: C:\Users\HAPPYF~1\AppData\L...}, networkConnectionEnabled: false, pageLoadStrategy: normal, platformName: windows, proxy: Proxy(), se:cdp: ws://localhost:50276/devtoo..., se:cdpVersion: 145.0.3800.82, setWindowRect: true, strictFileInteractability: false, timeouts: {implicit: 0, pageLoad: 300000, script: 30000}, unhandledPromptBehavior: dismiss and notify, webauthn:extension:credBlob: true, webauthn:extension:largeBlob: true, webauthn:extension:minPinLength: true, webauthn:extension:prf: true, webauthn:virtualAuthenticators: true}
Session ID: f13a8c99816cb4d98339a4a2b4c01055">
      <![CDATA[org.openqa.selenium.NoSuchSessionException: invalid session id
Build info: version: '4.38.0', revision: '6b412e825c*'
System info: os.name: 'Windows 11', os.arch: 'amd64', os.version: '10.0', java.version: '17.0.16'
Driver info: org.openqa.selenium.edge.EdgeDriver
Command: [f13a8c99816cb4d98339a4a2b4c01055, findElement {value=//button[text()='Get Started'], using=xpath}]
Capabilities {acceptInsecureCerts: false, browserName: MicrosoftEdge, browserVersion: 145.0.3800.82, fedcm:accounts: true, goog:processID: 7524, ms:edgeOptions: {debuggerAddress: localhost:50276}, msedge: {msedgedriverVersion: 145.0.3800.82 (de59ede99663..., userDataDir: C:\Users\HAPPYF~1\AppData\L...}, networkConnectionEnabled: false, pageLoadStrategy: normal, platformName: windows, proxy: Proxy(), se:cdp: ws://localhost:50276/devtoo..., se:cdpVersion: 145.0.3800.82, setWindowRect: true, strictFileInteractability: false, timeouts: {implicit: 0, pageLoad: 300000, script: 30000}, unhandledPromptBehavior: dismiss and notify, webauthn:extension:credBlob: true, webauthn:extension:largeBlob: true, webauthn:extension:minPinLength: true, webauthn:extension:prf: true, webauthn:virtualAuthenticators: true}
Session ID: f13a8c99816cb4d98339a4a2b4c01055
at org.openqa.selenium.remote.ErrorCodec.decode(ErrorCodec.java:167)
at org.openqa.selenium.remote.codec.w3c.W3CHttpResponseCodec.decode(W3CHttpResponseCodec.java:138)
at org.openqa.selenium.remote.codec.w3c.W3CHttpResponseCodec.decode(W3CHttpResponseCodec.java:50)
at org.openqa.selenium.remote.HttpCommandExecutor.execute(HttpCommandExecutor.java:215)
at org.openqa.selenium.remote.service.DriverCommandExecutor.invokeExecute(DriverCommandExecutor.java:216)
at org.openqa.selenium.remote.service.DriverCommandExecutor.execute(DriverCommandExecutor.java:174)
at org.openqa.selenium.remote.RemoteWebDriver.execute(RemoteWebDriver.java:557)
at org.openqa.selenium.remote.ElementLocation$ElementFinder$2.findElement(ElementLocation.java:165)
at org.openqa.selenium.remote.ElementLocation.findElement(ElementLocation.java:59)
at org.openqa.selenium.remote.RemoteWebDriver.findElement(RemoteWebDriver.java:380)
at org.openqa.selenium.remote.RemoteWebDriver.findElement(RemoteWebDriver.java:374)
at org.openqa.selenium.support.pagefactory.DefaultElementLocator.findElement(DefaultElementLocator.java:68)
at org.openqa.selenium.support.pagefactory.internal.LocatingElementHandler.invoke(LocatingElementHandler.java:38)
at jdk.proxy2/jdk.proxy2.$Proxy27.isDisplayed(Unknown Source)
at org.openqa.selenium.support.ui.ExpectedConditions.elementIfVisible(ExpectedConditions.java:308)
at org.openqa.selenium.support.ui.ExpectedConditions$10.apply(ExpectedConditions.java:294)
at org.openqa.selenium.support.ui.ExpectedConditions$10.apply(ExpectedConditions.java:291)
at org.openqa.selenium.support.ui.FluentWait.until(FluentWait.java:203)
at pageObjects.LaunchPage.clickGetStarted(LaunchPage.java:27)
at suite.RegisterDataTest.verifyRegister(RegisterDataTest.java:53)
at java.base/java.util.ArrayList.forEach(ArrayList.java:1511)
at java.base/java.util.concurrent.FutureTask.run(FutureTask.java:264)
at java.base/java.util.concurrent.ThreadPoolExecutor.runWorker(ThreadPoolExecutor.java:1136)
at java.base/java.util.concurrent.ThreadPoolExecutor$Worker.run(ThreadPoolExecutor.java:635)
at java.base/java.lang.Thread.run(Thread.java:840)
... Removed 22 stack frames]]>
    </failure>
  </testcase> <!-- verifyRegister -->
  <testcase classname="suite.RegisterDataTest" name="verifyRegister" time="0.009">
    <skipped/>
  </testcase> <!-- verifyRegister -->
  <testcase classname="suite.RegisterDataTest" name="verifyRegister" time="0.008">
    <failure type="org.openqa.selenium.NoSuchSessionException" message="invalid session id
Build info: version: &amp;apos;4.38.0&amp;apos;, revision: &amp;apos;6b412e825c*&amp;apos;
System info: os.name: &amp;apos;Windows 11&amp;apos;, os.arch: &amp;apos;amd64&amp;apos;, os.version: &amp;apos;10.0&amp;apos;, java.version: &amp;apos;17.0.16&amp;apos;
Driver info: org.openqa.selenium.edge.EdgeDriver
Command: [f13a8c99816cb4d98339a4a2b4c01055, findElement {value=//button[text()=&amp;apos;Get Started&amp;apos;], using=xpath}]
Capabilities {acceptInsecureCerts: false, browserName: MicrosoftEdge, browserVersion: 145.0.3800.82, fedcm:accounts: true, goog:processID: 7524, ms:edgeOptions: {debuggerAddress: localhost:50276}, msedge: {msedgedriverVersion: 145.0.3800.82 (de59ede99663..., userDataDir: C:\Users\HAPPYF~1\AppData\L...}, networkConnectionEnabled: false, pageLoadStrategy: normal, platformName: windows, proxy: Proxy(), se:cdp: ws://localhost:50276/devtoo..., se:cdpVersion: 145.0.3800.82, setWindowRect: true, strictFileInteractability: false, timeouts: {implicit: 0, pageLoad: 300000, script: 30000}, unhandledPromptBehavior: dismiss and notify, webauthn:extension:credBlob: true, webauthn:extension:largeBlob: true, webauthn:extension:minPinLength: true, webauthn:extension:prf: true, webauthn:virtualAuthenticators: true}
Session ID: f13a8c99816cb4d98339a4a2b4c01055">
      <![CDATA[org.openqa.selenium.NoSuchSessionException: invalid session id
Build info: version: '4.38.0', revision: '6b412e825c*'
System info: os.name: 'Windows 11', os.arch: 'amd64', os.version: '10.0', java.version: '17.0.16'
Driver info: org.openqa.selenium.edge.EdgeDriver
Command: [f13a8c99816cb4d98339a4a2b4c01055, findElement {value=//button[text()='Get Started'], using=xpath}]
Capabilities {acceptInsecureCerts: false, browserName: MicrosoftEdge, browserVersion: 145.0.3800.82, fedcm:accounts: true, goog:processID: 7524, ms:edgeOptions: {debuggerAddress: localhost:50276}, msedge: {msedgedriverVersion: 145.0.3800.82 (de59ede99663..., userDataDir: C:\Users\HAPPYF~1\AppData\L...}, networkConnectionEnabled: false, pageLoadStrategy: normal, platformName: windows, proxy: Proxy(), se:cdp: ws://localhost:50276/devtoo..., se:cdpVersion: 145.0.3800.82, setWindowRect: true, strictFileInteractability: false, timeouts: {implicit: 0, pageLoad: 300000, script: 30000}, unhandledPromptBehavior: dismiss and notify, webauthn:extension:credBlob: true, webauthn:extension:largeBlob: true, webauthn:extension:minPinLength: true, webauthn:extension:prf: true, webauthn:virtualAuthenticators: true}
Session ID: f13a8c99816cb4d98339a4a2b4c01055
at org.openqa.selenium.remote.ErrorCodec.decode(ErrorCodec.java:167)
at org.openqa.selenium.remote.codec.w3c.W3CHttpResponseCodec.decode(W3CHttpResponseCodec.java:138)
at org.openqa.selenium.remote.codec.w3c.W3CHttpResponseCodec.decode(W3CHttpResponseCodec.java:50)
at org.openqa.selenium.remote.HttpCommandExecutor.execute(HttpCommandExecutor.java:215)
at org.openqa.selenium.remote.service.DriverCommandExecutor.invokeExecute(DriverCommandExecutor.java:216)
at org.openqa.selenium.remote.service.DriverCommandExecutor.execute(DriverCommandExecutor.java:174)
at org.openqa.selenium.remote.RemoteWebDriver.execute(RemoteWebDriver.java:557)
at org.openqa.selenium.remote.ElementLocation$ElementFinder$2.findElement(ElementLocation.java:165)
at org.openqa.selenium.remote.ElementLocation.findElement(ElementLocation.java:59)
at org.openqa.selenium.remote.RemoteWebDriver.findElement(RemoteWebDriver.java:380)
at org.openqa.selenium.remote.RemoteWebDriver.findElement(RemoteWebDriver.java:374)
at org.openqa.selenium.support.pagefactory.DefaultElementLocator.findElement(DefaultElementLocator.java:68)
at org.openqa.selenium.support.pagefactory.internal.LocatingElementHandler.invoke(LocatingElementHandler.java:38)
at jdk.proxy2/jdk.proxy2.$Proxy27.isDisplayed(Unknown Source)
at org.openqa.selenium.support.ui.ExpectedConditions.elementIfVisible(ExpectedConditions.java:308)
at org.openqa.selenium.support.ui.ExpectedConditions$10.apply(ExpectedConditions.java:294)
at org.openqa.selenium.support.ui.ExpectedConditions$10.apply(ExpectedConditions.java:291)
at org.openqa.selenium.support.ui.FluentWait.until(FluentWait.java:203)
at pageObjects.LaunchPage.clickGetStarted(LaunchPage.java:27)
at suite.RegisterDataTest.verifyRegister(RegisterDataTest.java:53)
at java.base/java.util.ArrayList.forEach(ArrayList.java:1511)
at java.base/java.util.concurrent.FutureTask.run(FutureTask.java:264)
at java.base/java.util.concurrent.ThreadPoolExecutor.runWorker(ThreadPoolExecutor.java:1136)
at java.base/java.util.concurrent.ThreadPoolExecutor$Worker.run(ThreadPoolExecutor.java:635)
at java.base/java.lang.Thread.run(Thread.java:840)
... Removed 21 stack frames]]>
    </failure>
  </testcase> <!-- verifyRegister -->
  <testcase classname="suite.RegisterDataTest" name="verifyRegister" time="0.009">
    <skipped/>
  </testcase> <!-- verifyRegister -->
  <testcase classname="suite.RegisterDataTest" name="verifyRegister" time="0.007">
    <failure type="org.openqa.selenium.NoSuchSessionException" message="invalid session id
Build info: version: &amp;apos;4.38.0&amp;apos;, revision: &amp;apos;6b412e825c*&amp;apos;
System info: os.name: &amp;apos;Windows 11&amp;apos;, os.arch: &amp;apos;amd64&amp;apos;, os.version: &amp;apos;10.0&amp;apos;, java.version: &amp;apos;17.0.16&amp;apos;
Driver info: org.openqa.selenium.edge.EdgeDriver
Command: [f13a8c99816cb4d98339a4a2b4c01055, findElement {value=//button[text()=&amp;apos;Get Started&amp;apos;], using=xpath}]
Capabilities {acceptInsecureCerts: false, browserName: MicrosoftEdge, browserVersion: 145.0.3800.82, fedcm:accounts: true, goog:processID: 7524, ms:edgeOptions: {debuggerAddress: localhost:50276}, msedge: {msedgedriverVersion: 145.0.3800.82 (de59ede99663..., userDataDir: C:\Users\HAPPYF~1\AppData\L...}, networkConnectionEnabled: false, pageLoadStrategy: normal, platformName: windows, proxy: Proxy(), se:cdp: ws://localhost:50276/devtoo..., se:cdpVersion: 145.0.3800.82, setWindowRect: true, strictFileInteractability: false, timeouts: {implicit: 0, pageLoad: 300000, script: 30000}, unhandledPromptBehavior: dismiss and notify, webauthn:extension:credBlob: true, webauthn:extension:largeBlob: true, webauthn:extension:minPinLength: true, webauthn:extension:prf: true, webauthn:virtualAuthenticators: true}
Session ID: f13a8c99816cb4d98339a4a2b4c01055">
      <![CDATA[org.openqa.selenium.NoSuchSessionException: invalid session id
Build info: version: '4.38.0', revision: '6b412e825c*'
System info: os.name: 'Windows 11', os.arch: 'amd64', os.version: '10.0', java.version: '17.0.16'
Driver info: org.openqa.selenium.edge.EdgeDriver
Command: [f13a8c99816cb4d98339a4a2b4c01055, findElement {value=//button[text()='Get Started'], using=xpath}]
Capabilities {acceptInsecureCerts: false, browserName: MicrosoftEdge, browserVersion: 145.0.3800.82, fedcm:accounts: true, goog:processID: 7524, ms:edgeOptions: {debuggerAddress: localhost:50276}, msedge: {msedgedriverVersion: 145.0.3800.82 (de59ede99663..., userDataDir: C:\Users\HAPPYF~1\AppData\L...}, networkConnectionEnabled: false, pageLoadStrategy: normal, platformName: windows, proxy: Proxy(), se:cdp: ws://localhost:50276/devtoo..., se:cdpVersion: 145.0.3800.82, setWindowRect: true, strictFileInteractability: false, timeouts: {implicit: 0, pageLoad: 300000, script: 30000}, unhandledPromptBehavior: dismiss and notify, webauthn:extension:credBlob: true, webauthn:extension:largeBlob: true, webauthn:extension:minPinLength: true, webauthn:extension:prf: true, webauthn:virtualAuthenticators: true}
Session ID: f13a8c99816cb4d98339a4a2b4c01055
at org.openqa.selenium.remote.ErrorCodec.decode(ErrorCodec.java:167)
at org.openqa.selenium.remote.codec.w3c.W3CHttpResponseCodec.decode(W3CHttpResponseCodec.java:138)
at org.openqa.selenium.remote.codec.w3c.W3CHttpResponseCodec.decode(W3CHttpResponseCodec.java:50)
at org.openqa.selenium.remote.HttpCommandExecutor.execute(HttpCommandExecutor.java:215)
at org.openqa.selenium.remote.service.DriverCommandExecutor.invokeExecute(DriverCommandExecutor.java:216)
at org.openqa.selenium.remote.service.DriverCommandExecutor.execute(DriverCommandExecutor.java:174)
at org.openqa.selenium.remote.RemoteWebDriver.execute(RemoteWebDriver.java:557)
at org.openqa.selenium.remote.ElementLocation$ElementFinder$2.findElement(ElementLocation.java:165)
at org.openqa.selenium.remote.ElementLocation.findElement(ElementLocation.java:59)
at org.openqa.selenium.remote.RemoteWebDriver.findElement(RemoteWebDriver.java:380)
at org.openqa.selenium.remote.RemoteWebDriver.findElement(RemoteWebDriver.java:374)
at org.openqa.selenium.support.pagefactory.DefaultElementLocator.findElement(DefaultElementLocator.java:68)
at org.openqa.selenium.support.pagefactory.internal.LocatingElementHandler.invoke(LocatingElementHandler.java:38)
at jdk.proxy2/jdk.proxy2.$Proxy27.isDisplayed(Unknown Source)
at org.openqa.selenium.support.ui.ExpectedConditions.elementIfVisible(ExpectedConditions.java:308)
at org.openqa.selenium.support.ui.ExpectedConditions$10.apply(ExpectedConditions.java:294)
at org.openqa.selenium.support.ui.ExpectedConditions$10.apply(ExpectedConditions.java:291)
at org.openqa.selenium.support.ui.FluentWait.until(FluentWait.java:203)
at pageObjects.LaunchPage.clickGetStarted(LaunchPage.java:27)
at suite.RegisterDataTest.verifyRegister(RegisterDataTest.java:53)
at java.base/java.util.ArrayList.forEach(ArrayList.java:1511)
at java.base/java.util.concurrent.FutureTask.run(FutureTask.java:264)
at java.base/java.util.concurrent.ThreadPoolExecutor.runWorker(ThreadPoolExecutor.java:1136)
at java.base/java.util.concurrent.ThreadPoolExecutor$Worker.run(ThreadPoolExecutor.java:635)
at java.base/java.lang.Thread.run(Thread.java:840)
... Removed 21 stack frames]]>
    </failure>
  </testcase> <!-- verifyRegister -->
  <testcase classname="suite.RegisterDataTest" name="verifyRegister" time="0.009">
    <skipped/>
  </testcase> <!-- verifyRegister -->
  <testcase classname="suite.RegisterDataTest" name="verifyRegister" time="0.004">
    <failure type="org.openqa.selenium.NoSuchSessionException" message="invalid session id
Build info: version: &amp;apos;4.38.0&amp;apos;, revision: &amp;apos;6b412e825c*&amp;apos;
System info: os.name: &amp;apos;Windows 11&amp;apos;, os.arch: &amp;apos;amd64&amp;apos;, os.version: &amp;apos;10.0&amp;apos;, java.version: &amp;apos;17.0.16&amp;apos;
Driver info: org.openqa.selenium.edge.EdgeDriver
Command: [f13a8c99816cb4d98339a4a2b4c01055, findElement {value=//button[text()=&amp;apos;Get Started&amp;apos;], using=xpath}]
Capabilities {acceptInsecureCerts: false, browserName: MicrosoftEdge, browserVersion: 145.0.3800.82, fedcm:accounts: true, goog:processID: 7524, ms:edgeOptions: {debuggerAddress: localhost:50276}, msedge: {msedgedriverVersion: 145.0.3800.82 (de59ede99663..., userDataDir: C:\Users\HAPPYF~1\AppData\L...}, networkConnectionEnabled: false, pageLoadStrategy: normal, platformName: windows, proxy: Proxy(), se:cdp: ws://localhost:50276/devtoo..., se:cdpVersion: 145.0.3800.82, setWindowRect: true, strictFileInteractability: false, timeouts: {implicit: 0, pageLoad: 300000, script: 30000}, unhandledPromptBehavior: dismiss and notify, webauthn:extension:credBlob: true, webauthn:extension:largeBlob: true, webauthn:extension:minPinLength: true, webauthn:extension:prf: true, webauthn:virtualAuthenticators: true}
Session ID: f13a8c99816cb4d98339a4a2b4c01055">
      <![CDATA[org.openqa.selenium.NoSuchSessionException: invalid session id
Build info: version: '4.38.0', revision: '6b412e825c*'
System info: os.name: 'Windows 11', os.arch: 'amd64', os.version: '10.0', java.version: '17.0.16'
Driver info: org.openqa.selenium.edge.EdgeDriver
Command: [f13a8c99816cb4d98339a4a2b4c01055, findElement {value=//button[text()='Get Started'], using=xpath}]
Capabilities {acceptInsecureCerts: false, browserName: MicrosoftEdge, browserVersion: 145.0.3800.82, fedcm:accounts: true, goog:processID: 7524, ms:edgeOptions: {debuggerAddress: localhost:50276}, msedge: {msedgedriverVersion: 145.0.3800.82 (de59ede99663..., userDataDir: C:\Users\HAPPYF~1\AppData\L...}, networkConnectionEnabled: false, pageLoadStrategy: normal, platformName: windows, proxy: Proxy(), se:cdp: ws://localhost:50276/devtoo..., se:cdpVersion: 145.0.3800.82, setWindowRect: true, strictFileInteractability: false, timeouts: {implicit: 0, pageLoad: 300000, script: 30000}, unhandledPromptBehavior: dismiss and notify, webauthn:extension:credBlob: true, webauthn:extension:largeBlob: true, webauthn:extension:minPinLength: true, webauthn:extension:prf: true, webauthn:virtualAuthenticators: true}
Session ID: f13a8c99816cb4d98339a4a2b4c01055
at org.openqa.selenium.remote.ErrorCodec.decode(ErrorCodec.java:167)
at org.openqa.selenium.remote.codec.w3c.W3CHttpResponseCodec.decode(W3CHttpResponseCodec.java:138)
at org.openqa.selenium.remote.codec.w3c.W3CHttpResponseCodec.decode(W3CHttpResponseCodec.java:50)
at org.openqa.selenium.remote.HttpCommandExecutor.execute(HttpCommandExecutor.java:215)
at org.openqa.selenium.remote.service.DriverCommandExecutor.invokeExecute(DriverCommandExecutor.java:216)
at org.openqa.selenium.remote.service.DriverCommandExecutor.execute(DriverCommandExecutor.java:174)
at org.openqa.selenium.remote.RemoteWebDriver.execute(RemoteWebDriver.java:557)
at org.openqa.selenium.remote.ElementLocation$ElementFinder$2.findElement(ElementLocation.java:165)
at org.openqa.selenium.remote.ElementLocation.findElement(ElementLocation.java:59)
at org.openqa.selenium.remote.RemoteWebDriver.findElement(RemoteWebDriver.java:380)
at org.openqa.selenium.remote.RemoteWebDriver.findElement(RemoteWebDriver.java:374)
at org.openqa.selenium.support.pagefactory.DefaultElementLocator.findElement(DefaultElementLocator.java:68)
at org.openqa.selenium.support.pagefactory.internal.LocatingElementHandler.invoke(LocatingElementHandler.java:38)
at jdk.proxy2/jdk.proxy2.$Proxy27.isDisplayed(Unknown Source)
at org.openqa.selenium.support.ui.ExpectedConditions.elementIfVisible(ExpectedConditions.java:308)
at org.openqa.selenium.support.ui.ExpectedConditions$10.apply(ExpectedConditions.java:294)
at org.openqa.selenium.support.ui.ExpectedConditions$10.apply(ExpectedConditions.java:291)
at org.openqa.selenium.support.ui.FluentWait.until(FluentWait.java:203)
at pageObjects.LaunchPage.clickGetStarted(LaunchPage.java:27)
at suite.RegisterDataTest.verifyRegister(RegisterDataTest.java:53)
at java.base/java.util.ArrayList.forEach(ArrayList.java:1511)
at java.base/java.util.concurrent.FutureTask.run(FutureTask.java:264)
at java.base/java.util.concurrent.ThreadPoolExecutor.runWorker(ThreadPoolExecutor.java:1136)
at java.base/java.util.concurrent.ThreadPoolExecutor$Worker.run(ThreadPoolExecutor.java:635)
at java.base/java.lang.Thread.run(Thread.java:840)
... Removed 21 stack frames]]>
    </failure>
  </testcase> <!-- verifyRegister -->
  <testcase classname="suite.LaunchPageTest" name="verifyLaunchPageTitle" time="0.0">
    <skipped/>
  </testcase> <!-- verifyLaunchPageTitle -->
  <testcase classname="suite.HomePageTest" name="verifyNavigationToHomePage" time="0.0">
    <skipped/>
  </testcase> <!-- verifyNavigationToHomePage -->
  <testcase classname="suite.LoginPageTest" name="verifyLogin" time="0.0">
    <skipped/>
  </testcase> <!-- verifyLogin -->
  <testcase classname="suite.LoginPageTest" name="verifyLogin" time="0.002">
    <skipped/>
  </testcase> <!-- verifyLogin -->
  <testcase classname="suite.LoginPageTest" name="verifyLogin" time="0.0">
    <skipped/>
  </testcase> <!-- verifyLogin -->
  <testcase classname="suite.LoginPageTest" name="verifyLogin" time="0.001">
    <skipped/>
  </testcase> <!-- verifyLogin -->
  <testcase classname="suite.LoginPageTest" name="verifyLogin" time="0.0">
    <skipped/>
  </testcase> <!-- verifyLogin -->
  <testcase classname="suite.LoginPageTest" name="verifyLogin" time="0.0">
    <skipped/>
  </testcase> <!-- verifyLogin -->
  <testcase classname="suite.ArraysListTest" name="userLoginToDsAlgo" time="0.0">
    <skipped/>
  </testcase> <!-- userLoginToDsAlgo -->
  <testcase classname="suite.GraphListTest" name="loginToDsAlgo" time="0.0">
    <skipped/>
  </testcase> <!-- loginToDsAlgo -->
  <testcase classname="suite.LaunchPageTest" name="verifyGetStartedButtonAndNavigation" time="0.0">
    <skipped/>
  </testcase> <!-- verifyGetStartedButtonAndNavigation -->
  <testcase classname="suite.HomePageTest" name="verifyDropdownModules" time="0.0">
    <skipped/>
  </testcase> <!-- verifyDropdownModules -->
  <testcase classname="suite.ArraysListTest" name="clickGetStartedArrayPanel" time="0.0">
    <skipped/>
  </testcase> <!-- clickGetStartedArrayPanel -->
  <testcase classname="suite.GraphListTest" name="navigateToGraphSection" time="0.0">
    <skipped/>
  </testcase> <!-- navigateToGraphSection -->
  <testcase classname="suite.HomePageTest" name="verifyWarningMessageForModules" time="0.0">
    <skipped/>
  </testcase> <!-- verifyWarningMessageForModules -->
  <testcase classname="suite.HomePageTest" name="verifyWarningMessageForModules" time="0.0">
    <skipped/>
  </testcase> <!-- verifyWarningMessageForModules -->
  <testcase classname="suite.HomePageTest" name="verifyWarningMessageForModules" time="0.0">
    <skipped/>
  </testcase> <!-- verifyWarningMessageForModules -->
  <testcase classname="suite.HomePageTest" name="verifyWarningMessageForModules" time="0.0">
    <skipped/>
  </testcase> <!-- verifyWarningMessageForModules -->
  <testcase classname="suite.HomePageTest" name="verifyWarningMessageForModules" time="0.0">
    <skipped/>
  </testcase> <!-- verifyWarningMessageForModules -->
  <testcase classname="suite.HomePageTest" name="verifyWarningMessageForModules" time="0.001">
    <skipped/>
  </testcase> <!-- verifyWarningMessageForModules -->
  <testcase classname="suite.ArraysListTest" name="verifyArrayPageNavigation" time="0.0">
    <skipped/>
  </testcase> <!-- verifyArrayPageNavigation -->
  <testcase classname="suite.GraphListTest" name="openGraphTopicPage" time="0.0">
    <skipped/>
  </testcase> <!-- openGraphTopicPage -->
  <testcase classname="suite.HomePageTest" name="verifyWarningMessageForModulesGetstarted" time="0.0">
    <skipped/>
  </testcase> <!-- verifyWarningMessageForModulesGetstarted -->
  <testcase classname="suite.HomePageTest" name="verifyWarningMessageForModulesGetstarted" time="0.0">
    <skipped/>
  </testcase> <!-- verifyWarningMessageForModulesGetstarted -->
  <testcase classname="suite.HomePageTest" name="verifyWarningMessageForModulesGetstarted" time="0.0">
    <skipped/>
  </testcase> <!-- verifyWarningMessageForModulesGetstarted -->
  <testcase classname="suite.HomePageTest" name="verifyWarningMessageForModulesGetstarted" time="0.0">
    <skipped/>
  </testcase> <!-- verifyWarningMessageForModulesGetstarted -->
  <testcase classname="suite.HomePageTest" name="verifyWarningMessageForModulesGetstarted" time="0.0">
    <skipped/>
  </testcase> <!-- verifyWarningMessageForModulesGetstarted -->
  <testcase classname="suite.HomePageTest" name="verifyWarningMessageForModulesGetstarted" time="0.0">
    <skipped/>
  </testcase> <!-- verifyWarningMessageForModulesGetstarted -->
  <testcase classname="suite.ArraysListTest" name="clickArraysInPythonLink" time="0.0">
    <skipped/>
  </testcase> <!-- clickArraysInPythonLink -->
  <testcase classname="suite.GraphListTest" name="openGraphTopicTryEditor" time="0.0">
    <skipped/>
  </testcase> <!-- openGraphTopicTryEditor -->
  <testcase classname="suite.ArraysListTest" name="clickTryHereButton" time="0.0">
    <skipped/>
  </testcase> <!-- clickTryHereButton -->
  <testcase classname="suite.GraphListTest" name="runInvalidGraphTopicCode" time="0.0">
    <skipped/>
  </testcase> <!-- runInvalidGraphTopicCode -->
  <testcase classname="suite.ArraysListTest" name="runInvalidCodeAndVerifyAlert" time="0.001">
    <skipped/>
  </testcase> <!-- runInvalidCodeAndVerifyAlert -->
  <testcase classname="suite.GraphListTest" name="openGraphRepresentationsPage" time="0.0">
    <skipped/>
  </testcase> <!-- openGraphRepresentationsPage -->
  <testcase classname="suite.ArraysListTest" name="runValidCodeAndVerifyOutput" time="0.0">
    <skipped/>
  </testcase> <!-- runValidCodeAndVerifyOutput -->
  <testcase classname="suite.GraphListTest" name="openGraphRepresentationsTryEditor" time="0.0">
    <skipped/>
  </testcase> <!-- openGraphRepresentationsTryEditor -->
  <testcase classname="suite.ArraysListTest" name="runCodeUsingDataDriven" time="0.0">
    <skipped/>
  </testcase> <!-- runCodeUsingDataDriven -->
  <testcase classname="suite.GraphListTest" name="runInvalidGraphRepresentationsCode" time="0.0">
    <skipped/>
  </testcase> <!-- runInvalidGraphRepresentationsCode -->
  <testcase classname="suite.GraphListTest" name="runValidGraphCodeUsingDataDriven" time="0.0">
    <skipped/>
  </testcase> <!-- runValidGraphCodeUsingDataDriven -->
  <testcase classname="base.BaseTest" name="@AfterSuite tearDownExtentReports" time="0.0">
    <ignored/>
  </testcase> <!-- @AfterSuite tearDownExtentReports -->
  <testcase classname="base.BaseTest" name="@BeforeSuite setupExtentReports" time="0.0">
    <ignored/>
  </testcase> <!-- @BeforeSuite setupExtentReports -->
  <testcase classname="base.BaseTest" name="@AfterSuite tearDownExtentReports" time="0.0">
    <ignored/>
  </testcase> <!-- @AfterSuite tearDownExtentReports -->
  <testcase classname="base.BaseTest" name="@BeforeSuite setupExtentReports" time="0.0">
    <ignored/>
  </testcase> <!-- @BeforeSuite setupExtentReports -->
  <testcase classname="base.BaseTest" name="@BeforeSuite setupExtentReports" time="0.0">
    <ignored/>
  </testcase> <!-- @BeforeSuite setupExtentReports -->
  <testcase classname="base.BaseTest" name="@BeforeSuite setupExtentReports" time="0.0">
    <ignored/>
  </testcase> <!-- @BeforeSuite setupExtentReports -->
  <testcase classname="base.BaseTest" name="@AfterSuite tearDownExtentReports" time="0.0">
    <ignored/>
  </testcase> <!-- @AfterSuite tearDownExtentReports -->
  <testcase classname="base.BaseTest" name="@AfterSuite tearDownExtentReports" time="0.0">
    <ignored/>
  </testcase> <!-- @AfterSuite tearDownExtentReports -->
  <testcase classname="base.BaseTest" name="@AfterSuite tearDownExtentReports" time="0.0">
    <ignored/>
  </testcase> <!-- @AfterSuite tearDownExtentReports -->
  <testcase classname="base.BaseTest" name="@BeforeSuite setupExtentReports" time="0.0">
    <ignored/>
  </testcase> <!-- @BeforeSuite setupExtentReports -->
</testsuite> <!-- EdgeTests -->
