<?xml version="1.0" encoding="UTF-8"?>
<testsuite xmlns:xsi="http://www.w3.org/2001/XMLSchema-instance" xsi:noNamespaceSchemaLocation="https://maven.apache.org/surefire/maven-surefire-plugin/xsd/surefire-test-report-3.0.xsd" version="3.0" name="TestSuite" time="1.797" tests="29" errors="0" skipped="26" failures="3">
  <properties>
[...]
</properties>
  <testcase name="setUp" classname="suite.ArraysListTest" time="1.364">
    <failure message="Cannot invoke &quot;String.toLowerCase()&quot; because &quot;browser&quot; is null" type="java.lang.NullPointerException"><![CDATA[java.lang.NullPointerException: Cannot invoke "String.toLowerCase()" because "browser" is null
	at driver.DriverFactory.createDriver(DriverFactory.java:30)
	at driver.DriverFactory.getDriver(DriverFactory.java:22)
	at suite.ArraysListTest.setUp(ArraysListTest.java:33)
	at java.base/jdk.internal.reflect.DirectMethodHandleAccessor.invoke(DirectMethodHandleAccessor.java:104)
	at java.base/java.lang.reflect.Method.invoke(Method.java:565)
	at org.testng.internal.invokers.MethodInvocationHelper.invokeMethod(MethodInvocationHelper.java:139)
	at org.testng.internal.invokers.MethodInvocationHelper.invokeMethodConsideringTimeout(MethodInvocationHelper.java:69)
	at org.testng.internal.invokers.ConfigInvoker.invokeConfigurationMethod(ConfigInvoker.java:390)
	at org.testng.internal.invokers.ConfigInvoker.invokeConfigurations(ConfigInvoker.java:325)
	at org.testng.internal.invokers.TestMethodWorker.invokeBeforeClassMethods(TestMethodWorker.java:180)
	at org.testng.internal.invokers.TestMethodWorker.run(TestMethodWorker.java:122)
	at java.base/java.util.ArrayList.forEach(ArrayList.java:1604)
	at org.testng.TestRunner.privateRun(TestRunner.java:848)
	at org.testng.TestRunner.run(TestRunner.java:621)
	at org.testng.SuiteRunner.runTest(SuiteRunner.java:443)
	at org.testng.SuiteRunner.runSequentially(SuiteRunner.java:437)
	at org.testng.SuiteRunner.privateRun(SuiteRunner.java:397)
	at org.testng.SuiteRunner.run(SuiteRunner.java:336)
	at org.testng.SuiteRunnerWorker.runSuite(SuiteRunnerWorker.java:52)
	at org.testng.SuiteRunnerWorker.run(SuiteRunnerWorker.java:95)
	at org.testng.TestNG.runSuitesSequentially(TestNG.java:1280)
	at org.testng.TestNG.runSuitesLocally(TestNG.java:1200)
	at org.testng.TestNG.runSuites(TestNG.java:1114)
	at org.testng.TestNG.run(TestNG.java:1082)
	at org.apache.maven.surefire.testng.TestNGExecutor.run(TestNGExecutor.java:155)
	at org.apache.maven.surefire.testng.TestNGDirectoryTestSuite.executeMulti(TestNGDirectoryTestSuite.java:169)
	at org.apache.maven.surefire.testng.TestNGDirectoryTestSuite.execute(TestNGDirectoryTestSuite.java:88)
	at org.apache.maven.surefire.testng.TestNGProvider.invoke(TestNGProvider.java:137)
	at org.apache.maven.surefire.booter.ForkedBooter.runSuitesInProcess(ForkedBooter.java:385)
	at org.apache.maven.surefire.booter.ForkedBooter.execute(ForkedBooter.java:162)
	at org.apache.maven.surefire.booter.ForkedBooter.run(ForkedBooter.java:507)
	at org.apache.maven.surefire.booter.ForkedBooter.main(ForkedBooter.java:495)
]]></failure>
    <system-out><![CDATA[ Browser : null
]]></system-out>
    <system-err><![CDATA[SLF4J: Failed to load class "org.slf4j.impl.StaticLoggerBinder".
SLF4J: Defaulting to no-operation (NOP) logger implementation
SLF4J: See http://www.slf4j.org/codes.html#StaticLoggerBinder for further details.
]]></system-err>
  </testcase>
  <testcase name="userLoginToDsAlgo" classname="suite.ArraysListTest" time="0.0">
    <skipped message="Cannot invoke &quot;String.toLowerCase()&quot; because &quot;browser&quot; is null"/>
  </testcase>
  <testcase name="clickGetStartedArrayPanel" classname="suite.ArraysListTest" time="0.0">
    <skipped message="Cannot invoke &quot;String.toLowerCase()&quot; because &quot;browser&quot; is null"/>
  </testcase>
  <testcase name="verifyArrayPageNavigation" classname="suite.ArraysListTest" time="0.0">
    <skipped message="Cannot invoke &quot;String.toLowerCase()&quot; because &quot;browser&quot; is null"/>
  </testcase>
  <testcase name="clickArraysInPythonLink" classname="suite.ArraysListTest" time="0.0">
    <skipped message="Cannot invoke &quot;String.toLowerCase()&quot; because &quot;browser&quot; is null"/>
  </testcase>
  <testcase name="clickTryHereButton" classname="suite.ArraysListTest" time="0.0">
    <skipped message="Cannot invoke &quot;String.toLowerCase()&quot; because &quot;browser&quot; is null"/>
  </testcase>
  <testcase name="runInvalidCodeAndVerifyAlert" classname="suite.ArraysListTest" time="0.0">
    <skipped message="Cannot invoke &quot;String.toLowerCase()&quot; because &quot;browser&quot; is null"/>
  </testcase>
  <testcase name="runValidCodeAndVerifyOutput" classname="suite.ArraysListTest" time="0.0">
    <skipped message="Cannot invoke &quot;String.toLowerCase()&quot; because &quot;browser&quot; is null"/>
  </testcase>
  <testcase name="runCodeUsingDataDriven" classname="suite.ArraysListTest" time="0.0">
    <skipped message="Cannot invoke &quot;String.toLowerCase()&quot; because &quot;browser&quot; is null"/>
  </testcase>
  <testcase name="tearDown" classname="suite.ArraysListTest" time="0.0">
    <skipped/>
  </testcase>
  <testcase name="setUp" classname="suite.GraphListTest" time="0.007">
    <failure message="Cannot invoke &quot;String.toLowerCase()&quot; because &quot;browser&quot; is null" type="java.lang.NullPointerException"><![CDATA[java.lang.NullPointerException: Cannot invoke "String.toLowerCase()" because "browser" is null
	at driver.DriverFactory.createDriver(DriverFactory.java:30)
	at driver.DriverFactory.getDriver(DriverFactory.java:22)
	at suite.GraphListTest.setUp(GraphListTest.java:33)
	at java.base/jdk.internal.reflect.DirectMethodHandleAccessor.invoke(DirectMethodHandleAccessor.java:104)
	at java.base/java.lang.reflect.Method.invoke(Method.java:565)
	at org.testng.internal.invokers.MethodInvocationHelper.invokeMethod(MethodInvocationHelper.java:139)
	at org.testng.internal.invokers.MethodInvocationHelper.invokeMethodConsideringTimeout(MethodInvocationHelper.java:69)
	at org.testng.internal.invokers.ConfigInvoker.invokeConfigurationMethod(ConfigInvoker.java:390)
	at org.testng.internal.invokers.ConfigInvoker.invokeConfigurations(ConfigInvoker.java:325)
	at org.testng.internal.invokers.TestMethodWorker.invokeBeforeClassMethods(TestMethodWorker.java:180)
	at org.testng.internal.invokers.TestMethodWorker.run(TestMethodWorker.java:122)
	at java.base/java.util.ArrayList.forEach(ArrayList.java:1604)
	at org.testng.TestRunner.privateRun(TestRunner.java:848)
	at org.testng.TestRunner.run(TestRunner.java:621)
	at org.testng.SuiteRunner.runTest(SuiteRunner.java:443)
	at org.testng.SuiteRunner.runSequentially(SuiteRunner.java:437)
	at org.testng.SuiteRunner.privateRun(SuiteRunner.java:397)
	at org.testng.SuiteRunner.run(SuiteRunner.java:336)
	at org.testng.SuiteRunnerWorker.runSuite(SuiteRunnerWorker.java:52)
	at org.testng.SuiteRunnerWorker.run(SuiteRunnerWorker.java:95)
	at org.testng.TestNG.runSuitesSequentially(TestNG.java:1280)
	at org.testng.TestNG.runSuitesLocally(TestNG.java:1200)
	at org.testng.TestNG.runSuites(TestNG.java:1114)
	at org.testng.TestNG.run(TestNG.java:1082)
	at org.apache.maven.surefire.testng.TestNGExecutor.run(TestNGExecutor.java:155)
	at org.apache.maven.surefire.testng.TestNGDirectoryTestSuite.executeMulti(TestNGDirectoryTestSuite.java:169)
	at org.apache.maven.surefire.testng.TestNGDirectoryTestSuite.execute(TestNGDirectoryTestSuite.java:88)
	at org.apache.maven.surefire.testng.TestNGProvider.invoke(TestNGProvider.java:137)
	at org.apache.maven.surefire.booter.ForkedBooter.runSuitesInProcess(ForkedBooter.java:385)
	at org.apache.maven.surefire.booter.ForkedBooter.execute(ForkedBooter.java:162)
	at org.apache.maven.surefire.booter.ForkedBooter.run(ForkedBooter.java:507)
	at org.apache.maven.surefire.booter.ForkedBooter.main(ForkedBooter.java:495)
]]></failure>
    <system-out><![CDATA[ Browser : null
]]></system-out>
  </testcase>
  <testcase name="loginToDsAlgo" classname="suite.GraphListTest" time="0.0">
    <skipped message="Cannot invoke &quot;String.toLowerCase()&quot; because &quot;browser&quot; is null"/>
  </testcase>
  <testcase name="navigateToGraphSection" classname="suite.GraphListTest" time="0.0">
    <skipped message="Cannot invoke &quot;String.toLowerCase()&quot; because &quot;browser&quot; is null"/>
  </testcase>
  <testcase name="openGraphTopicPage" classname="suite.GraphListTest" time="0.0">
    <skipped message="Cannot invoke &quot;String.toLowerCase()&quot; because &quot;browser&quot; is null"/>
  </testcase>
  <testcase name="openGraphTopicTryEditor" classname="suite.GraphListTest" time="0.0">
    <skipped message="Cannot invoke &quot;String.toLowerCase()&quot; because &quot;browser&quot; is null"/>
  </testcase>
  <testcase name="runInvalidGraphTopicCode" classname="suite.GraphListTest" time="0.0">
    <skipped message="Cannot invoke &quot;String.toLowerCase()&quot; because &quot;browser&quot; is null"/>
  </testcase>
  <testcase name="openGraphRepresentationsPage" classname="suite.GraphListTest" time="0.0">
    <skipped message="Cannot invoke &quot;String.toLowerCase()&quot; because &quot;browser&quot; is null"/>
  </testcase>
  <testcase name="openGraphRepresentationsTryEditor" classname="suite.GraphListTest" time="0.0">
    <skipped message="Cannot invoke &quot;String.toLowerCase()&quot; because &quot;browser&quot; is null"/>
  </testcase>
  <testcase name="runInvalidGraphRepresentationsCode" classname="suite.GraphListTest" time="0.0">
    <skipped message="Cannot invoke &quot;String.toLowerCase()&quot; because &quot;browser&quot; is null"/>
  </testcase>
  <testcase name="runValidGraphCodeUsingDataDriven" classname="suite.GraphListTest" time="0.0">
    <skipped message="Cannot invoke &quot;String.toLowerCase()&quot; because &quot;browser&quot; is null"/>
  </testcase>
  <testcase name="tearDown" classname="suite.GraphListTest" time="0.0">
    <skipped/>
  </testcase>
  <testcase name="setUp" classname="suite.LoginTest" time="0.005">
    <failure message="Cannot invoke &quot;String.toLowerCase()&quot; because &quot;browser&quot; is null" type="java.lang.NullPointerException"><![CDATA[java.lang.NullPointerException: Cannot invoke "String.toLowerCase()" because "browser" is null
	at driver.DriverFactory.createDriver(DriverFactory.java:30)
	at driver.DriverFactory.getDriver(DriverFactory.java:22)
	at suite.LoginTest.setUp(LoginTest.java:22)
	at java.base/jdk.internal.reflect.DirectMethodHandleAccessor.invoke(DirectMethodHandleAccessor.java:104)
	at java.base/java.lang.reflect.Method.invoke(Method.java:565)
	at org.testng.internal.invokers.MethodInvocationHelper.invokeMethod(MethodInvocationHelper.java:139)
	at org.testng.internal.invokers.MethodInvocationHelper.invokeMethodConsideringTimeout(MethodInvocationHelper.java:69)
	at org.testng.internal.invokers.ConfigInvoker.invokeConfigurationMethod(ConfigInvoker.java:390)
	at org.testng.internal.invokers.ConfigInvoker.invokeConfigurations(ConfigInvoker.java:325)
	at org.testng.internal.invokers.TestMethodWorker.invokeBeforeClassMethods(TestMethodWorker.java:180)
	at org.testng.internal.invokers.TestMethodWorker.run(TestMethodWorker.java:122)
	at java.base/java.util.ArrayList.forEach(ArrayList.java:1604)
	at org.testng.TestRunner.privateRun(TestRunner.java:848)
	at org.testng.TestRunner.run(TestRunner.java:621)
	at org.testng.SuiteRunner.runTest(SuiteRunner.java:443)
	at org.testng.SuiteRunner.runSequentially(SuiteRunner.java:437)
	at org.testng.SuiteRunner.privateRun(SuiteRunner.java:397)
	at org.testng.SuiteRunner.run(SuiteRunner.java:336)
	at org.testng.SuiteRunnerWorker.runSuite(SuiteRunnerWorker.java:52)
	at org.testng.SuiteRunnerWorker.run(SuiteRunnerWorker.java:95)
	at org.testng.TestNG.runSuitesSequentially(TestNG.java:1280)
	at org.testng.TestNG.runSuitesLocally(TestNG.java:1200)
	at org.testng.TestNG.runSuites(TestNG.java:1114)
	at org.testng.TestNG.run(TestNG.java:1082)
	at org.apache.maven.surefire.testng.TestNGExecutor.run(TestNGExecutor.java:155)
	at org.apache.maven.surefire.testng.TestNGDirectoryTestSuite.executeMulti(TestNGDirectoryTestSuite.java:169)
	at org.apache.maven.surefire.testng.TestNGDirectoryTestSuite.execute(TestNGDirectoryTestSuite.java:88)
	at org.apache.maven.surefire.testng.TestNGProvider.invoke(TestNGProvider.java:137)
	at org.apache.maven.surefire.booter.ForkedBooter.runSuitesInProcess(ForkedBooter.java:385)
	at org.apache.maven.surefire.booter.ForkedBooter.execute(ForkedBooter.java:162)
	at org.apache.maven.surefire.booter.ForkedBooter.run(ForkedBooter.java:507)
	at org.apache.maven.surefire.booter.ForkedBooter.main(ForkedBooter.java:495)
]]></failure>
    <system-out><![CDATA[ Browser : null
]]></system-out>
  </testcase>
  <testcase name="navigateToLoginPage" classname="suite.LoginTest" time="0.0">
    <skipped message="Cannot invoke &quot;String.toLowerCase()&quot; because &quot;browser&quot; is null"/>
  </testcase>
  <testcase name="loginWithEmptyCredentials" classname="suite.LoginTest" time="0.0">
    <skipped message="Cannot invoke &quot;String.toLowerCase()&quot; because &quot;browser&quot; is null"/>
  </testcase>
  <testcase name="loginWithInvalidCredentials" classname="suite.LoginTest" time="0.0">
    <skipped message="Cannot invoke &quot;String.toLowerCase()&quot; because &quot;browser&quot; is null"/>
  </testcase>
  <testcase name="loginWithValidCredentials" classname="suite.LoginTest" time="0.0">
    <skipped message="Cannot invoke &quot;String.toLowerCase()&quot; because &quot;browser&quot; is null"/>
  </testcase>
  <testcase name="loginUsingExcelData" classname="suite.LoginTest" time="0.0">
    <skipped message="Cannot invoke &quot;String.toLowerCase()&quot; because &quot;browser&quot; is null"/>
  </testcase>
  <testcase name="captureScreenshotAfterLogin" classname="suite.LoginTest" time="0.0">
    <skipped message="Cannot invoke &quot;String.toLowerCase()&quot; because &quot;browser&quot; is null"/>
  </testcase>
  <testcase name="tearDown" classname="suite.LoginTest" time="0.0">
    <skipped/>
  </testcase>
</testsuite>