<?xml version="1.0" encoding="UTF-8"?>
<testng-results ignored="8" total="10" passed="2" failed="0" skipped="0">
  <reporter-output>
  </reporter-output>
  <suite started-at="2026-03-11T15:53:15 EDT" name="Default suite" finished-at="2026-03-11T15:53:31 EDT" duration-ms="15681">
    <groups>
      <group name="regression">
        <method signature="GraphListTest.navigateToGraphSection(java.lang.String)[pri:2, instance:suite.GraphListTest@1a1da881]" name="navigateToGraphSection" class="suite.GraphListTest"/>
      </group> <!-- regression -->
      <group name="graph">
        <method signature="GraphListTest.navigateToGraphSection(java.lang.String)[pri:2, instance:suite.GraphListTest@1a1da881]" name="navigateToGraphSection" class="suite.GraphListTest"/>
      </group> <!-- graph -->
    </groups>
    <test started-at="2026-03-11T15:53:15 EDT" name="Default test" finished-at="2026-03-11T15:53:31 EDT" duration-ms="15681">
      <class name="suite.GraphListTest">
        <test-method is-config="true" signature="setup(java.lang.String)[pri:0, instance:suite.GraphListTest@1a1da881]" started-at="2026-03-11T15:53:16 EDT" name="setup" finished-at="2026-03-11T15:53:20 EDT" duration-ms="4095" status="PASS">
          <params>
            <param index="0">
              <value>
                <![CDATA[chrome]]>
              </value>
            </param>
          </params>
          <reporter-output>
          </reporter-output>
        </test-method> <!-- setup -->
        <test-method is-config="true" signature="setUp()[pri:0, instance:suite.GraphListTest@1a1da881]" started-at="2026-03-11T15:53:21 EDT" name="setUp" finished-at="2026-03-11T15:53:21 EDT" duration-ms="51" status="PASS">
          <reporter-output>
          </reporter-output>
        </test-method> <!-- setUp -->
        <test-method signature="navigateToGraphSection(java.lang.String)[pri:2, instance:suite.GraphListTest@1a1da881]" started-at="2026-03-11T15:53:21 EDT" name="navigateToGraphSection" data-provider="graphlinks" finished-at="2026-03-11T15:53:25 EDT" duration-ms="4490" status="PASS">
          <params>
            <param index="0">
              <value>
                <![CDATA[Graph]]>
              </value>
            </param>
          </params>
          <reporter-output>
          </reporter-output>
        </test-method> <!-- navigateToGraphSection -->
        <test-method is-config="true" signature="tearDown()[pri:0, instance:suite.GraphListTest@1a1da881]" started-at="2026-03-11T15:53:25 EDT" name="tearDown" finished-at="2026-03-11T15:53:26 EDT" duration-ms="296" status="PASS">
          <reporter-output>
          </reporter-output>
        </test-method> <!-- tearDown -->
        <test-method is-config="true" signature="setup(java.lang.String)[pri:0, instance:suite.GraphListTest@1a1da881]" started-at="2026-03-11T15:53:26 EDT" name="setup" finished-at="2026-03-11T15:53:27 EDT" duration-ms="1675" status="PASS">
          <params>
            <param index="0">
              <value>
                <![CDATA[chrome]]>
              </value>
            </param>
          </params>
          <reporter-output>
          </reporter-output>
        </test-method> <!-- setup -->
        <test-method is-config="true" signature="setUp()[pri:0, instance:suite.GraphListTest@1a1da881]" started-at="2026-03-11T15:53:27 EDT" name="setUp" finished-at="2026-03-11T15:53:27 EDT" duration-ms="3" status="PASS">
          <reporter-output>
          </reporter-output>
        </test-method> <!-- setUp -->
        <test-method signature="navigateToGraphSection(java.lang.String)[pri:2, instance:suite.GraphListTest@1a1da881]" started-at="2026-03-11T15:53:27 EDT" name="navigateToGraphSection" data-provider="graphlinks" finished-at="2026-03-11T15:53:30 EDT" duration-ms="3145" status="PASS">
          <params>
            <param index="0">
              <value>
                <![CDATA[Graph Representations]]>
              </value>
            </param>
          </params>
          <reporter-output>
          </reporter-output>
        </test-method> <!-- navigateToGraphSection -->
        <test-method is-config="true" signature="tearDown()[pri:0, instance:suite.GraphListTest@1a1da881]" started-at="2026-03-11T15:53:30 EDT" name="tearDown" finished-at="2026-03-11T15:53:31 EDT" duration-ms="277" status="PASS">
          <reporter-output>
          </reporter-output>
        </test-method> <!-- tearDown -->
      </class> <!-- suite.GraphListTest -->
    </test> <!-- Default test -->
  </suite> <!-- Default suite -->
</testng-results>
