<?xml version="1.0" encoding="UTF-8"?>
<testng-results retried="4" ignored="0" total="81" passed="73" failed="4" skipped="0">
  <reporter-output>
  </reporter-output>
  <suite started-at="2026-03-11T11:34:00 EDT" name="Suite" finished-at="2026-03-11T11:40:01 EDT" duration-ms="360983">
    <groups>
      <group name="editor">
        <method signature="ArraysListTest.clickTryHereButton()[pri:5, instance:suite.ArraysListTest@5fb97279]" name="clickTryHereButton" class="suite.ArraysListTest"/>
        <method signature="ArraysListTest.runCodeUsingDataDriven(java.lang.String)[pri:8, instance:suite.ArraysListTest@5fb97279]" name="runCodeUsingDataDriven" class="suite.ArraysListTest"/>
        <method signature="LinkedListTest.runCodeUsingExcelData(java.lang.String)[pri:8, instance:suite.LinkedListTest@61861a29]" name="runCodeUsingExcelData" class="suite.LinkedListTest"/>
        <method signature="GraphListTest.runValidGraphCodeUsingDataDriven(java.lang.String)[pri:9, instance:suite.GraphListTest@439a8f59]" name="runValidGraphCodeUsingDataDriven" class="suite.GraphListTest"/>
        <method signature="StacklistTest.runCodeUsingExcelData(java.lang.String)[pri:11, instance:suite.StacklistTest@31024624]" name="runCodeUsingExcelData" class="suite.StacklistTest"/>
      </group> <!-- editor -->
      <group name="array">
        <method signature="ArraysListTest.clickGetStartedArrayPanel()[pri:2, instance:suite.ArraysListTest@5fb97279]" name="clickGetStartedArrayPanel" class="suite.ArraysListTest"/>
        <method signature="ArraysListTest.verifyArrayPageNavigation()[pri:3, instance:suite.ArraysListTest@5fb97279]" name="verifyArrayPageNavigation" class="suite.ArraysListTest"/>
        <method signature="ArraysListTest.clickArraysInPythonLink()[pri:4, instance:suite.ArraysListTest@5fb97279]" name="clickArraysInPythonLink" class="suite.ArraysListTest"/>
      </group> <!-- array -->
      <group name="regression">
        <method signature="ArraysListTest.clickArraysInPythonLink()[pri:4, instance:suite.ArraysListTest@5fb97279]" name="clickArraysInPythonLink" class="suite.ArraysListTest"/>
        <method signature="ArraysListTest.clickTryHereButton()[pri:5, instance:suite.ArraysListTest@5fb97279]" name="clickTryHereButton" class="suite.ArraysListTest"/>
        <method signature="ArraysListTest.runCodeUsingDataDriven(java.lang.String)[pri:8, instance:suite.ArraysListTest@5fb97279]" name="runCodeUsingDataDriven" class="suite.ArraysListTest"/>
        <method signature="LinkedListTest.runCodeUsingExcelData(java.lang.String)[pri:8, instance:suite.LinkedListTest@61861a29]" name="runCodeUsingExcelData" class="suite.LinkedListTest"/>
        <method signature="GraphListTest.runValidGraphCodeUsingDataDriven(java.lang.String)[pri:9, instance:suite.GraphListTest@439a8f59]" name="runValidGraphCodeUsingDataDriven" class="suite.GraphListTest"/>
        <method signature="StacklistTest.runCodeUsingExcelData(java.lang.String)[pri:11, instance:suite.StacklistTest@31024624]" name="runCodeUsingExcelData" class="suite.StacklistTest"/>
      </group> <!-- regression -->
      <group name="smoke">
        <method signature="ArraysListTest.LoginToDsAlgo()[pri:1, instance:suite.ArraysListTest@5fb97279]" name="LoginToDsAlgo" class="suite.ArraysListTest"/>
        <method signature="GraphListTest.LoginToDsAlgo()[pri:1, instance:suite.GraphListTest@439a8f59]" name="LoginToDsAlgo" class="suite.GraphListTest"/>
        <method signature="LinkedListTest.LoginToDsAlgo()[pri:1, instance:suite.LinkedListTest@61861a29]" name="LoginToDsAlgo" class="suite.LinkedListTest"/>
        <method signature="StacklistTest.LoginToDsAlgo()[pri:1, instance:suite.StacklistTest@31024624]" name="LoginToDsAlgo" class="suite.StacklistTest"/>
        <method signature="ArraysListTest.clickGetStartedArrayPanel()[pri:2, instance:suite.ArraysListTest@5fb97279]" name="clickGetStartedArrayPanel" class="suite.ArraysListTest"/>
        <method signature="ArraysListTest.verifyArrayPageNavigation()[pri:3, instance:suite.ArraysListTest@5fb97279]" name="verifyArrayPageNavigation" class="suite.ArraysListTest"/>
      </group> <!-- smoke -->
      <group name="login">
        <method signature="ArraysListTest.LoginToDsAlgo()[pri:1, instance:suite.ArraysListTest@5fb97279]" name="LoginToDsAlgo" class="suite.ArraysListTest"/>
        <method signature="GraphListTest.LoginToDsAlgo()[pri:1, instance:suite.GraphListTest@439a8f59]" name="LoginToDsAlgo" class="suite.GraphListTest"/>
        <method signature="LinkedListTest.LoginToDsAlgo()[pri:1, instance:suite.LinkedListTest@61861a29]" name="LoginToDsAlgo" class="suite.LinkedListTest"/>
        <method signature="StacklistTest.LoginToDsAlgo()[pri:1, instance:suite.StacklistTest@31024624]" name="LoginToDsAlgo" class="suite.StacklistTest"/>
      </group> <!-- login -->
    </groups>
    <test started-at="2026-03-11T11:34:00 EDT" name="ChromeTests" finished-at="2026-03-11T11:40:01 EDT" duration-ms="360983">
      <class name="suite.LinkedListTest">
        <test-method is-config="true" signature="setup(java.lang.String)[pri:0, instance:suite.LinkedListTest@61861a29]" started-at="2026-03-11T11:34:59 EDT" name="setup" finished-at="2026-03-11T11:35:01 EDT" duration-ms="1204" status="PASS">
          <params>
            <param index="0">
              <value>
                <![CDATA[chrome]]>
              </value>
            </param>
          </params>
          <reporter-output>
          </reporter-output>
        </test-method> <!-- setup -->
        <test-method is-config="true" signature="setUp()[pri:0, instance:suite.LinkedListTest@61861a29]" started-at="2026-03-11T11:35:01 EDT" name="setUp" finished-at="2026-03-11T11:35:01 EDT" duration-ms="4" status="PASS">
          <reporter-output>
          </reporter-output>
        </test-method> <!-- setUp -->
        <test-method signature="LoginToDsAlgo()[pri:1, instance:suite.LinkedListTest@61861a29]" started-at="2026-03-11T11:35:01 EDT" name="LoginToDsAlgo" finished-at="2026-03-11T11:35:03 EDT" duration-ms="2247" status="PASS">
          <reporter-output>
          </reporter-output>
        </test-method> <!-- LoginToDsAlgo -->
        <test-method is-config="true" signature="tearDown()[pri:0, instance:suite.LinkedListTest@61861a29]" started-at="2026-03-11T11:35:03 EDT" name="tearDown" finished-at="2026-03-11T11:35:03 EDT" duration-ms="181" status="PASS">
          <reporter-output>
          </reporter-output>
        </test-method> <!-- tearDown -->
        <test-method is-config="true" signature="setup(java.lang.String)[pri:0, instance:suite.LinkedListTest@61861a29]" started-at="2026-03-11T11:35:18 EDT" name="setup" finished-at="2026-03-11T11:35:19 EDT" duration-ms="1384" status="PASS">
          <params>
            <param index="0">
              <value>
                <![CDATA[chrome]]>
              </value>
            </param>
          </params>
          <reporter-output>
          </reporter-output>
        </test-method> <!-- setup -->
        <test-method is-config="true" signature="setUp()[pri:0, instance:suite.LinkedListTest@61861a29]" started-at="2026-03-11T11:35:19 EDT" name="setUp" finished-at="2026-03-11T11:35:19 EDT" duration-ms="1" status="PASS">
          <reporter-output>
          </reporter-output>
        </test-method> <!-- setUp -->
        <test-method signature="clickGetStartedLinkedListPanel()[pri:2, instance:suite.LinkedListTest@61861a29]" started-at="2026-03-11T11:35:19 EDT" name="clickGetStartedLinkedListPanel" finished-at="2026-03-11T11:35:21 EDT" duration-ms="2019" status="PASS">
          <reporter-output>
          </reporter-output>
        </test-method> <!-- clickGetStartedLinkedListPanel -->
        <test-method is-config="true" signature="tearDown()[pri:0, instance:suite.LinkedListTest@61861a29]" started-at="2026-03-11T11:35:21 EDT" name="tearDown" finished-at="2026-03-11T11:35:21 EDT" duration-ms="204" status="PASS">
          <reporter-output>
          </reporter-output>
        </test-method> <!-- tearDown -->
        <test-method is-config="true" signature="setup(java.lang.String)[pri:0, instance:suite.LinkedListTest@61861a29]" started-at="2026-03-11T11:35:50 EDT" name="setup" finished-at="2026-03-11T11:35:51 EDT" duration-ms="1249" status="PASS">
          <params>
            <param index="0">
              <value>
                <![CDATA[chrome]]>
              </value>
            </param>
          </params>
          <reporter-output>
          </reporter-output>
        </test-method> <!-- setup -->
        <test-method is-config="true" signature="setUp()[pri:0, instance:suite.LinkedListTest@61861a29]" started-at="2026-03-11T11:35:51 EDT" name="setUp" finished-at="2026-03-11T11:35:51 EDT" duration-ms="0" status="PASS">
          <reporter-output>
          </reporter-output>
        </test-method> <!-- setUp -->
        <test-method signature="verifyLinkedListPageNavigation()[pri:3, instance:suite.LinkedListTest@61861a29]" started-at="2026-03-11T11:35:51 EDT" name="verifyLinkedListPageNavigation" finished-at="2026-03-11T11:35:53 EDT" duration-ms="2166" status="PASS">
          <reporter-output>
          </reporter-output>
        </test-method> <!-- verifyLinkedListPageNavigation -->
        <test-method is-config="true" signature="tearDown()[pri:0, instance:suite.LinkedListTest@61861a29]" started-at="2026-03-11T11:35:53 EDT" name="tearDown" finished-at="2026-03-11T11:35:53 EDT" duration-ms="182" status="PASS">
          <reporter-output>
          </reporter-output>
        </test-method> <!-- tearDown -->
        <test-method is-config="true" signature="setup(java.lang.String)[pri:0, instance:suite.LinkedListTest@61861a29]" started-at="2026-03-11T11:36:21 EDT" name="setup" finished-at="2026-03-11T11:36:22 EDT" duration-ms="1229" status="PASS">
          <params>
            <param index="0">
              <value>
                <![CDATA[chrome]]>
              </value>
            </param>
          </params>
          <reporter-output>
          </reporter-output>
        </test-method> <!-- setup -->
        <test-method is-config="true" signature="setUp()[pri:0, instance:suite.LinkedListTest@61861a29]" started-at="2026-03-11T11:36:22 EDT" name="setUp" finished-at="2026-03-11T11:36:22 EDT" duration-ms="0" status="PASS">
          <reporter-output>
          </reporter-output>
        </test-method> <!-- setUp -->
        <test-method signature="clickIntroductionLink()[pri:4, instance:suite.LinkedListTest@61861a29]" started-at="2026-03-11T11:36:22 EDT" name="clickIntroductionLink" finished-at="2026-03-11T11:36:24 EDT" duration-ms="2430" status="PASS">
          <reporter-output>
          </reporter-output>
        </test-method> <!-- clickIntroductionLink -->
        <test-method is-config="true" signature="tearDown()[pri:0, instance:suite.LinkedListTest@61861a29]" started-at="2026-03-11T11:36:24 EDT" name="tearDown" finished-at="2026-03-11T11:36:24 EDT" duration-ms="173" status="PASS">
          <reporter-output>
          </reporter-output>
        </test-method> <!-- tearDown -->
        <test-method is-config="true" signature="setup(java.lang.String)[pri:0, instance:suite.LinkedListTest@61861a29]" started-at="2026-03-11T11:36:53 EDT" name="setup" finished-at="2026-03-11T11:36:54 EDT" duration-ms="1155" status="PASS">
          <params>
            <param index="0">
              <value>
                <![CDATA[chrome]]>
              </value>
            </param>
          </params>
          <reporter-output>
          </reporter-output>
        </test-method> <!-- setup -->
        <test-method is-config="true" signature="setUp()[pri:0, instance:suite.LinkedListTest@61861a29]" started-at="2026-03-11T11:36:54 EDT" name="setUp" finished-at="2026-03-11T11:36:54 EDT" duration-ms="1" status="PASS">
          <reporter-output>
          </reporter-output>
        </test-method> <!-- setUp -->
        <test-method signature="runInvalidCodeAndVerifyAlert()[pri:6, instance:suite.LinkedListTest@61861a29]" started-at="2026-03-11T11:36:54 EDT" name="runInvalidCodeAndVerifyAlert" finished-at="2026-03-11T11:36:57 EDT" duration-ms="3089" status="PASS">
          <reporter-output>
          </reporter-output>
        </test-method> <!-- runInvalidCodeAndVerifyAlert -->
        <test-method is-config="true" signature="tearDown()[pri:0, instance:suite.LinkedListTest@61861a29]" started-at="2026-03-11T11:36:57 EDT" name="tearDown" finished-at="2026-03-11T11:36:57 EDT" duration-ms="224" status="PASS">
          <reporter-output>
          </reporter-output>
        </test-method> <!-- tearDown -->
        <test-method is-config="true" signature="setup(java.lang.String)[pri:0, instance:suite.LinkedListTest@61861a29]" started-at="2026-03-11T11:37:12 EDT" name="setup" finished-at="2026-03-11T11:37:14 EDT" duration-ms="1195" status="PASS">
          <params>
            <param index="0">
              <value>
                <![CDATA[chrome]]>
              </value>
            </param>
          </params>
          <reporter-output>
          </reporter-output>
        </test-method> <!-- setup -->
        <test-method is-config="true" signature="setUp()[pri:0, instance:suite.LinkedListTest@61861a29]" started-at="2026-03-11T11:37:14 EDT" name="setUp" finished-at="2026-03-11T11:37:14 EDT" duration-ms="1" status="PASS">
          <reporter-output>
          </reporter-output>
        </test-method> <!-- setUp -->
        <test-method signature="runValidCodeAndVerifyOutput()[pri:7, instance:suite.LinkedListTest@61861a29]" started-at="2026-03-11T11:37:14 EDT" name="runValidCodeAndVerifyOutput" finished-at="2026-03-11T11:37:17 EDT" duration-ms="3199" status="PASS">
          <reporter-output>
          </reporter-output>
        </test-method> <!-- runValidCodeAndVerifyOutput -->
        <test-method is-config="true" signature="tearDown()[pri:0, instance:suite.LinkedListTest@61861a29]" started-at="2026-03-11T11:37:17 EDT" name="tearDown" finished-at="2026-03-11T11:37:17 EDT" duration-ms="187" status="PASS">
          <reporter-output>
          </reporter-output>
        </test-method> <!-- tearDown -->
        <test-method is-config="true" signature="setup(java.lang.String)[pri:0, instance:suite.LinkedListTest@61861a29]" started-at="2026-03-11T11:37:43 EDT" name="setup" finished-at="2026-03-11T11:37:45 EDT" duration-ms="1228" status="PASS">
          <params>
            <param index="0">
              <value>
                <![CDATA[chrome]]>
              </value>
            </param>
          </params>
          <reporter-output>
          </reporter-output>
        </test-method> <!-- setup -->
        <test-method is-config="true" signature="setUp()[pri:0, instance:suite.LinkedListTest@61861a29]" started-at="2026-03-11T11:37:45 EDT" name="setUp" finished-at="2026-03-11T11:37:45 EDT" duration-ms="0" status="PASS">
          <reporter-output>
          </reporter-output>
        </test-method> <!-- setUp -->
        <test-method signature="runCodeUsingExcelData(java.lang.String)[pri:8, instance:suite.LinkedListTest@61861a29]" started-at="2026-03-11T11:37:45 EDT" name="runCodeUsingExcelData" data-provider="arrayCodeData" finished-at="2026-03-11T11:37:48 EDT" duration-ms="3666" status="PASS">
          <params>
            <param index="0">
              <value>
                <![CDATA[print(5+3)]]>
              </value>
            </param>
          </params>
          <reporter-output>
          </reporter-output>
        </test-method> <!-- runCodeUsingExcelData -->
        <test-method is-config="true" signature="tearDown()[pri:0, instance:suite.LinkedListTest@61861a29]" started-at="2026-03-11T11:37:48 EDT" name="tearDown" finished-at="2026-03-11T11:37:48 EDT" duration-ms="207" status="PASS">
          <reporter-output>
          </reporter-output>
        </test-method> <!-- tearDown -->
        <test-method is-config="true" signature="setup(java.lang.String)[pri:0, instance:suite.LinkedListTest@61861a29]" started-at="2026-03-11T11:37:48 EDT" name="setup" finished-at="2026-03-11T11:37:50 EDT" duration-ms="1264" status="PASS">
          <params>
            <param index="0">
              <value>
                <![CDATA[chrome]]>
              </value>
            </param>
          </params>
          <reporter-output>
          </reporter-output>
        </test-method> <!-- setup -->
        <test-method is-config="true" signature="setUp()[pri:0, instance:suite.LinkedListTest@61861a29]" started-at="2026-03-11T11:37:50 EDT" name="setUp" finished-at="2026-03-11T11:37:50 EDT" duration-ms="0" status="PASS">
          <reporter-output>
          </reporter-output>
        </test-method> <!-- setUp -->
        <test-method signature="runCodeUsingExcelData(java.lang.String)[pri:8, instance:suite.LinkedListTest@61861a29]" started-at="2026-03-11T11:37:50 EDT" name="runCodeUsingExcelData" data-provider="arrayCodeData" finished-at="2026-03-11T11:37:54 EDT" duration-ms="3958" status="PASS">
          <params>
            <param index="0">
              <value>
                <![CDATA[print(10)]]>
              </value>
            </param>
          </params>
          <reporter-output>
          </reporter-output>
        </test-method> <!-- runCodeUsingExcelData -->
        <test-method is-config="true" signature="tearDown()[pri:0, instance:suite.LinkedListTest@61861a29]" started-at="2026-03-11T11:37:54 EDT" name="tearDown" finished-at="2026-03-11T11:37:54 EDT" duration-ms="198" status="PASS">
          <reporter-output>
          </reporter-output>
        </test-method> <!-- tearDown -->
        <test-method is-config="true" signature="setup(java.lang.String)[pri:0, instance:suite.LinkedListTest@61861a29]" started-at="2026-03-11T11:37:54 EDT" name="setup" finished-at="2026-03-11T11:37:55 EDT" duration-ms="1117" status="PASS">
          <params>
            <param index="0">
              <value>
                <![CDATA[chrome]]>
              </value>
            </param>
          </params>
          <reporter-output>
          </reporter-output>
        </test-method> <!-- setup -->
        <test-method is-config="true" signature="setUp()[pri:0, instance:suite.LinkedListTest@61861a29]" started-at="2026-03-11T11:37:55 EDT" name="setUp" finished-at="2026-03-11T11:37:55 EDT" duration-ms="2" status="PASS">
          <reporter-output>
          </reporter-output>
        </test-method> <!-- setUp -->
        <test-method signature="runCodeUsingExcelData(java.lang.String)[pri:8, instance:suite.LinkedListTest@61861a29]" started-at="2026-03-11T11:37:55 EDT" name="runCodeUsingExcelData" data-provider="arrayCodeData" finished-at="2026-03-11T11:37:58 EDT" duration-ms="2984" status="PASS">
          <params>
            <param index="0">
              <value>
                <![CDATA[print('Hello')]]>
              </value>
            </param>
          </params>
          <reporter-output>
          </reporter-output>
        </test-method> <!-- runCodeUsingExcelData -->
        <test-method is-config="true" signature="tearDown()[pri:0, instance:suite.LinkedListTest@61861a29]" started-at="2026-03-11T11:37:58 EDT" name="tearDown" finished-at="2026-03-11T11:37:58 EDT" duration-ms="201" status="PASS">
          <reporter-output>
          </reporter-output>
        </test-method> <!-- tearDown -->
        <test-method is-config="true" signature="setup(java.lang.String)[pri:0, instance:suite.LinkedListTest@61861a29]" started-at="2026-03-11T11:37:58 EDT" name="setup" finished-at="2026-03-11T11:37:59 EDT" duration-ms="1185" status="PASS">
          <params>
            <param index="0">
              <value>
                <![CDATA[chrome]]>
              </value>
            </param>
          </params>
          <reporter-output>
          </reporter-output>
        </test-method> <!-- setup -->
        <test-method is-config="true" signature="setUp()[pri:0, instance:suite.LinkedListTest@61861a29]" started-at="2026-03-11T11:37:59 EDT" name="setUp" finished-at="2026-03-11T11:37:59 EDT" duration-ms="1" status="PASS">
          <reporter-output>
          </reporter-output>
        </test-method> <!-- setUp -->
        <test-method signature="runCodeUsingExcelData(java.lang.String)[pri:8, instance:suite.LinkedListTest@61861a29]" started-at="2026-03-11T11:37:59 EDT" name="runCodeUsingExcelData" data-provider="arrayCodeData" finished-at="2026-03-11T11:38:03 EDT" duration-ms="3177" status="PASS">
          <params>
            <param index="0">
              <value>
                <![CDATA[print(100/2)]]>
              </value>
            </param>
          </params>
          <reporter-output>
          </reporter-output>
        </test-method> <!-- runCodeUsingExcelData -->
        <test-method is-config="true" signature="tearDown()[pri:0, instance:suite.LinkedListTest@61861a29]" started-at="2026-03-11T11:38:03 EDT" name="tearDown" finished-at="2026-03-11T11:38:03 EDT" duration-ms="179" status="PASS">
          <reporter-output>
          </reporter-output>
        </test-method> <!-- tearDown -->
      </class> <!-- suite.LinkedListTest -->
      <class name="suite.RegisterDataTest">
        <test-method is-config="true" signature="setup(java.lang.String)[pri:0, instance:suite.RegisterDataTest@55cf0d14]" started-at="2026-03-11T11:34:01 EDT" name="setup" finished-at="2026-03-11T11:34:04 EDT" duration-ms="3190" status="PASS">
          <params>
            <param index="0">
              <value>
                <![CDATA[chrome]]>
              </value>
            </param>
          </params>
          <reporter-output>
          </reporter-output>
        </test-method> <!-- setup -->
        <test-method signature="verifyRegister(java.util.Map)[pri:0, instance:suite.RegisterDataTest@55cf0d14]" started-at="2026-03-11T11:34:04 EDT" name="verifyRegister" data-provider="registerExcelData" finished-at="2026-03-11T11:34:09 EDT" duration-ms="4165" status="PASS">
          <params>
            <param index="0">
              <value>
                <![CDATA[{testId=TC001, username=invalid@test.com, password=wrong, confirmpassword=, ExpectedResult=Please fill out this field }]]>
              </value>
            </param>
          </params>
          <reporter-output>
          </reporter-output>
        </test-method> <!-- verifyRegister -->
        <test-method is-config="true" signature="tearDown()[pri:0, instance:suite.RegisterDataTest@55cf0d14]" started-at="2026-03-11T11:34:09 EDT" name="tearDown" finished-at="2026-03-11T11:34:10 EDT" duration-ms="905" status="PASS">
          <reporter-output>
          </reporter-output>
        </test-method> <!-- tearDown -->
        <test-method is-config="true" signature="setup(java.lang.String)[pri:0, instance:suite.RegisterDataTest@55cf0d14]" started-at="2026-03-11T11:34:10 EDT" name="setup" finished-at="2026-03-11T11:34:11 EDT" duration-ms="1254" status="PASS">
          <params>
            <param index="0">
              <value>
                <![CDATA[chrome]]>
              </value>
            </param>
          </params>
          <reporter-output>
          </reporter-output>
        </test-method> <!-- setup -->
        <test-method signature="verifyRegister(java.util.Map)[pri:0, instance:suite.RegisterDataTest@55cf0d14]" started-at="2026-03-11T11:34:11 EDT" name="verifyRegister" data-provider="registerExcelData" finished-at="2026-03-11T11:34:12 EDT" duration-ms="1329" status="PASS">
          <params>
            <param index="0">
              <value>
                <![CDATA[{testId=TC002, username=, password=C5Mha6FkdSAVEN@, confirmpassword=, ExpectedResult=Please fill out this field }]]>
              </value>
            </param>
          </params>
          <reporter-output>
          </reporter-output>
        </test-method> <!-- verifyRegister -->
        <test-method is-config="true" signature="tearDown()[pri:0, instance:suite.RegisterDataTest@55cf0d14]" started-at="2026-03-11T11:34:12 EDT" name="tearDown" finished-at="2026-03-11T11:34:12 EDT" duration-ms="221" status="PASS">
          <reporter-output>
          </reporter-output>
        </test-method> <!-- tearDown -->
        <test-method is-config="true" signature="setup(java.lang.String)[pri:0, instance:suite.RegisterDataTest@55cf0d14]" started-at="2026-03-11T11:34:12 EDT" name="setup" finished-at="2026-03-11T11:34:14 EDT" duration-ms="1354" status="PASS">
          <params>
            <param index="0">
              <value>
                <![CDATA[chrome]]>
              </value>
            </param>
          </params>
          <reporter-output>
          </reporter-output>
        </test-method> <!-- setup -->
        <test-method signature="verifyRegister(java.util.Map)[pri:0, instance:suite.RegisterDataTest@55cf0d14]" started-at="2026-03-11T11:34:14 EDT" name="verifyRegister" data-provider="registerExcelData" finished-at="2026-03-11T11:34:15 EDT" duration-ms="1435" status="PASS">
          <params>
            <param index="0">
              <value>
                <![CDATA[{testId=TC003, username=TestNinja, password=, confirmpassword=, ExpectedResult=Please fill out this field }]]>
              </value>
            </param>
          </params>
          <reporter-output>
          </reporter-output>
        </test-method> <!-- verifyRegister -->
        <test-method is-config="true" signature="tearDown()[pri:0, instance:suite.RegisterDataTest@55cf0d14]" started-at="2026-03-11T11:34:15 EDT" name="tearDown" finished-at="2026-03-11T11:34:15 EDT" duration-ms="207" status="PASS">
          <reporter-output>
          </reporter-output>
        </test-method> <!-- tearDown -->
        <test-method is-config="true" signature="setup(java.lang.String)[pri:0, instance:suite.RegisterDataTest@55cf0d14]" started-at="2026-03-11T11:34:15 EDT" name="setup" finished-at="2026-03-11T11:34:17 EDT" duration-ms="1381" status="PASS">
          <params>
            <param index="0">
              <value>
                <![CDATA[chrome]]>
              </value>
            </param>
          </params>
          <reporter-output>
          </reporter-output>
        </test-method> <!-- setup -->
        <test-method signature="verifyRegister(java.util.Map)[pri:0, instance:suite.RegisterDataTest@55cf0d14]" started-at="2026-03-11T11:34:17 EDT" name="verifyRegister" data-provider="registerExcelData" finished-at="2026-03-11T11:34:18 EDT" duration-ms="1123" status="PASS">
          <params>
            <param index="0">
              <value>
                <![CDATA[{testId=TC004, username=, password=, confirmpassword=, ExpectedResult=Please fill out this field }]]>
              </value>
            </param>
          </params>
          <reporter-output>
          </reporter-output>
        </test-method> <!-- verifyRegister -->
        <test-method is-config="true" signature="tearDown()[pri:0, instance:suite.RegisterDataTest@55cf0d14]" started-at="2026-03-11T11:34:18 EDT" name="tearDown" finished-at="2026-03-11T11:34:18 EDT" duration-ms="216" status="PASS">
          <reporter-output>
          </reporter-output>
        </test-method> <!-- tearDown -->
        <test-method is-config="true" signature="setup(java.lang.String)[pri:0, instance:suite.RegisterDataTest@55cf0d14]" started-at="2026-03-11T11:34:18 EDT" name="setup" finished-at="2026-03-11T11:34:19 EDT" duration-ms="1228" status="PASS">
          <params>
            <param index="0">
              <value>
                <![CDATA[chrome]]>
              </value>
            </param>
          </params>
          <reporter-output>
          </reporter-output>
        </test-method> <!-- setup -->
        <test-method signature="verifyRegister(java.util.Map)[pri:0, instance:suite.RegisterDataTest@55cf0d14]" started-at="2026-03-11T11:34:19 EDT" name="verifyRegister" data-provider="registerExcelData" finished-at="2026-03-11T11:34:21 EDT" duration-ms="1439" status="PASS">
          <params>
            <param index="0">
              <value>
                <![CDATA[{testId=TC005, username=Testuser, password=C5Mha6FkdSAVEN@, confirmpassword=C5Mha6FkdSAVEN@, ExpectedResult=password_mismatch:The two password fields didn’t match.}]]>
              </value>
            </param>
          </params>
          <reporter-output>
          </reporter-output>
        </test-method> <!-- verifyRegister -->
        <test-method is-config="true" signature="tearDown()[pri:0, instance:suite.RegisterDataTest@55cf0d14]" started-at="2026-03-11T11:34:21 EDT" name="tearDown" finished-at="2026-03-11T11:34:21 EDT" duration-ms="205" status="PASS">
          <reporter-output>
          </reporter-output>
        </test-method> <!-- tearDown -->
        <test-method is-config="true" signature="setup(java.lang.String)[pri:0, instance:suite.RegisterDataTest@55cf0d14]" started-at="2026-03-11T11:34:21 EDT" name="setup" finished-at="2026-03-11T11:34:22 EDT" duration-ms="1168" status="PASS">
          <params>
            <param index="0">
              <value>
                <![CDATA[chrome]]>
              </value>
            </param>
          </params>
          <reporter-output>
          </reporter-output>
        </test-method> <!-- setup -->
        <test-method signature="verifyRegister(java.util.Map)[pri:0, instance:suite.RegisterDataTest@55cf0d14]" started-at="2026-03-11T11:34:22 EDT" name="verifyRegister" data-provider="registerExcelData" finished-at="2026-03-11T11:34:24 EDT" duration-ms="1582" status="PASS">
          <params>
            <param index="0">
              <value>
                <![CDATA[{testId=TC006, username=Testuser, password=C5Mha6FkdSAVEN@, confirmpassword=C5Mha6FkdSAVEN@1234, ExpectedResult=password_mismatch:The two password fields didn’t match.}]]>
              </value>
            </param>
          </params>
          <reporter-output>
          </reporter-output>
        </test-method> <!-- verifyRegister -->
        <test-method is-config="true" signature="tearDown()[pri:0, instance:suite.RegisterDataTest@55cf0d14]" started-at="2026-03-11T11:34:24 EDT" name="tearDown" finished-at="2026-03-11T11:34:24 EDT" duration-ms="228" status="PASS">
          <reporter-output>
          </reporter-output>
        </test-method> <!-- tearDown -->
        <test-method is-config="true" signature="setup(java.lang.String)[pri:0, instance:suite.RegisterDataTest@55cf0d14]" started-at="2026-03-11T11:34:24 EDT" name="setup" finished-at="2026-03-11T11:34:25 EDT" duration-ms="1223" status="PASS">
          <params>
            <param index="0">
              <value>
                <![CDATA[chrome]]>
              </value>
            </param>
          </params>
          <reporter-output>
          </reporter-output>
        </test-method> <!-- setup -->
        <test-method retried="true" signature="verifyRegister(java.util.Map)[pri:0, instance:suite.RegisterDataTest@55cf0d14]" started-at="2026-03-11T11:34:25 EDT" name="verifyRegister" data-provider="registerExcelData" finished-at="2026-03-11T11:34:27 EDT" duration-ms="1492" status="SKIP">
          <params>
            <param index="0">
              <value>
                <![CDATA[{testId=TC007, username=user_name29c8e7d6, password=C5Mha6FkdSAVEN@, confirmpassword=C5Mha6FkdSAVEN@, ExpectedResult=New Account Created.}]]>
              </value>
            </param>
          </params>
          <exception class="java.lang.AssertionError">
            <message>
              <![CDATA[Expected alert: [New Account Created.] but got: [password_mismatch:The two password fields didn’t match.] expected [true] but found [false]]]>
            </message>
            <full-stacktrace>
              <![CDATA[java.lang.AssertionError: Expected alert: [New Account Created.] but got: [password_mismatch:The two password fields didn’t match.] expected [true] but found [false]
at org.testng.Assert.fail(Assert.java:111)
at org.testng.Assert.failNotEquals(Assert.java:1590)
at org.testng.Assert.assertTrue(Assert.java:57)
at suite.RegisterDataTest.verifyRegister(RegisterDataTest.java:64)
at java.base/jdk.internal.reflect.NativeMethodAccessorImpl.invoke0(Native Method)
at java.base/jdk.internal.reflect.NativeMethodAccessorImpl.invoke(NativeMethodAccessorImpl.java:77)
at java.base/jdk.internal.reflect.DelegatingMethodAccessorImpl.invoke(DelegatingMethodAccessorImpl.java:43)
at java.base/java.lang.reflect.Method.invoke(Method.java:569)
at org.testng.internal.invokers.MethodInvocationHelper.invokeMethod(MethodInvocationHelper.java:141)
at org.testng.internal.invokers.TestInvoker.invokeMethod(TestInvoker.java:687)
at org.testng.internal.invokers.TestInvoker.invokeTestMethod(TestInvoker.java:230)
at org.testng.internal.invokers.MethodRunner.runInSequence(MethodRunner.java:63)
at org.testng.internal.invokers.TestInvoker$MethodInvocationAgent.invoke(TestInvoker.java:995)
at org.testng.internal.invokers.TestInvoker.invokeTestMethods(TestInvoker.java:203)
at org.testng.internal.invokers.TestMethodWorker.invokeTestMethods(TestMethodWorker.java:154)
at org.testng.internal.invokers.TestMethodWorker.run(TestMethodWorker.java:134)
at java.base/java.util.ArrayList.forEach(ArrayList.java:1511)
at org.testng.TestRunner.privateRun(TestRunner.java:741)
at org.testng.TestRunner.run(TestRunner.java:616)
at org.testng.SuiteRunner.runTest(SuiteRunner.java:421)
at org.testng.SuiteRunner$SuiteWorker.run(SuiteRunner.java:463)
at org.testng.internal.thread.ThreadUtil.lambda$execute$0(ThreadUtil.java:64)
at java.base/java.util.concurrent.FutureTask.run(FutureTask.java:264)
at java.base/java.util.concurrent.ThreadPoolExecutor.runWorker(ThreadPoolExecutor.java:1136)
at java.base/java.util.concurrent.ThreadPoolExecutor$Worker.run(ThreadPoolExecutor.java:635)
at java.base/java.lang.Thread.run(Thread.java:840)
]]>
            </full-stacktrace>
          </exception> <!-- java.lang.AssertionError -->
          <reporter-output>
          </reporter-output>
        </test-method> <!-- verifyRegister -->
        <test-method is-config="true" signature="tearDown()[pri:0, instance:suite.RegisterDataTest@55cf0d14]" started-at="2026-03-11T11:34:27 EDT" name="tearDown" finished-at="2026-03-11T11:34:27 EDT" duration-ms="202" status="PASS">
          <reporter-output>
          </reporter-output>
        </test-method> <!-- tearDown -->
        <test-method is-config="true" signature="setup(java.lang.String)[pri:0, instance:suite.RegisterDataTest@55cf0d14]" started-at="2026-03-11T11:34:27 EDT" name="setup" finished-at="2026-03-11T11:34:28 EDT" duration-ms="1187" status="PASS">
          <params>
            <param index="0">
              <value>
                <![CDATA[chrome]]>
              </value>
            </param>
          </params>
          <reporter-output>
          </reporter-output>
        </test-method> <!-- setup -->
        <test-method signature="verifyRegister(java.util.Map)[pri:0, instance:suite.RegisterDataTest@55cf0d14]" started-at="2026-03-11T11:34:28 EDT" name="verifyRegister" data-provider="registerExcelData" finished-at="2026-03-11T11:34:30 EDT" duration-ms="2018" status="FAIL">
          <params>
            <param index="0">
              <value>
                <![CDATA[{testId=TC007, username=user_name29c8e7d6, password=C5Mha6FkdSAVEN@, confirmpassword=C5Mha6FkdSAVEN@, ExpectedResult=New Account Created.}]]>
              </value>
            </param>
          </params>
          <exception class="java.lang.AssertionError">
            <message>
              <![CDATA[Expected alert: [New Account Created.] but got: [password_mismatch:The two password fields didn’t match.] expected [true] but found [false]]]>
            </message>
            <full-stacktrace>
              <![CDATA[java.lang.AssertionError: Expected alert: [New Account Created.] but got: [password_mismatch:The two password fields didn’t match.] expected [true] but found [false]
at org.testng.Assert.fail(Assert.java:111)
at org.testng.Assert.failNotEquals(Assert.java:1590)
at org.testng.Assert.assertTrue(Assert.java:57)
at suite.RegisterDataTest.verifyRegister(RegisterDataTest.java:64)
at java.base/jdk.internal.reflect.NativeMethodAccessorImpl.invoke0(Native Method)
at java.base/jdk.internal.reflect.NativeMethodAccessorImpl.invoke(NativeMethodAccessorImpl.java:77)
at java.base/jdk.internal.reflect.DelegatingMethodAccessorImpl.invoke(DelegatingMethodAccessorImpl.java:43)
at java.base/java.lang.reflect.Method.invoke(Method.java:569)
at org.testng.internal.invokers.MethodInvocationHelper.invokeMethod(MethodInvocationHelper.java:141)
at org.testng.internal.invokers.TestInvoker.invokeMethod(TestInvoker.java:687)
at org.testng.internal.invokers.TestInvoker.retryFailed(TestInvoker.java:269)
at org.testng.internal.invokers.MethodRunner.runInSequence(MethodRunner.java:76)
at org.testng.internal.invokers.TestInvoker$MethodInvocationAgent.invoke(TestInvoker.java:995)
at org.testng.internal.invokers.TestInvoker.invokeTestMethods(TestInvoker.java:203)
at org.testng.internal.invokers.TestMethodWorker.invokeTestMethods(TestMethodWorker.java:154)
at org.testng.internal.invokers.TestMethodWorker.run(TestMethodWorker.java:134)
at java.base/java.util.ArrayList.forEach(ArrayList.java:1511)
at org.testng.TestRunner.privateRun(TestRunner.java:741)
at org.testng.TestRunner.run(TestRunner.java:616)
at org.testng.SuiteRunner.runTest(SuiteRunner.java:421)
at org.testng.SuiteRunner$SuiteWorker.run(SuiteRunner.java:463)
at org.testng.internal.thread.ThreadUtil.lambda$execute$0(ThreadUtil.java:64)
at java.base/java.util.concurrent.FutureTask.run(FutureTask.java:264)
at java.base/java.util.concurrent.ThreadPoolExecutor.runWorker(ThreadPoolExecutor.java:1136)
at java.base/java.util.concurrent.ThreadPoolExecutor$Worker.run(ThreadPoolExecutor.java:635)
at java.base/java.lang.Thread.run(Thread.java:840)
]]>
            </full-stacktrace>
          </exception> <!-- java.lang.AssertionError -->
          <reporter-output>
          </reporter-output>
        </test-method> <!-- verifyRegister -->
        <test-method is-config="true" signature="tearDown()[pri:0, instance:suite.RegisterDataTest@55cf0d14]" started-at="2026-03-11T11:34:30 EDT" name="tearDown" finished-at="2026-03-11T11:34:30 EDT" duration-ms="191" status="PASS">
          <reporter-output>
          </reporter-output>
        </test-method> <!-- tearDown -->
      </class> <!-- suite.RegisterDataTest -->
      <class name="suite.GraphListTest">
        <test-method is-config="true" signature="setup(java.lang.String)[pri:0, instance:suite.GraphListTest@439a8f59]" started-at="2026-03-11T11:34:56 EDT" name="setup" finished-at="2026-03-11T11:34:57 EDT" duration-ms="1479" status="PASS">
          <params>
            <param index="0">
              <value>
                <![CDATA[chrome]]>
              </value>
            </param>
          </params>
          <reporter-output>
          </reporter-output>
        </test-method> <!-- setup -->
        <test-method is-config="true" signature="setUp()[pri:0, instance:suite.GraphListTest@439a8f59]" started-at="2026-03-11T11:34:57 EDT" name="setUp" finished-at="2026-03-11T11:34:57 EDT" duration-ms="3" status="PASS">
          <reporter-output>
          </reporter-output>
        </test-method> <!-- setUp -->
        <test-method signature="LoginToDsAlgo()[pri:1, instance:suite.GraphListTest@439a8f59]" started-at="2026-03-11T11:34:57 EDT" name="LoginToDsAlgo" finished-at="2026-03-11T11:34:59 EDT" duration-ms="1776" status="PASS">
          <reporter-output>
          </reporter-output>
        </test-method> <!-- LoginToDsAlgo -->
        <test-method is-config="true" signature="tearDown()[pri:0, instance:suite.GraphListTest@439a8f59]" started-at="2026-03-11T11:34:59 EDT" name="tearDown" finished-at="2026-03-11T11:34:59 EDT" duration-ms="208" status="PASS">
          <reporter-output>
          </reporter-output>
        </test-method> <!-- tearDown -->
        <test-method is-config="true" signature="setup(java.lang.String)[pri:0, instance:suite.GraphListTest@439a8f59]" started-at="2026-03-11T11:35:14 EDT" name="setup" finished-at="2026-03-11T11:35:15 EDT" duration-ms="1165" status="PASS">
          <params>
            <param index="0">
              <value>
                <![CDATA[chrome]]>
              </value>
            </param>
          </params>
          <reporter-output>
          </reporter-output>
        </test-method> <!-- setup -->
        <test-method is-config="true" signature="setUp()[pri:0, instance:suite.GraphListTest@439a8f59]" started-at="2026-03-11T11:35:15 EDT" name="setUp" finished-at="2026-03-11T11:35:15 EDT" duration-ms="0" status="PASS">
          <reporter-output>
          </reporter-output>
        </test-method> <!-- setUp -->
        <test-method signature="navigateToGraphSection()[pri:2, instance:suite.GraphListTest@439a8f59]" started-at="2026-03-11T11:35:15 EDT" name="navigateToGraphSection" finished-at="2026-03-11T11:35:18 EDT" duration-ms="2095" status="PASS">
          <reporter-output>
          </reporter-output>
        </test-method> <!-- navigateToGraphSection -->
        <test-method is-config="true" signature="tearDown()[pri:0, instance:suite.GraphListTest@439a8f59]" started-at="2026-03-11T11:35:18 EDT" name="tearDown" finished-at="2026-03-11T11:35:18 EDT" duration-ms="201" status="PASS">
          <reporter-output>
          </reporter-output>
        </test-method> <!-- tearDown -->
        <test-method is-config="true" signature="setup(java.lang.String)[pri:0, instance:suite.GraphListTest@439a8f59]" started-at="2026-03-11T11:35:46 EDT" name="setup" finished-at="2026-03-11T11:35:47 EDT" duration-ms="1325" status="PASS">
          <params>
            <param index="0">
              <value>
                <![CDATA[chrome]]>
              </value>
            </param>
          </params>
          <reporter-output>
          </reporter-output>
        </test-method> <!-- setup -->
        <test-method is-config="true" signature="setUp()[pri:0, instance:suite.GraphListTest@439a8f59]" started-at="2026-03-11T11:35:47 EDT" name="setUp" finished-at="2026-03-11T11:35:47 EDT" duration-ms="1" status="PASS">
          <reporter-output>
          </reporter-output>
        </test-method> <!-- setUp -->
        <test-method signature="openGraphTopicPage()[pri:3, instance:suite.GraphListTest@439a8f59]" started-at="2026-03-11T11:35:47 EDT" name="openGraphTopicPage" finished-at="2026-03-11T11:35:49 EDT" duration-ms="2451" status="PASS">
          <reporter-output>
          </reporter-output>
        </test-method> <!-- openGraphTopicPage -->
        <test-method is-config="true" signature="tearDown()[pri:0, instance:suite.GraphListTest@439a8f59]" started-at="2026-03-11T11:35:49 EDT" name="tearDown" finished-at="2026-03-11T11:35:50 EDT" duration-ms="217" status="PASS">
          <reporter-output>
          </reporter-output>
        </test-method> <!-- tearDown -->
        <test-method is-config="true" signature="setup(java.lang.String)[pri:0, instance:suite.GraphListTest@439a8f59]" started-at="2026-03-11T11:36:16 EDT" name="setup" finished-at="2026-03-11T11:36:17 EDT" duration-ms="1204" status="PASS">
          <params>
            <param index="0">
              <value>
                <![CDATA[chrome]]>
              </value>
            </param>
          </params>
          <reporter-output>
          </reporter-output>
        </test-method> <!-- setup -->
        <test-method is-config="true" signature="setUp()[pri:0, instance:suite.GraphListTest@439a8f59]" started-at="2026-03-11T11:36:17 EDT" name="setUp" finished-at="2026-03-11T11:36:17 EDT" duration-ms="0" status="PASS">
          <reporter-output>
          </reporter-output>
        </test-method> <!-- setUp -->
        <test-method signature="openGraphTopicTryEditor()[pri:4, instance:suite.GraphListTest@439a8f59]" started-at="2026-03-11T11:36:17 EDT" name="openGraphTopicTryEditor" finished-at="2026-03-11T11:36:20 EDT" duration-ms="3155" status="PASS">
          <reporter-output>
          </reporter-output>
        </test-method> <!-- openGraphTopicTryEditor -->
        <test-method is-config="true" signature="tearDown()[pri:0, instance:suite.GraphListTest@439a8f59]" started-at="2026-03-11T11:36:20 EDT" name="tearDown" finished-at="2026-03-11T11:36:21 EDT" duration-ms="194" status="PASS">
          <reporter-output>
          </reporter-output>
        </test-method> <!-- tearDown -->
        <test-method is-config="true" signature="setup(java.lang.String)[pri:0, instance:suite.GraphListTest@439a8f59]" started-at="2026-03-11T11:36:37 EDT" name="setup" finished-at="2026-03-11T11:36:38 EDT" duration-ms="1232" status="PASS">
          <params>
            <param index="0">
              <value>
                <![CDATA[chrome]]>
              </value>
            </param>
          </params>
          <reporter-output>
          </reporter-output>
        </test-method> <!-- setup -->
        <test-method is-config="true" signature="setUp()[pri:0, instance:suite.GraphListTest@439a8f59]" started-at="2026-03-11T11:36:38 EDT" name="setUp" finished-at="2026-03-11T11:36:38 EDT" duration-ms="1" status="PASS">
          <reporter-output>
          </reporter-output>
        </test-method> <!-- setUp -->
        <test-method signature="runInvalidGraphTopicCode()[pri:5, instance:suite.GraphListTest@439a8f59]" started-at="2026-03-11T11:36:38 EDT" name="runInvalidGraphTopicCode" finished-at="2026-03-11T11:36:41 EDT" duration-ms="3069" status="PASS">
          <reporter-output>
          </reporter-output>
        </test-method> <!-- runInvalidGraphTopicCode -->
        <test-method is-config="true" signature="tearDown()[pri:0, instance:suite.GraphListTest@439a8f59]" started-at="2026-03-11T11:36:41 EDT" name="tearDown" finished-at="2026-03-11T11:36:41 EDT" duration-ms="190" status="PASS">
          <reporter-output>
          </reporter-output>
        </test-method> <!-- tearDown -->
        <test-method is-config="true" signature="setup(java.lang.String)[pri:0, instance:suite.GraphListTest@439a8f59]" started-at="2026-03-11T11:36:49 EDT" name="setup" finished-at="2026-03-11T11:36:50 EDT" duration-ms="1175" status="PASS">
          <params>
            <param index="0">
              <value>
                <![CDATA[chrome]]>
              </value>
            </param>
          </params>
          <reporter-output>
          </reporter-output>
        </test-method> <!-- setup -->
        <test-method is-config="true" signature="setUp()[pri:0, instance:suite.GraphListTest@439a8f59]" started-at="2026-03-11T11:36:50 EDT" name="setUp" finished-at="2026-03-11T11:36:50 EDT" duration-ms="1" status="PASS">
          <reporter-output>
          </reporter-output>
        </test-method> <!-- setUp -->
        <test-method signature="openGraphRepresentationsPage()[pri:6, instance:suite.GraphListTest@439a8f59]" started-at="2026-03-11T11:36:50 EDT" name="openGraphRepresentationsPage" finished-at="2026-03-11T11:36:52 EDT" duration-ms="2123" status="PASS">
          <reporter-output>
          </reporter-output>
        </test-method> <!-- openGraphRepresentationsPage -->
        <test-method is-config="true" signature="tearDown()[pri:0, instance:suite.GraphListTest@439a8f59]" started-at="2026-03-11T11:36:52 EDT" name="tearDown" finished-at="2026-03-11T11:36:53 EDT" duration-ms="192" status="PASS">
          <reporter-output>
          </reporter-output>
        </test-method> <!-- tearDown -->
        <test-method is-config="true" signature="setup(java.lang.String)[pri:0, instance:suite.GraphListTest@439a8f59]" started-at="2026-03-11T11:37:08 EDT" name="setup" finished-at="2026-03-11T11:37:09 EDT" duration-ms="1204" status="PASS">
          <params>
            <param index="0">
              <value>
                <![CDATA[chrome]]>
              </value>
            </param>
          </params>
          <reporter-output>
          </reporter-output>
        </test-method> <!-- setup -->
        <test-method is-config="true" signature="setUp()[pri:0, instance:suite.GraphListTest@439a8f59]" started-at="2026-03-11T11:37:09 EDT" name="setUp" finished-at="2026-03-11T11:37:09 EDT" duration-ms="0" status="PASS">
          <reporter-output>
          </reporter-output>
        </test-method> <!-- setUp -->
        <test-method signature="openGraphRepresentationsTryEditor()[pri:7, instance:suite.GraphListTest@439a8f59]" started-at="2026-03-11T11:37:09 EDT" name="openGraphRepresentationsTryEditor" finished-at="2026-03-11T11:37:12 EDT" duration-ms="2799" status="PASS">
          <reporter-output>
          </reporter-output>
        </test-method> <!-- openGraphRepresentationsTryEditor -->
        <test-method is-config="true" signature="tearDown()[pri:0, instance:suite.GraphListTest@439a8f59]" started-at="2026-03-11T11:37:12 EDT" name="tearDown" finished-at="2026-03-11T11:37:12 EDT" duration-ms="218" status="PASS">
          <reporter-output>
          </reporter-output>
        </test-method> <!-- tearDown -->
        <test-method is-config="true" signature="setup(java.lang.String)[pri:0, instance:suite.GraphListTest@439a8f59]" started-at="2026-03-11T11:37:40 EDT" name="setup" finished-at="2026-03-11T11:37:42 EDT" duration-ms="1198" status="PASS">
          <params>
            <param index="0">
              <value>
                <![CDATA[chrome]]>
              </value>
            </param>
          </params>
          <reporter-output>
          </reporter-output>
        </test-method> <!-- setup -->
        <test-method is-config="true" signature="setUp()[pri:0, instance:suite.GraphListTest@439a8f59]" started-at="2026-03-11T11:37:42 EDT" name="setUp" finished-at="2026-03-11T11:37:42 EDT" duration-ms="1" status="PASS">
          <reporter-output>
          </reporter-output>
        </test-method> <!-- setUp -->
        <test-method retried="true" signature="runInvalidGraphRepresentationsCode()[pri:8, instance:suite.GraphListTest@439a8f59]" started-at="2026-03-11T11:37:42 EDT" name="runInvalidGraphRepresentationsCode" finished-at="2026-03-11T11:37:42 EDT" duration-ms="27" status="SKIP">
          <exception class="org.openqa.selenium.json.JsonException">
            <message>
              <![CDATA[java.lang.reflect.InvocationTargetException
Build info: version: '4.38.0', revision: '6b412e825c*'
System info: os.name: 'Windows 11', os.arch: 'amd64', os.version: '10.0', java.version: '17.0.16'
Driver info: org.openqa.selenium.chrome.ChromeDriver
Command: [202e1234f5ad6b1dd3e3a6952ad14d23, actions {actions=[org.openqa.selenium.interactions.Sequence@7d710399]}]
Capabilities {acceptInsecureCerts: false, browserName: chrome, browserVersion: 145.0.7632.160, chrome: {chromedriverVersion: 145.0.7632.117 (de4e5d6e13b..., userDataDir: C:\Users\HAPPYF~1\AppData\L...}, fedcm:accounts: true, goog:chromeOptions: {debuggerAddress: localhost:58633}, goog:processID: 35476, networkConnectionEnabled: false, pageLoadStrategy: normal, platformName: windows, proxy: Proxy(), se:cdp: ws://localhost:58633/devtoo..., se:cdpVersion: 145.0.7632.160, setWindowRect: true, strictFileInteractability: false, timeouts: {implicit: 0, pageLoad: 300000, script: 30000}, unhandledPromptBehavior: dismiss and notify, webauthn:extension:credBlob: true, webauthn:extension:largeBlob: true, webauthn:extension:minPinLength: true, webauthn:extension:prf: true, webauthn:virtualAuthenticators: true}
Session ID: 202e1234f5ad6b1dd3e3a6952ad14d23]]>
            </message>
            <full-stacktrace>
              <![CDATA[org.openqa.selenium.json.JsonException: java.lang.reflect.InvocationTargetException
Build info: version: '4.38.0', revision: '6b412e825c*'
System info: os.name: 'Windows 11', os.arch: 'amd64', os.version: '10.0', java.version: '17.0.16'
Driver info: org.openqa.selenium.chrome.ChromeDriver
Command: [202e1234f5ad6b1dd3e3a6952ad14d23, actions {actions=[org.openqa.selenium.interactions.Sequence@7d710399]}]
Capabilities {acceptInsecureCerts: false, browserName: chrome, browserVersion: 145.0.7632.160, chrome: {chromedriverVersion: 145.0.7632.117 (de4e5d6e13b..., userDataDir: C:\Users\HAPPYF~1\AppData\L...}, fedcm:accounts: true, goog:chromeOptions: {debuggerAddress: localhost:58633}, goog:processID: 35476, networkConnectionEnabled: false, pageLoadStrategy: normal, platformName: windows, proxy: Proxy(), se:cdp: ws://localhost:58633/devtoo..., se:cdpVersion: 145.0.7632.160, setWindowRect: true, strictFileInteractability: false, timeouts: {implicit: 0, pageLoad: 300000, script: 30000}, unhandledPromptBehavior: dismiss and notify, webauthn:extension:credBlob: true, webauthn:extension:largeBlob: true, webauthn:extension:minPinLength: true, webauthn:extension:prf: true, webauthn:virtualAuthenticators: true}
Session ID: 202e1234f5ad6b1dd3e3a6952ad14d23
at org.openqa.selenium.json.JsonOutput.convertUsingMethod(JsonOutput.java:520)
at org.openqa.selenium.json.JsonOutput.lambda$new$16(JsonOutput.java:182)
at org.openqa.selenium.json.JsonOutput.write0(JsonOutput.java:409)
at org.openqa.selenium.json.JsonOutput.lambda$new$22(JsonOutput.java:204)
at java.base/java.util.stream.ForEachOps$ForEachOp$OfRef.accept(ForEachOps.java:183)
at java.base/java.util.stream.ReferencePipeline$2$1.accept(ReferencePipeline.java:179)
at java.base/java.util.Iterator.forEachRemaining(Iterator.java:133)
at java.base/java.util.Spliterators$IteratorSpliterator.forEachRemaining(Spliterators.java:1845)
at java.base/java.util.stream.AbstractPipeline.copyInto(AbstractPipeline.java:509)
at java.base/java.util.stream.AbstractPipeline.wrapAndCopyInto(AbstractPipeline.java:499)
at java.base/java.util.stream.ForEachOps$ForEachOp.evaluateSequential(ForEachOps.java:150)
at java.base/java.util.stream.ForEachOps$ForEachOp$OfRef.evaluateSequential(ForEachOps.java:173)
at java.base/java.util.stream.AbstractPipeline.evaluate(AbstractPipeline.java:234)
at java.base/java.util.stream.ReferencePipeline.forEach(ReferencePipeline.java:596)
at org.openqa.selenium.json.JsonOutput.lambda$new$23(JsonOutput.java:204)
at org.openqa.selenium.json.JsonOutput.write0(JsonOutput.java:409)
at org.openqa.selenium.json.JsonOutput.lambda$new$24(JsonOutput.java:222)
at java.base/java.util.Map.forEach(Map.java:713)
at org.openqa.selenium.json.JsonOutput.lambda$new$25(JsonOutput.java:217)
at org.openqa.selenium.json.JsonOutput.write0(JsonOutput.java:409)
at org.openqa.selenium.json.JsonOutput.write(JsonOutput.java:400)
at org.openqa.selenium.json.Json.toJson(Json.java:133)
at org.openqa.selenium.json.Json.toJson(Json.java:119)
at org.openqa.selenium.remote.codec.AbstractHttpCommandCodec.encode(AbstractHttpCommandCodec.java:236)
at org.openqa.selenium.remote.codec.AbstractHttpCommandCodec.encode(AbstractHttpCommandCodec.java:109)
at org.openqa.selenium.remote.HttpCommandExecutor.execute(HttpCommandExecutor.java:203)
at org.openqa.selenium.remote.service.DriverCommandExecutor.invokeExecute(DriverCommandExecutor.java:216)
at org.openqa.selenium.remote.service.DriverCommandExecutor.execute(DriverCommandExecutor.java:174)
at org.openqa.selenium.remote.RemoteWebDriver.execute(RemoteWebDriver.java:557)
at org.openqa.selenium.remote.RemoteWebDriver.perform(RemoteWebDriver.java:647)
at org.openqa.selenium.interactions.Actions$BuiltAction.perform(Actions.java:616)
at org.openqa.selenium.interactions.Actions.perform(Actions.java:581)
at pageObjects.GraphListPage.writeCodeAndRun(GraphListPage.java:119)
at suite.GraphListTest.runInvalidGraphRepresentationsCode(GraphListTest.java:130)
at java.base/jdk.internal.reflect.NativeMethodAccessorImpl.invoke0(Native Method)
at java.base/jdk.internal.reflect.NativeMethodAccessorImpl.invoke(NativeMethodAccessorImpl.java:77)
at java.base/jdk.internal.reflect.DelegatingMethodAccessorImpl.invoke(DelegatingMethodAccessorImpl.java:43)
at java.base/java.lang.reflect.Method.invoke(Method.java:569)
at org.testng.internal.invokers.MethodInvocationHelper.invokeMethod(MethodInvocationHelper.java:141)
at org.testng.internal.invokers.TestInvoker.invokeMethod(TestInvoker.java:687)
at org.testng.internal.invokers.TestInvoker.invokeTestMethod(TestInvoker.java:230)
at org.testng.internal.invokers.MethodRunner.runInSequence(MethodRunner.java:63)
at org.testng.internal.invokers.TestInvoker$MethodInvocationAgent.invoke(TestInvoker.java:995)
at org.testng.internal.invokers.TestInvoker.invokeTestMethods(TestInvoker.java:203)
at org.testng.internal.invokers.TestMethodWorker.invokeTestMethods(TestMethodWorker.java:154)
at org.testng.internal.invokers.TestMethodWorker.run(TestMethodWorker.java:134)
at java.base/java.util.ArrayList.forEach(ArrayList.java:1511)
at org.testng.TestRunner.privateRun(TestRunner.java:741)
at org.testng.TestRunner.run(TestRunner.java:616)
at org.testng.SuiteRunner.runTest(SuiteRunner.java:421)
at org.testng.SuiteRunner$SuiteWorker.run(SuiteRunner.java:463)
at org.testng.internal.thread.ThreadUtil.lambda$execute$0(ThreadUtil.java:64)
at java.base/java.util.concurrent.FutureTask.run(FutureTask.java:264)
at java.base/java.util.concurrent.ThreadPoolExecutor.runWorker(ThreadPoolExecutor.java:1136)
at java.base/java.util.concurrent.ThreadPoolExecutor$Worker.run(ThreadPoolExecutor.java:635)
at java.base/java.lang.Thread.run(Thread.java:840)
Suppressed: org.openqa.selenium.json.JsonException: Attempting to close incomplete json stream
Build info: version: '4.38.0', revision: '6b412e825c*'
System info: os.name: 'Windows 11', os.arch: 'amd64', os.version: '10.0', java.version: '17.0.16'
Driver info: driver.version: RemoteWebDriver
at org.openqa.selenium.json.JsonOutput.close(JsonOutput.java:431)
at org.openqa.selenium.json.Json.toJson(Json.java:131)
... 34 more
Caused by: java.lang.reflect.InvocationTargetException
at jdk.internal.reflect.GeneratedMethodAccessor68.invoke(Unknown Source)
at java.base/jdk.internal.reflect.DelegatingMethodAccessorImpl.invoke(DelegatingMethodAccessorImpl.java:43)
at java.base/java.lang.reflect.Method.invoke(Method.java:569)
at org.openqa.selenium.json.JsonOutput.convertUsingMethod(JsonOutput.java:516)
... 55 more
Caused by: org.openqa.selenium.NoSuchElementException: no such element: Unable to locate element: {"method":"xpath","selector":"//pre[@role='presentation']"}
  (Session info: chrome=145.0.7632.160)
For documentation on this error, please visit: https://www.selenium.dev/documentation/webdriver/troubleshooting/errors#nosuchelementexception
Build info: version: '4.38.0', revision: '6b412e825c*'
System info: os.name: 'Windows 11', os.arch: 'amd64', os.version: '10.0', java.version: '17.0.16'
Driver info: org.openqa.selenium.chrome.ChromeDriver
Command: [202e1234f5ad6b1dd3e3a6952ad14d23, findElement {using=xpath, value=//pre[@role='presentation']}]
Capabilities {acceptInsecureCerts: false, browserName: chrome, browserVersion: 145.0.7632.160, chrome: {chromedriverVersion: 145.0.7632.117 (de4e5d6e13b..., userDataDir: C:\Users\HAPPYF~1\AppData\L...}, fedcm:accounts: true, goog:chromeOptions: {debuggerAddress: localhost:58633}, goog:processID: 35476, networkConnectionEnabled: false, pageLoadStrategy: normal, platformName: windows, proxy: Proxy(), se:cdp: ws://localhost:58633/devtoo..., se:cdpVersion: 145.0.7632.160, setWindowRect: true, strictFileInteractability: false, timeouts: {implicit: 0, pageLoad: 300000, script: 30000}, unhandledPromptBehavior: dismiss and notify, webauthn:extension:credBlob: true, webauthn:extension:largeBlob: true, webauthn:extension:minPinLength: true, webauthn:extension:prf: true, webauthn:virtualAuthenticators: true}
Session ID: 202e1234f5ad6b1dd3e3a6952ad14d23
at jdk.internal.reflect.GeneratedConstructorAccessor66.newInstance(Unknown Source)
at java.base/jdk.internal.reflect.DelegatingConstructorAccessorImpl.newInstance(DelegatingConstructorAccessorImpl.java:45)
at java.base/java.lang.reflect.Constructor.newInstanceWithCaller(Constructor.java:500)
at java.base/java.lang.reflect.Constructor.newInstance(Constructor.java:481)
at org.openqa.selenium.remote.ErrorCodec.decode(ErrorCodec.java:167)
at org.openqa.selenium.remote.codec.w3c.W3CHttpResponseCodec.decode(W3CHttpResponseCodec.java:138)
at org.openqa.selenium.remote.codec.w3c.W3CHttpResponseCodec.decode(W3CHttpResponseCodec.java:50)
at org.openqa.selenium.remote.HttpCommandExecutor.execute(HttpCommandExecutor.java:215)
at org.openqa.selenium.remote.service.DriverCommandExecutor.invokeExecute(DriverCommandExecutor.java:216)
at org.openqa.selenium.remote.service.DriverCommandExecutor.execute(DriverCommandExecutor.java:174)
at org.openqa.selenium.remote.RemoteWebDriver.execute(RemoteWebDriver.java:557)
at org.openqa.selenium.remote.ElementLocation$ElementFinder$2.findElement(ElementLocation.java:165)
at org.openqa.selenium.remote.ElementLocation.findElement(ElementLocation.java:59)
at org.openqa.selenium.remote.RemoteWebDriver.findElement(RemoteWebDriver.java:380)
at org.openqa.selenium.remote.RemoteWebDriver.findElement(RemoteWebDriver.java:374)
at org.openqa.selenium.support.pagefactory.DefaultElementLocator.findElement(DefaultElementLocator.java:68)
at org.openqa.selenium.support.pagefactory.internal.LocatingElementHandler.invoke(LocatingElementHandler.java:38)
at jdk.proxy2/jdk.proxy2.$Proxy24.getWrappedElement(Unknown Source)
at org.openqa.selenium.interactions.PointerInput$Origin.asArg(PointerInput.java:262)
at org.openqa.selenium.interactions.PointerInput$Move.encode(PointerInput.java:211)
at org.openqa.selenium.interactions.Sequence.encode(Sequence.java:74)
at org.openqa.selenium.interactions.Sequence.toJson(Sequence.java:83)
... 59 more
]]>
            </full-stacktrace>
          </exception> <!-- org.openqa.selenium.json.JsonException -->
          <reporter-output>
          </reporter-output>
        </test-method> <!-- runInvalidGraphRepresentationsCode -->
        <test-method is-config="true" signature="tearDown()[pri:0, instance:suite.GraphListTest@439a8f59]" started-at="2026-03-11T11:37:42 EDT" name="tearDown" finished-at="2026-03-11T11:37:42 EDT" duration-ms="188" status="PASS">
          <reporter-output>
          </reporter-output>
        </test-method> <!-- tearDown -->
        <test-method is-config="true" signature="setup(java.lang.String)[pri:0, instance:suite.GraphListTest@439a8f59]" started-at="2026-03-11T11:37:42 EDT" name="setup" finished-at="2026-03-11T11:37:43 EDT" duration-ms="1210" status="PASS">
          <params>
            <param index="0">
              <value>
                <![CDATA[chrome]]>
              </value>
            </param>
          </params>
          <reporter-output>
          </reporter-output>
        </test-method> <!-- setup -->
        <test-method is-config="true" signature="setUp()[pri:0, instance:suite.GraphListTest@439a8f59]" started-at="2026-03-11T11:37:43 EDT" name="setUp" finished-at="2026-03-11T11:37:43 EDT" duration-ms="1" status="PASS">
          <reporter-output>
          </reporter-output>
        </test-method> <!-- setUp -->
        <test-method signature="runInvalidGraphRepresentationsCode()[pri:8, instance:suite.GraphListTest@439a8f59]" started-at="2026-03-11T11:37:43 EDT" name="runInvalidGraphRepresentationsCode" finished-at="2026-03-11T11:37:43 EDT" duration-ms="40" status="FAIL">
          <exception class="org.openqa.selenium.json.JsonException">
            <message>
              <![CDATA[java.lang.reflect.InvocationTargetException
Build info: version: '4.38.0', revision: '6b412e825c*'
System info: os.name: 'Windows 11', os.arch: 'amd64', os.version: '10.0', java.version: '17.0.16'
Driver info: org.openqa.selenium.chrome.ChromeDriver
Command: [baf8b19181e1c528952e82b0025945bf, actions {actions=[org.openqa.selenium.interactions.Sequence@650b9356]}]
Capabilities {acceptInsecureCerts: false, browserName: chrome, browserVersion: 145.0.7632.160, chrome: {chromedriverVersion: 145.0.7632.117 (de4e5d6e13b..., userDataDir: C:\Users\HAPPYF~1\AppData\L...}, fedcm:accounts: true, goog:chromeOptions: {debuggerAddress: localhost:60763}, goog:processID: 36612, networkConnectionEnabled: false, pageLoadStrategy: normal, platformName: windows, proxy: Proxy(), se:cdp: ws://localhost:60763/devtoo..., se:cdpVersion: 145.0.7632.160, setWindowRect: true, strictFileInteractability: false, timeouts: {implicit: 0, pageLoad: 300000, script: 30000}, unhandledPromptBehavior: dismiss and notify, webauthn:extension:credBlob: true, webauthn:extension:largeBlob: true, webauthn:extension:minPinLength: true, webauthn:extension:prf: true, webauthn:virtualAuthenticators: true}
Session ID: baf8b19181e1c528952e82b0025945bf]]>
            </message>
            <full-stacktrace>
              <![CDATA[org.openqa.selenium.json.JsonException: java.lang.reflect.InvocationTargetException
Build info: version: '4.38.0', revision: '6b412e825c*'
System info: os.name: 'Windows 11', os.arch: 'amd64', os.version: '10.0', java.version: '17.0.16'
Driver info: org.openqa.selenium.chrome.ChromeDriver
Command: [baf8b19181e1c528952e82b0025945bf, actions {actions=[org.openqa.selenium.interactions.Sequence@650b9356]}]
Capabilities {acceptInsecureCerts: false, browserName: chrome, browserVersion: 145.0.7632.160, chrome: {chromedriverVersion: 145.0.7632.117 (de4e5d6e13b..., userDataDir: C:\Users\HAPPYF~1\AppData\L...}, fedcm:accounts: true, goog:chromeOptions: {debuggerAddress: localhost:60763}, goog:processID: 36612, networkConnectionEnabled: false, pageLoadStrategy: normal, platformName: windows, proxy: Proxy(), se:cdp: ws://localhost:60763/devtoo..., se:cdpVersion: 145.0.7632.160, setWindowRect: true, strictFileInteractability: false, timeouts: {implicit: 0, pageLoad: 300000, script: 30000}, unhandledPromptBehavior: dismiss and notify, webauthn:extension:credBlob: true, webauthn:extension:largeBlob: true, webauthn:extension:minPinLength: true, webauthn:extension:prf: true, webauthn:virtualAuthenticators: true}
Session ID: baf8b19181e1c528952e82b0025945bf
at org.openqa.selenium.json.JsonOutput.convertUsingMethod(JsonOutput.java:520)
at org.openqa.selenium.json.JsonOutput.lambda$new$16(JsonOutput.java:182)
at org.openqa.selenium.json.JsonOutput.write0(JsonOutput.java:409)
at org.openqa.selenium.json.JsonOutput.lambda$new$22(JsonOutput.java:204)
at java.base/java.util.stream.ForEachOps$ForEachOp$OfRef.accept(ForEachOps.java:183)
at java.base/java.util.stream.ReferencePipeline$2$1.accept(ReferencePipeline.java:179)
at java.base/java.util.Iterator.forEachRemaining(Iterator.java:133)
at java.base/java.util.Spliterators$IteratorSpliterator.forEachRemaining(Spliterators.java:1845)
at java.base/java.util.stream.AbstractPipeline.copyInto(AbstractPipeline.java:509)
at java.base/java.util.stream.AbstractPipeline.wrapAndCopyInto(AbstractPipeline.java:499)
at java.base/java.util.stream.ForEachOps$ForEachOp.evaluateSequential(ForEachOps.java:150)
at java.base/java.util.stream.ForEachOps$ForEachOp$OfRef.evaluateSequential(ForEachOps.java:173)
at java.base/java.util.stream.AbstractPipeline.evaluate(AbstractPipeline.java:234)
at java.base/java.util.stream.ReferencePipeline.forEach(ReferencePipeline.java:596)
at org.openqa.selenium.json.JsonOutput.lambda$new$23(JsonOutput.java:204)
at org.openqa.selenium.json.JsonOutput.write0(JsonOutput.java:409)
at org.openqa.selenium.json.JsonOutput.lambda$new$24(JsonOutput.java:222)
at java.base/java.util.Map.forEach(Map.java:713)
at org.openqa.selenium.json.JsonOutput.lambda$new$25(JsonOutput.java:217)
at org.openqa.selenium.json.JsonOutput.write0(JsonOutput.java:409)
at org.openqa.selenium.json.JsonOutput.write(JsonOutput.java:400)
at org.openqa.selenium.json.Json.toJson(Json.java:133)
at org.openqa.selenium.json.Json.toJson(Json.java:119)
at org.openqa.selenium.remote.codec.AbstractHttpCommandCodec.encode(AbstractHttpCommandCodec.java:236)
at org.openqa.selenium.remote.codec.AbstractHttpCommandCodec.encode(AbstractHttpCommandCodec.java:109)
at org.openqa.selenium.remote.HttpCommandExecutor.execute(HttpCommandExecutor.java:203)
at org.openqa.selenium.remote.service.DriverCommandExecutor.invokeExecute(DriverCommandExecutor.java:216)
at org.openqa.selenium.remote.service.DriverCommandExecutor.execute(DriverCommandExecutor.java:174)
at org.openqa.selenium.remote.RemoteWebDriver.execute(RemoteWebDriver.java:557)
at org.openqa.selenium.remote.RemoteWebDriver.perform(RemoteWebDriver.java:647)
at org.openqa.selenium.interactions.Actions$BuiltAction.perform(Actions.java:616)
at org.openqa.selenium.interactions.Actions.perform(Actions.java:581)
at pageObjects.GraphListPage.writeCodeAndRun(GraphListPage.java:119)
at suite.GraphListTest.runInvalidGraphRepresentationsCode(GraphListTest.java:130)
at java.base/jdk.internal.reflect.NativeMethodAccessorImpl.invoke0(Native Method)
at java.base/jdk.internal.reflect.NativeMethodAccessorImpl.invoke(NativeMethodAccessorImpl.java:77)
at java.base/jdk.internal.reflect.DelegatingMethodAccessorImpl.invoke(DelegatingMethodAccessorImpl.java:43)
at java.base/java.lang.reflect.Method.invoke(Method.java:569)
at org.testng.internal.invokers.MethodInvocationHelper.invokeMethod(MethodInvocationHelper.java:141)
at org.testng.internal.invokers.TestInvoker.invokeMethod(TestInvoker.java:687)
at org.testng.internal.invokers.TestInvoker.retryFailed(TestInvoker.java:269)
at org.testng.internal.invokers.MethodRunner.runInSequence(MethodRunner.java:76)
at org.testng.internal.invokers.TestInvoker$MethodInvocationAgent.invoke(TestInvoker.java:995)
at org.testng.internal.invokers.TestInvoker.invokeTestMethods(TestInvoker.java:203)
at org.testng.internal.invokers.TestMethodWorker.invokeTestMethods(TestMethodWorker.java:154)
at org.testng.internal.invokers.TestMethodWorker.run(TestMethodWorker.java:134)
at java.base/java.util.ArrayList.forEach(ArrayList.java:1511)
at org.testng.TestRunner.privateRun(TestRunner.java:741)
at org.testng.TestRunner.run(TestRunner.java:616)
at org.testng.SuiteRunner.runTest(SuiteRunner.java:421)
at org.testng.SuiteRunner$SuiteWorker.run(SuiteRunner.java:463)
at org.testng.internal.thread.ThreadUtil.lambda$execute$0(ThreadUtil.java:64)
at java.base/java.util.concurrent.FutureTask.run(FutureTask.java:264)
at java.base/java.util.concurrent.ThreadPoolExecutor.runWorker(ThreadPoolExecutor.java:1136)
at java.base/java.util.concurrent.ThreadPoolExecutor$Worker.run(ThreadPoolExecutor.java:635)
at java.base/java.lang.Thread.run(Thread.java:840)
Suppressed: org.openqa.selenium.json.JsonException: Attempting to close incomplete json stream
Build info: version: '4.38.0', revision: '6b412e825c*'
System info: os.name: 'Windows 11', os.arch: 'amd64', os.version: '10.0', java.version: '17.0.16'
Driver info: driver.version: RemoteWebDriver
at org.openqa.selenium.json.JsonOutput.close(JsonOutput.java:431)
at org.openqa.selenium.json.Json.toJson(Json.java:131)
... 34 more
Caused by: java.lang.reflect.InvocationTargetException
at jdk.internal.reflect.GeneratedMethodAccessor68.invoke(Unknown Source)
at java.base/jdk.internal.reflect.DelegatingMethodAccessorImpl.invoke(DelegatingMethodAccessorImpl.java:43)
at java.base/java.lang.reflect.Method.invoke(Method.java:569)
at org.openqa.selenium.json.JsonOutput.convertUsingMethod(JsonOutput.java:516)
... 55 more
Caused by: org.openqa.selenium.NoSuchElementException: no such element: Unable to locate element: {"method":"xpath","selector":"//pre[@role='presentation']"}
  (Session info: chrome=145.0.7632.160)
For documentation on this error, please visit: https://www.selenium.dev/documentation/webdriver/troubleshooting/errors#nosuchelementexception
Build info: version: '4.38.0', revision: '6b412e825c*'
System info: os.name: 'Windows 11', os.arch: 'amd64', os.version: '10.0', java.version: '17.0.16'
Driver info: org.openqa.selenium.chrome.ChromeDriver
Command: [baf8b19181e1c528952e82b0025945bf, findElement {using=xpath, value=//pre[@role='presentation']}]
Capabilities {acceptInsecureCerts: false, browserName: chrome, browserVersion: 145.0.7632.160, chrome: {chromedriverVersion: 145.0.7632.117 (de4e5d6e13b..., userDataDir: C:\Users\HAPPYF~1\AppData\L...}, fedcm:accounts: true, goog:chromeOptions: {debuggerAddress: localhost:60763}, goog:processID: 36612, networkConnectionEnabled: false, pageLoadStrategy: normal, platformName: windows, proxy: Proxy(), se:cdp: ws://localhost:60763/devtoo..., se:cdpVersion: 145.0.7632.160, setWindowRect: true, strictFileInteractability: false, timeouts: {implicit: 0, pageLoad: 300000, script: 30000}, unhandledPromptBehavior: dismiss and notify, webauthn:extension:credBlob: true, webauthn:extension:largeBlob: true, webauthn:extension:minPinLength: true, webauthn:extension:prf: true, webauthn:virtualAuthenticators: true}
Session ID: baf8b19181e1c528952e82b0025945bf
at jdk.internal.reflect.GeneratedConstructorAccessor66.newInstance(Unknown Source)
at java.base/jdk.internal.reflect.DelegatingConstructorAccessorImpl.newInstance(DelegatingConstructorAccessorImpl.java:45)
at java.base/java.lang.reflect.Constructor.newInstanceWithCaller(Constructor.java:500)
at java.base/java.lang.reflect.Constructor.newInstance(Constructor.java:481)
at org.openqa.selenium.remote.ErrorCodec.decode(ErrorCodec.java:167)
at org.openqa.selenium.remote.codec.w3c.W3CHttpResponseCodec.decode(W3CHttpResponseCodec.java:138)
at org.openqa.selenium.remote.codec.w3c.W3CHttpResponseCodec.decode(W3CHttpResponseCodec.java:50)
at org.openqa.selenium.remote.HttpCommandExecutor.execute(HttpCommandExecutor.java:215)
at org.openqa.selenium.remote.service.DriverCommandExecutor.invokeExecute(DriverCommandExecutor.java:216)
at org.openqa.selenium.remote.service.DriverCommandExecutor.execute(DriverCommandExecutor.java:174)
at org.openqa.selenium.remote.RemoteWebDriver.execute(RemoteWebDriver.java:557)
at org.openqa.selenium.remote.ElementLocation$ElementFinder$2.findElement(ElementLocation.java:165)
at org.openqa.selenium.remote.ElementLocation.findElement(ElementLocation.java:59)
at org.openqa.selenium.remote.RemoteWebDriver.findElement(RemoteWebDriver.java:380)
at org.openqa.selenium.remote.RemoteWebDriver.findElement(RemoteWebDriver.java:374)
at org.openqa.selenium.support.pagefactory.DefaultElementLocator.findElement(DefaultElementLocator.java:68)
at org.openqa.selenium.support.pagefactory.internal.LocatingElementHandler.invoke(LocatingElementHandler.java:38)
at jdk.proxy2/jdk.proxy2.$Proxy24.getWrappedElement(Unknown Source)
at org.openqa.selenium.interactions.PointerInput$Origin.asArg(PointerInput.java:262)
at org.openqa.selenium.interactions.PointerInput$Move.encode(PointerInput.java:211)
at org.openqa.selenium.interactions.Sequence.encode(Sequence.java:74)
at org.openqa.selenium.interactions.Sequence.toJson(Sequence.java:83)
... 59 more
]]>
            </full-stacktrace>
          </exception> <!-- org.openqa.selenium.json.JsonException -->
          <reporter-output>
          </reporter-output>
        </test-method> <!-- runInvalidGraphRepresentationsCode -->
        <test-method is-config="true" signature="tearDown()[pri:0, instance:suite.GraphListTest@439a8f59]" started-at="2026-03-11T11:37:43 EDT" name="tearDown" finished-at="2026-03-11T11:37:43 EDT" duration-ms="204" status="PASS">
          <reporter-output>
          </reporter-output>
        </test-method> <!-- tearDown -->
        <test-method is-config="true" signature="setup(java.lang.String)[pri:0, instance:suite.GraphListTest@439a8f59]" started-at="2026-03-11T11:38:07 EDT" name="setup" finished-at="2026-03-11T11:38:08 EDT" duration-ms="1112" status="PASS">
          <params>
            <param index="0">
              <value>
                <![CDATA[chrome]]>
              </value>
            </param>
          </params>
          <reporter-output>
          </reporter-output>
        </test-method> <!-- setup -->
        <test-method is-config="true" signature="setUp()[pri:0, instance:suite.GraphListTest@439a8f59]" started-at="2026-03-11T11:38:08 EDT" name="setUp" finished-at="2026-03-11T11:38:08 EDT" duration-ms="0" status="PASS">
          <reporter-output>
          </reporter-output>
        </test-method> <!-- setUp -->
        <test-method signature="runValidGraphCodeUsingDataDriven(java.lang.String)[pri:9, instance:suite.GraphListTest@439a8f59]" started-at="2026-03-11T11:38:08 EDT" name="runValidGraphCodeUsingDataDriven" data-provider="arrayCodeData" finished-at="2026-03-11T11:38:11 EDT" duration-ms="3005" status="PASS">
          <params>
            <param index="0">
              <value>
                <![CDATA[print(5+3)]]>
              </value>
            </param>
          </params>
          <reporter-output>
          </reporter-output>
        </test-method> <!-- runValidGraphCodeUsingDataDriven -->
        <test-method is-config="true" signature="tearDown()[pri:0, instance:suite.GraphListTest@439a8f59]" started-at="2026-03-11T11:38:11 EDT" name="tearDown" finished-at="2026-03-11T11:38:11 EDT" duration-ms="215" status="PASS">
          <reporter-output>
          </reporter-output>
        </test-method> <!-- tearDown -->
        <test-method is-config="true" signature="setup(java.lang.String)[pri:0, instance:suite.GraphListTest@439a8f59]" started-at="2026-03-11T11:38:11 EDT" name="setup" finished-at="2026-03-11T11:38:12 EDT" duration-ms="1192" status="PASS">
          <params>
            <param index="0">
              <value>
                <![CDATA[chrome]]>
              </value>
            </param>
          </params>
          <reporter-output>
          </reporter-output>
        </test-method> <!-- setup -->
        <test-method is-config="true" signature="setUp()[pri:0, instance:suite.GraphListTest@439a8f59]" started-at="2026-03-11T11:38:12 EDT" name="setUp" finished-at="2026-03-11T11:38:12 EDT" duration-ms="0" status="PASS">
          <reporter-output>
          </reporter-output>
        </test-method> <!-- setUp -->
        <test-method signature="runValidGraphCodeUsingDataDriven(java.lang.String)[pri:9, instance:suite.GraphListTest@439a8f59]" started-at="2026-03-11T11:38:12 EDT" name="runValidGraphCodeUsingDataDriven" data-provider="arrayCodeData" finished-at="2026-03-11T11:38:16 EDT" duration-ms="3383" status="PASS">
          <params>
            <param index="0">
              <value>
                <![CDATA[print(10)]]>
              </value>
            </param>
          </params>
          <reporter-output>
          </reporter-output>
        </test-method> <!-- runValidGraphCodeUsingDataDriven -->
        <test-method is-config="true" signature="tearDown()[pri:0, instance:suite.GraphListTest@439a8f59]" started-at="2026-03-11T11:38:16 EDT" name="tearDown" finished-at="2026-03-11T11:38:16 EDT" duration-ms="175" status="PASS">
          <reporter-output>
          </reporter-output>
        </test-method> <!-- tearDown -->
        <test-method is-config="true" signature="setup(java.lang.String)[pri:0, instance:suite.GraphListTest@439a8f59]" started-at="2026-03-11T11:38:16 EDT" name="setup" finished-at="2026-03-11T11:38:17 EDT" duration-ms="1195" status="PASS">
          <params>
            <param index="0">
              <value>
                <![CDATA[chrome]]>
              </value>
            </param>
          </params>
          <reporter-output>
          </reporter-output>
        </test-method> <!-- setup -->
        <test-method is-config="true" signature="setUp()[pri:0, instance:suite.GraphListTest@439a8f59]" started-at="2026-03-11T11:38:17 EDT" name="setUp" finished-at="2026-03-11T11:38:17 EDT" duration-ms="1" status="PASS">
          <reporter-output>
          </reporter-output>
        </test-method> <!-- setUp -->
        <test-method signature="runValidGraphCodeUsingDataDriven(java.lang.String)[pri:9, instance:suite.GraphListTest@439a8f59]" started-at="2026-03-11T11:38:17 EDT" name="runValidGraphCodeUsingDataDriven" data-provider="arrayCodeData" finished-at="2026-03-11T11:38:20 EDT" duration-ms="3020" status="PASS">
          <params>
            <param index="0">
              <value>
                <![CDATA[print('Hello')]]>
              </value>
            </param>
          </params>
          <reporter-output>
          </reporter-output>
[...]
at java.base/jdk.internal.reflect.DelegatingMethodAccessorImpl.invoke(DelegatingMethodAccessorImpl.java:43)
at java.base/java.lang.reflect.Method.invoke(Method.java:569)
at org.testng.internal.invokers.MethodInvocationHelper.invokeMethod(MethodInvocationHelper.java:141)
at org.testng.internal.invokers.TestInvoker.invokeMethod(TestInvoker.java:687)
at org.testng.internal.invokers.TestInvoker.retryFailed(TestInvoker.java:269)
at org.testng.internal.invokers.MethodRunner.runInSequence(MethodRunner.java:76)
at org.testng.internal.invokers.TestInvoker$MethodInvocationAgent.invoke(TestInvoker.java:995)
at org.testng.internal.invokers.TestInvoker.invokeTestMethods(TestInvoker.java:203)
at org.testng.internal.invokers.TestMethodWorker.invokeTestMethods(TestMethodWorker.java:154)
at org.testng.internal.invokers.TestMethodWorker.run(TestMethodWorker.java:134)
at java.base/java.util.ArrayList.forEach(ArrayList.java:1511)
at org.testng.TestRunner.privateRun(TestRunner.java:741)
at org.testng.TestRunner.run(TestRunner.java:616)
at org.testng.SuiteRunner.runTest(SuiteRunner.java:421)
at org.testng.SuiteRunner$SuiteWorker.run(SuiteRunner.java:463)
at org.testng.internal.thread.ThreadUtil.lambda$execute$0(ThreadUtil.java:64)
at java.base/java.util.concurrent.FutureTask.run(FutureTask.java:264)
at java.base/java.util.concurrent.ThreadPoolExecutor.runWorker(ThreadPoolExecutor.java:1136)
at java.base/java.util.concurrent.ThreadPoolExecutor$Worker.run(ThreadPoolExecutor.java:635)
at java.base/java.lang.Thread.run(Thread.java:840)
]]>
            </full-stacktrace>
          </exception> <!-- org.openqa.selenium.NoSuchElementException -->
          <reporter-output>
          </reporter-output>
        </test-method> <!-- verifyStackMainLinksVisible -->
        <test-method is-config="true" signature="tearDown()[pri:0, instance:suite.StacklistTest@31024624]" started-at="2026-03-11T11:37:03 EDT" name="tearDown" finished-at="2026-03-11T11:37:04 EDT" duration-ms="180" status="PASS">
          <reporter-output>
          </reporter-output>
        </test-method> <!-- tearDown -->
        <test-method is-config="true" signature="setup(java.lang.String)[pri:0, instance:suite.StacklistTest@31024624]" started-at="2026-03-11T11:37:17 EDT" name="setup" finished-at="2026-03-11T11:37:18 EDT" duration-ms="1345" status="PASS">
          <params>
            <param index="0">
              <value>
                <![CDATA[chrome]]>
              </value>
            </param>
          </params>
          <reporter-output>
          </reporter-output>
        </test-method> <!-- setup -->
        <test-method is-config="true" signature="setUp()[pri:0, instance:suite.StacklistTest@31024624]" started-at="2026-03-11T11:37:18 EDT" name="setUp" finished-at="2026-03-11T11:37:18 EDT" duration-ms="0" status="PASS">
          <reporter-output>
          </reporter-output>
        </test-method> <!-- setUp -->
        <test-method signature="clickOperationsInStack()[pri:7, instance:suite.StacklistTest@31024624]" started-at="2026-03-11T11:37:18 EDT" name="clickOperationsInStack" finished-at="2026-03-11T11:37:21 EDT" duration-ms="2323" status="PASS">
          <reporter-output>
          </reporter-output>
        </test-method> <!-- clickOperationsInStack -->
        <test-method is-config="true" signature="tearDown()[pri:0, instance:suite.StacklistTest@31024624]" started-at="2026-03-11T11:37:21 EDT" name="tearDown" finished-at="2026-03-11T11:37:21 EDT" duration-ms="169" status="PASS">
          <reporter-output>
          </reporter-output>
        </test-method> <!-- tearDown -->
        <test-method is-config="true" signature="setup(java.lang.String)[pri:0, instance:suite.StacklistTest@31024624]" started-at="2026-03-11T11:38:03 EDT" name="setup" finished-at="2026-03-11T11:38:04 EDT" duration-ms="1080" status="PASS">
          <params>
            <param index="0">
              <value>
                <![CDATA[chrome]]>
              </value>
            </param>
          </params>
          <reporter-output>
          </reporter-output>
        </test-method> <!-- setup -->
        <test-method is-config="true" signature="setUp()[pri:0, instance:suite.StacklistTest@31024624]" started-at="2026-03-11T11:38:04 EDT" name="setUp" finished-at="2026-03-11T11:38:04 EDT" duration-ms="0" status="PASS">
          <reporter-output>
          </reporter-output>
        </test-method> <!-- setUp -->
        <test-method signature="clickTryHereButton()[pri:8, instance:suite.StacklistTest@31024624]" started-at="2026-03-11T11:38:04 EDT" name="clickTryHereButton" finished-at="2026-03-11T11:38:06 EDT" duration-ms="2636" status="PASS">
          <reporter-output>
          </reporter-output>
        </test-method> <!-- clickTryHereButton -->
        <test-method is-config="true" signature="tearDown()[pri:0, instance:suite.StacklistTest@31024624]" started-at="2026-03-11T11:38:06 EDT" name="tearDown" finished-at="2026-03-11T11:38:07 EDT" duration-ms="200" status="PASS">
          <reporter-output>
          </reporter-output>
        </test-method> <!-- tearDown -->
        <test-method is-config="true" signature="setup(java.lang.String)[pri:0, instance:suite.StacklistTest@31024624]" started-at="2026-03-11T11:38:26 EDT" name="setup" finished-at="2026-03-11T11:38:27 EDT" duration-ms="1214" status="PASS">
          <params>
            <param index="0">
              <value>
                <![CDATA[chrome]]>
              </value>
            </param>
          </params>
          <reporter-output>
          </reporter-output>
        </test-method> <!-- setup -->
        <test-method is-config="true" signature="setUp()[pri:0, instance:suite.StacklistTest@31024624]" started-at="2026-03-11T11:38:27 EDT" name="setUp" finished-at="2026-03-11T11:38:27 EDT" duration-ms="0" status="PASS">
          <reporter-output>
          </reporter-output>
        </test-method> <!-- setUp -->
        <test-method signature="runInvalidCodeAndVerifyAlert()[pri:9, instance:suite.StacklistTest@31024624]" started-at="2026-03-11T11:38:27 EDT" name="runInvalidCodeAndVerifyAlert" finished-at="2026-03-11T11:38:30 EDT" duration-ms="3135" status="PASS">
          <reporter-output>
          </reporter-output>
        </test-method> <!-- runInvalidCodeAndVerifyAlert -->
        <test-method is-config="true" signature="tearDown()[pri:0, instance:suite.StacklistTest@31024624]" started-at="2026-03-11T11:38:30 EDT" name="tearDown" finished-at="2026-03-11T11:38:30 EDT" duration-ms="212" status="PASS">
          <reporter-output>
          </reporter-output>
        </test-method> <!-- tearDown -->
        <test-method is-config="true" signature="setup(java.lang.String)[pri:0, instance:suite.StacklistTest@31024624]" started-at="2026-03-11T11:38:30 EDT" name="setup" finished-at="2026-03-11T11:38:31 EDT" duration-ms="1141" status="PASS">
          <params>
            <param index="0">
              <value>
                <![CDATA[chrome]]>
              </value>
            </param>
          </params>
          <reporter-output>
          </reporter-output>
        </test-method> <!-- setup -->
        <test-method is-config="true" signature="setUp()[pri:0, instance:suite.StacklistTest@31024624]" started-at="2026-03-11T11:38:31 EDT" name="setUp" finished-at="2026-03-11T11:38:31 EDT" duration-ms="2" status="PASS">
          <reporter-output>
          </reporter-output>
        </test-method> <!-- setUp -->
        <test-method signature="runValidCodeAndVerifyOutput()[pri:10, instance:suite.StacklistTest@31024624]" started-at="2026-03-11T11:38:31 EDT" name="runValidCodeAndVerifyOutput" finished-at="2026-03-11T11:38:45 EDT" duration-ms="13388" status="PASS">
          <reporter-output>
          </reporter-output>
        </test-method> <!-- runValidCodeAndVerifyOutput -->
        <test-method is-config="true" signature="tearDown()[pri:0, instance:suite.StacklistTest@31024624]" started-at="2026-03-11T11:38:45 EDT" name="tearDown" finished-at="2026-03-11T11:38:46 EDT" duration-ms="1817" status="PASS">
          <reporter-output>
          </reporter-output>
        </test-method> <!-- tearDown -->
        <test-method is-config="true" signature="setup(java.lang.String)[pri:0, instance:suite.StacklistTest@31024624]" started-at="2026-03-11T11:38:46 EDT" name="setup" finished-at="2026-03-11T11:38:48 EDT" duration-ms="1145" status="PASS">
          <params>
            <param index="0">
              <value>
                <![CDATA[chrome]]>
              </value>
            </param>
          </params>
          <reporter-output>
          </reporter-output>
        </test-method> <!-- setup -->
        <test-method is-config="true" signature="setUp()[pri:0, instance:suite.StacklistTest@31024624]" started-at="2026-03-11T11:38:48 EDT" name="setUp" finished-at="2026-03-11T11:38:48 EDT" duration-ms="1" status="PASS">
          <reporter-output>
          </reporter-output>
        </test-method> <!-- setUp -->
        <test-method signature="runCodeUsingExcelData(java.lang.String)[pri:11, instance:suite.StacklistTest@31024624]" started-at="2026-03-11T11:38:48 EDT" name="runCodeUsingExcelData" data-provider="arrayCodeData" finished-at="2026-03-11T11:39:01 EDT" duration-ms="13291" status="PASS">
          <params>
            <param index="0">
              <value>
                <![CDATA[print(5+3)]]>
              </value>
            </param>
          </params>
          <reporter-output>
          </reporter-output>
        </test-method> <!-- runCodeUsingExcelData -->
        <test-method is-config="true" signature="tearDown()[pri:0, instance:suite.StacklistTest@31024624]" started-at="2026-03-11T11:39:01 EDT" name="tearDown" finished-at="2026-03-11T11:39:03 EDT" duration-ms="1803" status="PASS">
          <reporter-output>
          </reporter-output>
        </test-method> <!-- tearDown -->
        <test-method is-config="true" signature="setup(java.lang.String)[pri:0, instance:suite.StacklistTest@31024624]" started-at="2026-03-11T11:39:03 EDT" name="setup" finished-at="2026-03-11T11:39:04 EDT" duration-ms="1144" status="PASS">
          <params>
            <param index="0">
              <value>
                <![CDATA[chrome]]>
              </value>
            </param>
          </params>
          <reporter-output>
          </reporter-output>
        </test-method> <!-- setup -->
        <test-method is-config="true" signature="setUp()[pri:0, instance:suite.StacklistTest@31024624]" started-at="2026-03-11T11:39:04 EDT" name="setUp" finished-at="2026-03-11T11:39:04 EDT" duration-ms="0" status="PASS">
          <reporter-output>
          </reporter-output>
        </test-method> <!-- setUp -->
        <test-method signature="runCodeUsingExcelData(java.lang.String)[pri:11, instance:suite.StacklistTest@31024624]" started-at="2026-03-11T11:39:04 EDT" name="runCodeUsingExcelData" data-provider="arrayCodeData" finished-at="2026-03-11T11:39:18 EDT" duration-ms="14431" status="PASS">
          <params>
            <param index="0">
              <value>
                <![CDATA[print(10)]]>
              </value>
            </param>
          </params>
          <reporter-output>
          </reporter-output>
        </test-method> <!-- runCodeUsingExcelData -->
        <test-method is-config="true" signature="tearDown()[pri:0, instance:suite.StacklistTest@31024624]" started-at="2026-03-11T11:39:18 EDT" name="tearDown" finished-at="2026-03-11T11:39:20 EDT" duration-ms="1764" status="PASS">
          <reporter-output>
          </reporter-output>
        </test-method> <!-- tearDown -->
        <test-method is-config="true" signature="setup(java.lang.String)[pri:0, instance:suite.StacklistTest@31024624]" started-at="2026-03-11T11:39:20 EDT" name="setup" finished-at="2026-03-11T11:39:22 EDT" duration-ms="1449" status="PASS">
          <params>
            <param index="0">
              <value>
                <![CDATA[chrome]]>
              </value>
            </param>
          </params>
          <reporter-output>
          </reporter-output>
        </test-method> <!-- setup -->
        <test-method is-config="true" signature="setUp()[pri:0, instance:suite.StacklistTest@31024624]" started-at="2026-03-11T11:39:22 EDT" name="setUp" finished-at="2026-03-11T11:39:22 EDT" duration-ms="1" status="PASS">
          <reporter-output>
          </reporter-output>
        </test-method> <!-- setUp -->
        <test-method signature="runCodeUsingExcelData(java.lang.String)[pri:11, instance:suite.StacklistTest@31024624]" started-at="2026-03-11T11:39:22 EDT" name="runCodeUsingExcelData" data-provider="arrayCodeData" finished-at="2026-03-11T11:39:38 EDT" duration-ms="16650" status="PASS">
          <params>
            <param index="0">
              <value>
                <![CDATA[print('Hello')]]>
              </value>
            </param>
          </params>
          <reporter-output>
          </reporter-output>
        </test-method> <!-- runCodeUsingExcelData -->
        <test-method is-config="true" signature="tearDown()[pri:0, instance:suite.StacklistTest@31024624]" started-at="2026-03-11T11:39:38 EDT" name="tearDown" finished-at="2026-03-11T11:39:40 EDT" duration-ms="1825" status="PASS">
          <reporter-output>
          </reporter-output>
        </test-method> <!-- tearDown -->
        <test-method is-config="true" signature="setup(java.lang.String)[pri:0, instance:suite.StacklistTest@31024624]" started-at="2026-03-11T11:39:40 EDT" name="setup" finished-at="2026-03-11T11:39:41 EDT" duration-ms="1148" status="PASS">
          <params>
            <param index="0">
              <value>
                <![CDATA[chrome]]>
              </value>
            </param>
          </params>
          <reporter-output>
          </reporter-output>
        </test-method> <!-- setup -->
        <test-method is-config="true" signature="setUp()[pri:0, instance:suite.StacklistTest@31024624]" started-at="2026-03-11T11:39:41 EDT" name="setUp" finished-at="2026-03-11T11:39:41 EDT" duration-ms="1" status="PASS">
          <reporter-output>
          </reporter-output>
        </test-method> <!-- setUp -->
        <test-method signature="runCodeUsingExcelData(java.lang.String)[pri:11, instance:suite.StacklistTest@31024624]" started-at="2026-03-11T11:39:41 EDT" name="runCodeUsingExcelData" data-provider="arrayCodeData" finished-at="2026-03-11T11:39:55 EDT" duration-ms="14218" status="PASS">
          <params>
            <param index="0">
              <value>
                <![CDATA[print(100/2)]]>
              </value>
            </param>
          </params>
          <reporter-output>
          </reporter-output>
        </test-method> <!-- runCodeUsingExcelData -->
        <test-method is-config="true" signature="tearDown()[pri:0, instance:suite.StacklistTest@31024624]" started-at="2026-03-11T11:39:55 EDT" name="tearDown" finished-at="2026-03-11T11:39:57 EDT" duration-ms="1879" status="PASS">
          <reporter-output>
          </reporter-output>
        </test-method> <!-- tearDown -->
        <test-method is-config="true" signature="setup(java.lang.String)[pri:0, instance:suite.StacklistTest@31024624]" started-at="2026-03-11T11:39:57 EDT" name="setup" finished-at="2026-03-11T11:39:58 EDT" duration-ms="1158" status="PASS">
          <params>
            <param index="0">
              <value>
                <![CDATA[chrome]]>
              </value>
            </param>
          </params>
          <reporter-output>
          </reporter-output>
        </test-method> <!-- setup -->
        <test-method is-config="true" signature="setUp()[pri:0, instance:suite.StacklistTest@31024624]" started-at="2026-03-11T11:39:58 EDT" name="setUp" finished-at="2026-03-11T11:39:58 EDT" duration-ms="2" status="PASS">
          <reporter-output>
          </reporter-output>
        </test-method> <!-- setUp -->
        <test-method signature="refreshStackPageAndVerifyNoErrors()[pri:12, instance:suite.StacklistTest@31024624]" started-at="2026-03-11T11:39:58 EDT" name="refreshStackPageAndVerifyNoErrors" finished-at="2026-03-11T11:40:01 EDT" duration-ms="2458" status="PASS">
          <reporter-output>
          </reporter-output>
        </test-method> <!-- refreshStackPageAndVerifyNoErrors -->
        <test-method is-config="true" signature="tearDown()[pri:0, instance:suite.StacklistTest@31024624]" started-at="2026-03-11T11:40:01 EDT" name="tearDown" finished-at="2026-03-11T11:40:01 EDT" duration-ms="189" status="PASS">
          <reporter-output>
          </reporter-output>
        </test-method> <!-- tearDown -->
      </class> <!-- suite.StacklistTest -->
      <class name="suite.LaunchPageTest">
        <test-method is-config="true" signature="setup(java.lang.String)[pri:0, instance:suite.LaunchPageTest@28b46423]" started-at="2026-03-11T11:34:30 EDT" name="setup" finished-at="2026-03-11T11:34:32 EDT" duration-ms="1239" status="PASS">
          <params>
            <param index="0">
              <value>
                <![CDATA[chrome]]>
              </value>
            </param>
          </params>
          <reporter-output>
          </reporter-output>
        </test-method> <!-- setup -->
        <test-method is-config="true" signature="setUpPage()[pri:0, instance:suite.LaunchPageTest@28b46423]" started-at="2026-03-11T11:34:32 EDT" name="setUpPage" finished-at="2026-03-11T11:34:32 EDT" duration-ms="0" status="PASS">
          <reporter-output>
          </reporter-output>
        </test-method> <!-- setUpPage -->
        <test-method signature="verifyLaunchPageTitle()[pri:1, instance:suite.LaunchPageTest@28b46423]" started-at="2026-03-11T11:34:32 EDT" name="verifyLaunchPageTitle" finished-at="2026-03-11T11:34:32 EDT" duration-ms="14" status="PASS">
          <reporter-output>
          </reporter-output>
        </test-method> <!-- verifyLaunchPageTitle -->
        <test-method is-config="true" signature="tearDown()[pri:0, instance:suite.LaunchPageTest@28b46423]" started-at="2026-03-11T11:34:32 EDT" name="tearDown" finished-at="2026-03-11T11:34:32 EDT" duration-ms="187" status="PASS">
          <reporter-output>
          </reporter-output>
        </test-method> <!-- tearDown -->
        <test-method is-config="true" signature="setup(java.lang.String)[pri:0, instance:suite.LaunchPageTest@28b46423]" started-at="2026-03-11T11:35:06 EDT" name="setup" finished-at="2026-03-11T11:35:07 EDT" duration-ms="1389" status="PASS">
          <params>
            <param index="0">
              <value>
                <![CDATA[chrome]]>
              </value>
            </param>
          </params>
          <reporter-output>
          </reporter-output>
        </test-method> <!-- setup -->
        <test-method is-config="true" signature="setUpPage()[pri:0, instance:suite.LaunchPageTest@28b46423]" started-at="2026-03-11T11:35:07 EDT" name="setUpPage" finished-at="2026-03-11T11:35:07 EDT" duration-ms="0" status="PASS">
          <reporter-output>
          </reporter-output>
        </test-method> <!-- setUpPage -->
        <test-method signature="verifyGetStartedButtonAndNavigation()[pri:2, instance:suite.LaunchPageTest@28b46423]" started-at="2026-03-11T11:35:07 EDT" name="verifyGetStartedButtonAndNavigation" finished-at="2026-03-11T11:35:08 EDT" duration-ms="545" status="PASS">
          <reporter-output>
          </reporter-output>
        </test-method> <!-- verifyGetStartedButtonAndNavigation -->
        <test-method is-config="true" signature="tearDown()[pri:0, instance:suite.LaunchPageTest@28b46423]" started-at="2026-03-11T11:35:08 EDT" name="tearDown" finished-at="2026-03-11T11:35:08 EDT" duration-ms="210" status="PASS">
          <reporter-output>
          </reporter-output>
        </test-method> <!-- tearDown -->
      </class> <!-- suite.LaunchPageTest -->
    </test> <!-- ChromeTests -->
  </suite> <!-- Suite -->
</testng-results>
