<?xml version="1.0" encoding="UTF-8"?>
<!-- Generated by org.testng.reporters.JUnitReportReporter -->
<testsuite hostname="RanjaniHeartlaptop" failures="0" tests="2" name="suite.LaunchPageTest" time="5.086" errors="0" timestamp="2026-03-11T14:54:26 EDT" skipped="0">
  <testcase classname="suite.LaunchPageTest" name="verifyLaunchPageTitle" time="2.378"/>
  <testcase classname="suite.LaunchPageTest" name="verifyGetStartedButtonAndNavigation" time="2.708"/>
</testsuite> <!-- suite.LaunchPageTest -->
