<?xml version="1.0" encoding="UTF-8"?>
<!-- Generated by org.testng.reporters.JUnitReportReporter -->
<testsuite hostname="RanjaniHeartlaptop" failures="0" tests="14" name="suite.HomePageTest" time="36.893" errors="0" timestamp="2026-03-11T11:40:02 EDT" skipped="0">
  <testcase classname="suite.HomePageTest" name="verifyNavigationToHomePage" time="1.991"/>
  <testcase classname="suite.HomePageTest" name="verifyDropdownModules" time="2.320"/>
  <testcase classname="suite.HomePageTest" name="verifyWarningMessageForModules" time="2.388"/>
  <testcase classname="suite.HomePageTest" name="verifyWarningMessageForModules" time="2.542"/>
  <testcase classname="suite.HomePageTest" name="verifyWarningMessageForModules" time="2.795"/>
  <testcase classname="suite.HomePageTest" name="verifyWarningMessageForModules" time="2.861"/>
  <testcase classname="suite.HomePageTest" name="verifyWarningMessageForModules" time="3.118"/>
  <testcase classname="suite.HomePageTest" name="verifyWarningMessageForModules" time="2.879"/>
  <testcase classname="suite.HomePageTest" name="verifyWarningMessageForModulesGetstarted" time="2.670"/>
  <testcase classname="suite.HomePageTest" name="verifyWarningMessageForModulesGetstarted" time="3.016"/>
  <testcase classname="suite.HomePageTest" name="verifyWarningMessageForModulesGetstarted" time="2.581"/>
  <testcase classname="suite.HomePageTest" name="verifyWarningMessageForModulesGetstarted" time="2.549"/>
  <testcase classname="suite.HomePageTest" name="verifyWarningMessageForModulesGetstarted" time="2.652"/>
  <testcase classname="suite.HomePageTest" name="verifyWarningMessageForModulesGetstarted" time="2.531"/>
</testsuite> <!-- suite.HomePageTest -->
