<?xml version="1.0" encoding="UTF-8"?>
<!-- Generated by org.testng.reporters.JUnitReportReporter -->
<testsuite hostname="RanjaniHeartlaptop" failures="0" tests="6" name="suite.LoginPageTest" time="26.874" errors="0" timestamp="2026-03-11T14:54:26 EDT" skipped="0">
  <testcase classname="suite.LoginPageTest" name="verifyLogin" time="4.316"/>
  <testcase classname="suite.LoginPageTest" name="verifyLogin" time="4.439"/>
  <testcase classname="suite.LoginPageTest" name="verifyLogin" time="4.776"/>
  <testcase classname="suite.LoginPageTest" name="verifyLogin" time="4.456"/>
  <testcase classname="suite.LoginPageTest" name="verifyLogin" time="4.507"/>
  <testcase classname="suite.LoginPageTest" name="verifyLogin" time="4.380"/>
</testsuite> <!-- suite.LoginPageTest -->
