<?xml version="1.0" encoding="UTF-8"?>
<!-- Generated by org.testng.reporters.JUnitReportReporter -->
<testsuite hostname="RanjaniHeartlaptop" failures="0" tests="10" name="suite.LinkedListTest" time="43.091" errors="0" timestamp="2026-03-11T11:40:02 EDT" skipped="0">
  <testcase classname="suite.LinkedListTest" name="LoginToDsAlgo" time="3.693"/>
  <testcase classname="suite.LinkedListTest" name="clickGetStartedLinkedListPanel" time="3.323"/>
  <testcase classname="suite.LinkedListTest" name="verifyLinkedListPageNavigation" time="3.619"/>
  <testcase classname="suite.LinkedListTest" name="clickIntroductionLink" time="3.858"/>
  <testcase classname="suite.LinkedListTest" name="runInvalidCodeAndVerifyAlert" time="4.456"/>
  <testcase classname="suite.LinkedListTest" name="runValidCodeAndVerifyOutput" time="4.788"/>
  <testcase classname="suite.LinkedListTest" name="runCodeUsingExcelData" time="4.387"/>
  <testcase classname="suite.LinkedListTest" name="runCodeUsingExcelData" time="5.028"/>
  <testcase classname="suite.LinkedListTest" name="runCodeUsingExcelData" time="4.552"/>
  <testcase classname="suite.LinkedListTest" name="runCodeUsingExcelData" time="5.387"/>
</testsuite> <!-- suite.LinkedListTest -->
