<?xml version="1.0" encoding="UTF-8"?>
<!-- Generated by org.testng.reporters.JUnitReportReporter -->
<testsuite hostname="RanjaniHeartlaptop" failures="0" tests="12" name="suite.GraphListTest" time="57.152" errors="0" timestamp="2026-03-11T13:09:14 EDT" skipped="0">
  <testcase classname="suite.GraphListTest" name="LoginToDsAlgo" time="3.244"/>
  <testcase classname="suite.GraphListTest" name="navigateToGraphSection" time="4.021"/>
  <testcase classname="suite.GraphListTest" name="openGraphTopicPage" time="4.069"/>
  <testcase classname="suite.GraphListTest" name="openGraphTopicTryEditor" time="4.807"/>
  <testcase classname="suite.GraphListTest" name="runInvalidGraphTopicCode" time="4.995"/>
  <testcase classname="suite.GraphListTest" name="openGraphRepresentationsPage" time="3.718"/>
  <testcase classname="suite.GraphListTest" name="openGraphRepresentationsTryEditor" time="4.792"/>
  <testcase classname="suite.GraphListTest" name="runInvalidGraphRepresentationsCode" time="5.107"/>
  <testcase classname="suite.GraphListTest" name="runValidGraphCodeUsingDataDriven" time="5.478"/>
  <testcase classname="suite.GraphListTest" name="runValidGraphCodeUsingDataDriven" time="6.179"/>
  <testcase classname="suite.GraphListTest" name="runValidGraphCodeUsingDataDriven" time="5.516"/>
  <testcase classname="suite.GraphListTest" name="runValidGraphCodeUsingDataDriven" time="5.226"/>
</testsuite> <!-- suite.GraphListTest -->
