<?xml version="1.0" encoding="UTF-8"?>
<!-- Generated by org.testng.reporters.JUnitReportReporter -->
<testsuite hostname="RanjaniHeartlaptop" failures="0" tests="2" name="suite.LaunchPageTest" time="3.584" errors="0" timestamp="2026-03-11T11:40:02 EDT" skipped="0">
  <testcase classname="suite.LaunchPageTest" name="verifyLaunchPageTitle" time="1.440"/>
  <testcase classname="suite.LaunchPageTest" name="verifyGetStartedButtonAndNavigation" time="2.144"/>
</testsuite> <!-- suite.LaunchPageTest -->
