<?xml version="1.0" encoding="UTF-8"?>
<!-- Generated by org.testng.reporters.JUnitReportReporter -->
<testsuite hostname="RanjaniHeartlaptop" failures="0" tests="10" name="suite.GraphListTest" time="0.002" errors="1" timestamp="2026-01-23T16:39:57 EST" skipped="9">
  <testcase classname="suite.GraphListTest" name="setUp" time="0.001">
    <error message="Cannot invoke &quot;String.toLowerCase()&quot; because &quot;browser&quot; is null" type="java.lang.NullPointerException">
      <![CDATA[java.lang.NullPointerException: Cannot invoke "String.toLowerCase()" because "browser" is null
at driver.DriverFactory.createDriver(DriverFactory.java:30)
at driver.DriverFactory.getDriver(DriverFactory.java:22)
at suite.GraphListTest.setUp(GraphListTest.java:33)
at java.base/jdk.internal.reflect.DirectMethodHandleAccessor.invoke(DirectMethodHandleAccessor.java:104)
at java.base/java.lang.reflect.Method.invoke(Method.java:565)
at org.testng.internal.invokers.MethodInvocationHelper.invokeMethod(MethodInvocationHelper.java:139)
at org.testng.internal.invokers.MethodInvocationHelper.invokeMethodConsideringTimeout(MethodInvocationHelper.java:69)
at org.testng.internal.invokers.ConfigInvoker.invokeConfigurationMethod(ConfigInvoker.java:390)
at org.testng.internal.invokers.ConfigInvoker.invokeConfigurations(ConfigInvoker.java:325)
at org.testng.internal.invokers.TestMethodWorker.invokeBeforeClassMethods(TestMethodWorker.java:180)
at org.testng.internal.invokers.TestMethodWorker.run(TestMethodWorker.java:122)
at java.base/java.util.ArrayList.forEach(ArrayList.java:1604)
at org.testng.TestRunner.privateRun(TestRunner.java:848)
at org.testng.TestRunner.run(TestRunner.java:621)
at org.testng.SuiteRunner.runTest(SuiteRunner.java:443)
at org.testng.SuiteRunner.runSequentially(SuiteRunner.java:437)
at org.testng.SuiteRunner.privateRun(SuiteRunner.java:397)
at org.testng.SuiteRunner.run(SuiteRunner.java:336)
at org.testng.SuiteRunnerWorker.runSuite(SuiteRunnerWorker.java:52)
at org.testng.SuiteRunnerWorker.run(SuiteRunnerWorker.java:95)
at org.testng.TestNG.runSuitesSequentially(TestNG.java:1280)
at org.testng.TestNG.runSuitesLocally(TestNG.java:1200)
at org.testng.TestNG.runSuites(TestNG.java:1114)
at org.testng.TestNG.run(TestNG.java:1082)
at org.apache.maven.surefire.testng.TestNGExecutor.run(TestNGExecutor.java:155)
at org.apache.maven.surefire.testng.TestNGDirectoryTestSuite.executeMulti(TestNGDirectoryTestSuite.java:169)
at org.apache.maven.surefire.testng.TestNGDirectoryTestSuite.execute(TestNGDirectoryTestSuite.java:88)
at org.apache.maven.surefire.testng.TestNGProvider.invoke(TestNGProvider.java:137)
at org.apache.maven.surefire.booter.ForkedBooter.runSuitesInProcess(ForkedBooter.java:385)
at org.apache.maven.surefire.booter.ForkedBooter.execute(ForkedBooter.java:162)
at org.apache.maven.surefire.booter.ForkedBooter.run(ForkedBooter.java:507)
at org.apache.maven.surefire.booter.ForkedBooter.main(ForkedBooter.java:495)
]]>
    </error>
  </testcase> <!-- setUp -->
  <testcase classname="suite.GraphListTest" name="loginToDsAlgo" time="0.000">
    <skipped/>
  </testcase> <!-- loginToDsAlgo -->
  <testcase classname="suite.GraphListTest" name="navigateToGraphSection" time="0.001">
    <skipped/>
  </testcase> <!-- navigateToGraphSection -->
  <testcase classname="suite.GraphListTest" name="openGraphTopicPage" time="0.000">
    <skipped/>
  </testcase> <!-- openGraphTopicPage -->
  <testcase classname="suite.GraphListTest" name="openGraphTopicTryEditor" time="0.000">
    <skipped/>
  </testcase> <!-- openGraphTopicTryEditor -->
  <testcase classname="suite.GraphListTest" name="runInvalidGraphTopicCode" time="0.000">
    <skipped/>
  </testcase> <!-- runInvalidGraphTopicCode -->
  <testcase classname="suite.GraphListTest" name="openGraphRepresentationsPage" time="0.000">
    <skipped/>
  </testcase> <!-- openGraphRepresentationsPage -->
  <testcase classname="suite.GraphListTest" name="openGraphRepresentationsTryEditor" time="0.000">
    <skipped/>
  </testcase> <!-- openGraphRepresentationsTryEditor -->
  <testcase classname="suite.GraphListTest" name="runInvalidGraphRepresentationsCode" time="0.000">
    <skipped/>
  </testcase> <!-- runInvalidGraphRepresentationsCode -->
  <testcase classname="suite.GraphListTest" name="runValidGraphCodeUsingDataDriven" time="0.000">
    <skipped/>
  </testcase> <!-- runValidGraphCodeUsingDataDriven -->
</testsuite> <!-- suite.GraphListTest -->
