<?xml version="1.0" encoding="UTF-8"?>
<!-- Generated by org.testng.reporters.JUnitXMLReporter -->
<testsuite ignored="0" hostname="RanjaniHeartlaptop" failures="3" tests="83" name="EdgeTests" time="518.871" errors="0" timestamp="2026-03-11T13:46:00 EDT">
  <testcase classname="suite.LaunchPageTest" name="verifyLaunchPageTitle" time="0.177"/>
  <testcase classname="suite.LaunchPageTest" name="verifyGetStartedButtonAndNavigation" time="1.48"/>
  <testcase classname="suite.HomePageTest" name="verifyNavigationToHomePage" time="1.037"/>
  <testcase classname="suite.HomePageTest" name="verifyDropdownModules" time="2.317"/>
  <testcase classname="suite.HomePageTest" name="verifyWarningMessageForModules" time="2.365"/>
  <testcase classname="suite.HomePageTest" name="verifyWarningMessageForModules" time="2.256"/>
  <testcase classname="suite.HomePageTest" name="verifyWarningMessageForModules" time="2.358"/>
  <testcase classname="suite.HomePageTest" name="verifyWarningMessageForModules" time="1.575"/>
  <testcase classname="suite.HomePageTest" name="verifyWarningMessageForModules" time="1.713"/>
  <testcase classname="suite.HomePageTest" name="verifyWarningMessageForModules" time="1.698"/>
  <testcase classname="suite.HomePageTest" name="verifyWarningMessageForModulesGetstarted" time="2.389"/>
  <testcase classname="suite.HomePageTest" name="verifyWarningMessageForModulesGetstarted" time="2.331"/>
  <testcase classname="suite.HomePageTest" name="verifyWarningMessageForModulesGetstarted" time="1.566"/>
  <testcase classname="suite.HomePageTest" name="verifyWarningMessageForModulesGetstarted" time="1.71"/>
  <testcase classname="suite.HomePageTest" name="verifyWarningMessageForModulesGetstarted" time="2.105"/>
  <testcase classname="suite.HomePageTest" name="verifyWarningMessageForModulesGetstarted" time="1.93"/>
  <testcase classname="suite.LoginPageTest" name="verifyLogin" time="1.961"/>
  <testcase classname="suite.LoginPageTest" name="verifyLogin" time="2.286"/>
  <testcase classname="suite.LoginPageTest" name="verifyLogin" time="2.079"/>
  <testcase classname="suite.LoginPageTest" name="verifyLogin" time="2.308"/>
  <testcase classname="suite.LoginPageTest" name="verifyLogin" time="2.065"/>
  <testcase classname="suite.LoginPageTest" name="verifyLogin" time="2.065"/>
  <testcase classname="suite.RegisterDataTest" name="verifyRegister" time="1.962"/>
  <testcase classname="suite.RegisterDataTest" name="verifyRegister" time="1.615"/>
  <testcase classname="suite.RegisterDataTest" name="verifyRegister" time="1.438"/>
  <testcase classname="suite.RegisterDataTest" name="verifyRegister" time="1.438"/>
  <testcase classname="suite.RegisterDataTest" name="verifyRegister" time="2.085"/>
  <testcase classname="suite.RegisterDataTest" name="verifyRegister" time="1.806"/>
  <testcase classname="suite.RegisterDataTest" name="verifyRegister" time="1.848">
    <skipped/>
  </testcase> <!-- verifyRegister -->
  <testcase classname="suite.RegisterDataTest" name="verifyRegister" time="2.039">
    <failure type="java.lang.AssertionError" message="Expected alert: [New Account Created.] but got: [password_mismatch:The two password fields didn’t match.] expected [true] but found [false]">
      <![CDATA[java.lang.AssertionError: Expected alert: [New Account Created.] but got: [password_mismatch:The two password fields didn’t match.] expected [true] but found [false]
at suite.RegisterDataTest.verifyRegister(RegisterDataTest.java:64)
at java.base/java.util.ArrayList.forEach(ArrayList.java:1511)
... Removed 31 stack frames]]>
    </failure>
  </testcase> <!-- verifyRegister -->
  <testcase classname="suite.ArraysListTest" name="LoginToDsAlgo" time="2.201"/>
  <testcase classname="suite.ArraysListTest" name="clickGetStartedArrayPanel" time="2.039">
    <skipped/>
  </testcase> <!-- clickGetStartedArrayPanel -->
  <testcase classname="suite.ArraysListTest" name="clickGetStartedArrayPanel" time="3.105"/>
  <testcase classname="suite.ArraysListTest" name="verifyArrayPageNavigation" time="2.844"/>
  <testcase classname="suite.ArraysListTest" name="clickArraysInPythonLink" time="4.072"/>
  <testcase classname="suite.ArraysListTest" name="clickTryHereButton" time="5.519">
    <skipped/>
  </testcase> <!-- clickTryHereButton -->
  <testcase classname="suite.ArraysListTest" name="clickTryHereButton" time="5.471">
    <failure type="org.openqa.selenium.NoSuchElementException" message="no such element: Unable to locate element: {&amp;quot;method&amp;quot;:&amp;quot;xpath&amp;quot;,&amp;quot;selector&amp;quot;:&amp;quot;//a[@href=&amp;apos;/tryEditor&amp;apos;]&amp;quot;}
  (Session info: MicrosoftEdge=145.0.3800.97)
For documentation on this error, please visit: https://www.selenium.dev/documentation/webdriver/troubleshooting/errors#nosuchelementexception
Build info: version: &amp;apos;4.38.0&amp;apos;, revision: &amp;apos;6b412e825c*&amp;apos;
System info: os.name: &amp;apos;Windows 11&amp;apos;, os.arch: &amp;apos;amd64&amp;apos;, os.version: &amp;apos;10.0&amp;apos;, java.version: &amp;apos;17.0.16&amp;apos;
Driver info: org.openqa.selenium.edge.EdgeDriver
Command: [47f56a25ebbaf753676caa652f75de05, findElement {using=xpath, value=//a[@href=&amp;apos;/tryEditor&amp;apos;]}]
Capabilities {acceptInsecureCerts: false, browserName: MicrosoftEdge, browserVersion: 145.0.3800.97, fedcm:accounts: true, goog:processID: 36484, ms:edgeOptions: {debuggerAddress: localhost:52841}, msedge: {msedgedriverVersion: 145.0.3800.97 (f4c49d5241f1..., userDataDir: C:\Users\HAPPYF~1\AppData\L...}, networkConnectionEnabled: false, pageLoadStrategy: normal, platformName: windows, proxy: Proxy(), se:cdp: ws://localhost:52841/devtoo..., se:cdpVersion: 145.0.3800.97, setWindowRect: true, strictFileInteractability: false, timeouts: {implicit: 0, pageLoad: 300000, script: 30000}, unhandledPromptBehavior: dismiss and notify, webauthn:extension:credBlob: true, webauthn:extension:largeBlob: true, webauthn:extension:minPinLength: true, webauthn:extension:prf: true, webauthn:virtualAuthenticators: true}
Session ID: 47f56a25ebbaf753676caa652f75de05">
      <![CDATA[org.openqa.selenium.NoSuchElementException: no such element: Unable to locate element: {"method":"xpath","selector":"//a[@href='/tryEditor']"}
  (Session info: MicrosoftEdge=145.0.3800.97)
For documentation on this error, please visit: https://www.selenium.dev/documentation/webdriver/troubleshooting/errors#nosuchelementexception
Build info: version: '4.38.0', revision: '6b412e825c*'
System info: os.name: 'Windows 11', os.arch: 'amd64', os.version: '10.0', java.version: '17.0.16'
Driver info: org.openqa.selenium.edge.EdgeDriver
Command: [47f56a25ebbaf753676caa652f75de05, findElement {using=xpath, value=//a[@href='/tryEditor']}]
Capabilities {acceptInsecureCerts: false, browserName: MicrosoftEdge, browserVersion: 145.0.3800.97, fedcm:accounts: true, goog:processID: 36484, ms:edgeOptions: {debuggerAddress: localhost:52841}, msedge: {msedgedriverVersion: 145.0.3800.97 (f4c49d5241f1..., userDataDir: C:\Users\HAPPYF~1\AppData\L...}, networkConnectionEnabled: false, pageLoadStrategy: normal, platformName: windows, proxy: Proxy(), se:cdp: ws://localhost:52841/devtoo..., se:cdpVersion: 145.0.3800.97, setWindowRect: true, strictFileInteractability: false, timeouts: {implicit: 0, pageLoad: 300000, script: 30000}, unhandledPromptBehavior: dismiss and notify, webauthn:extension:credBlob: true, webauthn:extension:largeBlob: true, webauthn:extension:minPinLength: true, webauthn:extension:prf: true, webauthn:virtualAuthenticators: true}
Session ID: 47f56a25ebbaf753676caa652f75de05
at org.openqa.selenium.remote.ErrorCodec.decode(ErrorCodec.java:167)
at org.openqa.selenium.remote.codec.w3c.W3CHttpResponseCodec.decode(W3CHttpResponseCodec.java:138)
at org.openqa.selenium.remote.codec.w3c.W3CHttpResponseCodec.decode(W3CHttpResponseCodec.java:50)
at org.openqa.selenium.remote.HttpCommandExecutor.execute(HttpCommandExecutor.java:215)
at org.openqa.selenium.remote.service.DriverCommandExecutor.invokeExecute(DriverCommandExecutor.java:216)
at org.openqa.selenium.remote.service.DriverCommandExecutor.execute(DriverCommandExecutor.java:174)
at org.openqa.selenium.remote.RemoteWebDriver.execute(RemoteWebDriver.java:557)
at org.openqa.selenium.remote.ElementLocation$ElementFinder$2.findElement(ElementLocation.java:165)
at org.openqa.selenium.remote.ElementLocation.findElement(ElementLocation.java:59)
at org.openqa.selenium.remote.RemoteWebDriver.findElement(RemoteWebDriver.java:380)
at org.openqa.selenium.remote.RemoteWebDriver.findElement(RemoteWebDriver.java:374)
at org.openqa.selenium.support.pagefactory.DefaultElementLocator.findElement(DefaultElementLocator.java:68)
at org.openqa.selenium.support.pagefactory.internal.LocatingElementHandler.invoke(LocatingElementHandler.java:38)
at jdk.proxy2/jdk.proxy2.$Proxy24.click(Unknown Source)
at pageObjects.ArrayListPage.clickTryHere(ArrayListPage.java:83)
at suite.ArraysListTest.clickTryHereButton(ArraysListTest.java:87)
at java.base/java.util.ArrayList.forEach(ArrayList.java:1511)
... Removed 32 stack frames]]>
    </failure>
  </testcase> <!-- clickTryHereButton -->
  <testcase classname="suite.ArraysListTest" name="runInvalidCodeAndVerifyAlert" time="4.508"/>
  <testcase classname="suite.ArraysListTest" name="runValidCodeAndVerifyOutput" time="11.245"/>
  <testcase classname="suite.ArraysListTest" name="runCodeUsingDataDriven" time="4.899"/>
  <testcase classname="suite.ArraysListTest" name="runCodeUsingDataDriven" time="4.157"/>
  <testcase classname="suite.ArraysListTest" name="runCodeUsingDataDriven" time="5.042"/>
  <testcase classname="suite.ArraysListTest" name="runCodeUsingDataDriven" time="6.297"/>
  <testcase classname="suite.GraphListTest" name="LoginToDsAlgo" time="3.031"/>
  <testcase classname="suite.GraphListTest" name="navigateToGraphSection" time="2.808"/>
  <testcase classname="suite.GraphListTest" name="openGraphTopicPage" time="5.189"/>
  <testcase classname="suite.GraphListTest" name="openGraphTopicTryEditor" time="4.736"/>
  <testcase classname="suite.GraphListTest" name="runInvalidGraphTopicCode" time="4.568"/>
  <testcase classname="suite.GraphListTest" name="openGraphRepresentationsPage" time="2.694"/>
  <testcase classname="suite.GraphListTest" name="openGraphRepresentationsTryEditor" time="6.763"/>
  <testcase classname="suite.GraphListTest" name="runInvalidGraphRepresentationsCode" time="4.179"/>
  <testcase classname="suite.GraphListTest" name="runValidGraphCodeUsingDataDriven" time="12.854"/>
  <testcase classname="suite.GraphListTest" name="runValidGraphCodeUsingDataDriven" time="2.134">
    <skipped/>
  </testcase> <!-- runValidGraphCodeUsingDataDriven -->
  <testcase classname="suite.GraphListTest" name="runValidGraphCodeUsingDataDriven" time="4.357"/>
  <testcase classname="suite.GraphListTest" name="runValidGraphCodeUsingDataDriven" time="4.416"/>
  <testcase classname="suite.GraphListTest" name="runValidGraphCodeUsingDataDriven" time="4.172"/>
  <testcase classname="suite.LinkedListTest" name="LoginToDsAlgo" time="4.397"/>
  <testcase classname="suite.LinkedListTest" name="clickGetStartedLinkedListPanel" time="2.021"/>
  <testcase classname="suite.LinkedListTest" name="verifyLinkedListPageNavigation" time="2.441"/>
  <testcase classname="suite.LinkedListTest" name="clickIntroductionLink" time="1.983">
    <skipped/>
  </testcase> <!-- clickIntroductionLink -->
  <testcase classname="suite.LinkedListTest" name="clickIntroductionLink" time="2.737"/>
  <testcase classname="suite.LinkedListTest" name="runInvalidCodeAndVerifyAlert" time="3.675"/>
  <testcase classname="suite.LinkedListTest" name="runValidCodeAndVerifyOutput" time="4.047"/>
  <testcase classname="suite.LinkedListTest" name="runCodeUsingExcelData" time="3.695"/>
  <testcase classname="suite.LinkedListTest" name="runCodeUsingExcelData" time="3.833"/>
  <testcase classname="suite.LinkedListTest" name="runCodeUsingExcelData" time="3.742"/>
  <testcase classname="suite.LinkedListTest" name="runCodeUsingExcelData" time="3.884"/>
  <testcase classname="suite.StacklistTest" name="LoginToDsAlgo" time="2.394"/>
  <testcase classname="suite.StacklistTest" name="clickGetStartedStackPanel" time="2.57"/>
  <testcase classname="suite.StacklistTest" name="verifyStackPageNavigation" time="2.326"/>
  <testcase classname="suite.StacklistTest" name="verifyStackPageLoadTime" time="2.283"/>
  <testcase classname="suite.StacklistTest" name="verifyStackPageHTTPS" time="2.403"/>
  <testcase classname="suite.StacklistTest" name="verifyStackMainLinksVisible" time="2.431">
    <skipped/>
  </testcase> <!-- verifyStackMainLinksVisible -->
  <testcase classname="suite.StacklistTest" name="verifyStackMainLinksVisible" time="2.124">
    <failure type="org.openqa.selenium.NoSuchElementException" message="no such element: Unable to locate element: {&amp;quot;method&amp;quot;:&amp;quot;xpath&amp;quot;,&amp;quot;selector&amp;quot;:&amp;quot;//p[text()=&amp;apos;Implementation&amp;apos;]&amp;quot;}
  (Session info: MicrosoftEdge=145.0.3800.97)
For documentation on this error, please visit: https://www.selenium.dev/documentation/webdriver/troubleshooting/errors#nosuchelementexception
Build info: version: &amp;apos;4.38.0&amp;apos;, revision: &amp;apos;6b412e825c*&amp;apos;
System info: os.name: &amp;apos;Windows 11&amp;apos;, os.arch: &amp;apos;amd64&amp;apos;, os.version: &amp;apos;10.0&amp;apos;, java.version: &amp;apos;17.0.16&amp;apos;
Driver info: org.openqa.selenium.edge.EdgeDriver
Command: [13752c3e97c4c515edf34ff5b3183a5d, findElement {using=xpath, value=//p[text()=&amp;apos;Implementation&amp;apos;]}]
Capabilities {acceptInsecureCerts: false, browserName: MicrosoftEdge, browserVersion: 145.0.3800.97, fedcm:accounts: true, goog:processID: 5264, ms:edgeOptions: {debuggerAddress: localhost:62343}, msedge: {msedgedriverVersion: 145.0.3800.97 (f4c49d5241f1..., userDataDir: C:\Users\HAPPYF~1\AppData\L...}, networkConnectionEnabled: false, pageLoadStrategy: normal, platformName: windows, proxy: Proxy(), se:cdp: ws://localhost:62343/devtoo..., se:cdpVersion: 145.0.3800.97, setWindowRect: true, strictFileInteractability: false, timeouts: {implicit: 0, pageLoad: 300000, script: 30000}, unhandledPromptBehavior: dismiss and notify, webauthn:extension:credBlob: true, webauthn:extension:largeBlob: true, webauthn:extension:minPinLength: true, webauthn:extension:prf: true, webauthn:virtualAuthenticators: true}
Session ID: 13752c3e97c4c515edf34ff5b3183a5d">
      <![CDATA[org.openqa.selenium.NoSuchElementException: no such element: Unable to locate element: {"method":"xpath","selector":"//p[text()='Implementation']"}
  (Session info: MicrosoftEdge=145.0.3800.97)
For documentation on this error, please visit: https://www.selenium.dev/documentation/webdriver/troubleshooting/errors#nosuchelementexception
Build info: version: '4.38.0', revision: '6b412e825c*'
System info: os.name: 'Windows 11', os.arch: 'amd64', os.version: '10.0', java.version: '17.0.16'
Driver info: org.openqa.selenium.edge.EdgeDriver
Command: [13752c3e97c4c515edf34ff5b3183a5d, findElement {using=xpath, value=//p[text()='Implementation']}]
Capabilities {acceptInsecureCerts: false, browserName: MicrosoftEdge, browserVersion: 145.0.3800.97, fedcm:accounts: true, goog:processID: 5264, ms:edgeOptions: {debuggerAddress: localhost:62343}, msedge: {msedgedriverVersion: 145.0.3800.97 (f4c49d5241f1..., userDataDir: C:\Users\HAPPYF~1\AppData\L...}, networkConnectionEnabled: false, pageLoadStrategy: normal, platformName: windows, proxy: Proxy(), se:cdp: ws://localhost:62343/devtoo..., se:cdpVersion: 145.0.3800.97, setWindowRect: true, strictFileInteractability: false, timeouts: {implicit: 0, pageLoad: 300000, script: 30000}, unhandledPromptBehavior: dismiss and notify, webauthn:extension:credBlob: true, webauthn:extension:largeBlob: true, webauthn:extension:minPinLength: true, webauthn:extension:prf: true, webauthn:virtualAuthenticators: true}
Session ID: 13752c3e97c4c515edf34ff5b3183a5d
at org.openqa.selenium.remote.ErrorCodec.decode(ErrorCodec.java:167)
at org.openqa.selenium.remote.codec.w3c.W3CHttpResponseCodec.decode(W3CHttpResponseCodec.java:138)
at org.openqa.selenium.remote.codec.w3c.W3CHttpResponseCodec.decode(W3CHttpResponseCodec.java:50)
at org.openqa.selenium.remote.HttpCommandExecutor.execute(HttpCommandExecutor.java:215)
at org.openqa.selenium.remote.service.DriverCommandExecutor.invokeExecute(DriverCommandExecutor.java:216)
at org.openqa.selenium.remote.service.DriverCommandExecutor.execute(DriverCommandExecutor.java:174)
at org.openqa.selenium.remote.RemoteWebDriver.execute(RemoteWebDriver.java:557)
at org.openqa.selenium.remote.ElementLocation$ElementFinder$2.findElement(ElementLocation.java:165)
at org.openqa.selenium.remote.ElementLocation.findElement(ElementLocation.java:59)
at org.openqa.selenium.remote.RemoteWebDriver.findElement(RemoteWebDriver.java:380)
at org.openqa.selenium.remote.RemoteWebDriver.findElement(RemoteWebDriver.java:374)
at org.openqa.selenium.support.pagefactory.DefaultElementLocator.findElement(DefaultElementLocator.java:68)
at org.openqa.selenium.support.pagefactory.internal.LocatingElementHandler.invoke(LocatingElementHandler.java:38)
at jdk.proxy2/jdk.proxy2.$Proxy24.isDisplayed(Unknown Source)
at pageObjects.StackPage.isImplementInStackDisplayed(StackPage.java:106)
at suite.StacklistTest.verifyStackMainLinksVisible(StacklistTest.java:102)
at java.base/java.util.ArrayList.forEach(ArrayList.java:1511)
... Removed 32 stack frames]]>
    </failure>
  </testcase> <!-- verifyStackMainLinksVisible -->
  <testcase classname="suite.StacklistTest" name="clickOperationsInStack" time="2.781"/>
  <testcase classname="suite.StacklistTest" name="clickTryHereButton" time="3.439"/>
  <testcase classname="suite.StacklistTest" name="runInvalidCodeAndVerifyAlert" time="4.35"/>
  <testcase classname="suite.StacklistTest" name="runValidCodeAndVerifyOutput" time="16.35"/>
  <testcase classname="suite.StacklistTest" name="runCodeUsingExcelData" time="14.139"/>
  <testcase classname="suite.StacklistTest" name="runCodeUsingExcelData" time="14.06"/>
  <testcase classname="suite.StacklistTest" name="runCodeUsingExcelData" time="20.57"/>
  <testcase classname="suite.StacklistTest" name="runCodeUsingExcelData" time="14.766"/>
  <testcase classname="suite.StacklistTest" name="refreshStackPageAndVerifyNoErrors" time="2.36"/>
</testsuite> <!-- EdgeTests -->
